INFO    : 2020-03-24 12:36:03: Finish data partition
INFO    : 2020-03-24 12:39:58: Finish loading 157625 patches from 838 studies
INFO    : 2020-03-24 12:39:58: With 23545 lesion patches and 134080 normal pancreas patches
INFO    : 2020-03-24 12:40:23: Finish loading 18118 patches from 93 studies
INFO    : 2020-03-24 12:40:23: With 2256 lesion patches and 15862 normal pancreas patches
WARNING : 2020-03-24 12:40:23: From /opt/python-3.6-packages/keras/2.2.4/keras/backend/tensorflow_backend.py:74: The name tf.get_default_graph is deprecated. Please use tf.compat.v1.get_default_graph instead.

WARNING : 2020-03-24 12:40:23: From /opt/python-3.6-packages/keras/2.2.4/keras/backend/tensorflow_backend.py:517: The name tf.placeholder is deprecated. Please use tf.compat.v1.placeholder instead.

WARNING : 2020-03-24 12:40:23: From /opt/python-3.6-packages/keras/2.2.4/keras/backend/tensorflow_backend.py:4138: The name tf.random_uniform is deprecated. Please use tf.random.uniform instead.

WARNING : 2020-03-24 12:40:23: From /opt/python-3.6-packages/keras/2.2.4/keras/backend/tensorflow_backend.py:3976: The name tf.nn.max_pool is deprecated. Please use tf.nn.max_pool2d instead.

WARNING : 2020-03-24 12:40:23: From /opt/python-3.6-packages/keras/2.2.4/keras/backend/tensorflow_backend.py:133: The name tf.placeholder_with_default is deprecated. Please use tf.compat.v1.placeholder_with_default instead.

WARNING : 2020-03-24 12:40:23: From /opt/python-3.6-packages/keras/2.2.4/keras/backend/tensorflow_backend.py:3445: calling dropout (from tensorflow.python.ops.nn_ops) with keep_prob is deprecated and will be removed in a future version.
Instructions for updating:
Please use `rate` instead of `keep_prob`. Rate should be set to `rate = 1 - keep_prob`.
WARNING : 2020-03-24 12:40:23: From /opt/python-3.6-packages/keras/2.2.4/keras/optimizers.py:790: The name tf.train.Optimizer is deprecated. Please use tf.compat.v1.train.Optimizer instead.

WARNING : 2020-03-24 12:40:23: From /opt/python-3.6-packages/keras/2.2.4/keras/backend/tensorflow_backend.py:3376: The name tf.log is deprecated. Please use tf.math.log instead.

WARNING : 2020-03-24 12:40:23: From /opt/python-3.6-packages/tensorflow-gpu/1.14.0/tensorflow/python/ops/nn_impl.py:180: add_dispatch_support.<locals>.wrapper (from tensorflow.python.ops.array_ops) is deprecated and will be removed in a future version.
Instructions for updating:
Use tf.where in 2.0, which has the same broadcast rule as np.where
INFO    : 2020-03-24 12:40:24: Setting class weights [0.58780206 3.34731365]
INFO    : 2020-03-24 12:40:24: Start training
INFO    : 2020-03-24 14:06:01: Finish training
INFO    : 2020-03-24 14:06:01: Finish savining model
INFO    : 2020-03-24 14:06:05: Patch threshold: 0.17997291684150696
INFO    : 2020-03-24 14:06:39: Patient threshold: 0.23529411764705882
INFO    : 2020-03-26 15:52:40: Finish data partition
INFO    : 2020-03-26 16:05:23: Finish data partition
INFO    : 2020-03-26 16:06:48: Finish data partition
INFO    : 2020-03-26 16:09:50: Finish loading 157625 patches from 838 studies
INFO    : 2020-03-26 16:09:50: With 23545 lesion patches and 134080 normal pancreas patches
INFO    : 2020-03-26 16:10:13: Finish loading 18118 patches from 93 studies
INFO    : 2020-03-26 16:10:13: With 2256 lesion patches and 15862 normal pancreas patches
WARNING : 2020-03-26 16:10:14: From /opt/python-3.6-packages/keras/2.2.4/keras/backend/tensorflow_backend.py:74: The name tf.get_default_graph is deprecated. Please use tf.compat.v1.get_default_graph instead.

WARNING : 2020-03-26 16:10:14: From /opt/python-3.6-packages/keras/2.2.4/keras/backend/tensorflow_backend.py:517: The name tf.placeholder is deprecated. Please use tf.compat.v1.placeholder instead.

WARNING : 2020-03-26 16:10:14: From /opt/python-3.6-packages/keras/2.2.4/keras/backend/tensorflow_backend.py:4138: The name tf.random_uniform is deprecated. Please use tf.random.uniform instead.

WARNING : 2020-03-26 16:10:14: From /opt/python-3.6-packages/keras/2.2.4/keras/backend/tensorflow_backend.py:3976: The name tf.nn.max_pool is deprecated. Please use tf.nn.max_pool2d instead.

WARNING : 2020-03-26 16:10:14: From /opt/python-3.6-packages/keras/2.2.4/keras/backend/tensorflow_backend.py:133: The name tf.placeholder_with_default is deprecated. Please use tf.compat.v1.placeholder_with_default instead.

WARNING : 2020-03-26 16:10:14: From /opt/python-3.6-packages/keras/2.2.4/keras/backend/tensorflow_backend.py:3445: calling dropout (from tensorflow.python.ops.nn_ops) with keep_prob is deprecated and will be removed in a future version.
Instructions for updating:
Please use `rate` instead of `keep_prob`. Rate should be set to `rate = 1 - keep_prob`.
WARNING : 2020-03-26 16:10:14: From /opt/python-3.6-packages/keras/2.2.4/keras/optimizers.py:790: The name tf.train.Optimizer is deprecated. Please use tf.compat.v1.train.Optimizer instead.

WARNING : 2020-03-26 16:10:14: From /opt/python-3.6-packages/keras/2.2.4/keras/backend/tensorflow_backend.py:3376: The name tf.log is deprecated. Please use tf.math.log instead.

WARNING : 2020-03-26 16:10:14: From /opt/python-3.6-packages/tensorflow-gpu/1.14.0/tensorflow/python/ops/nn_impl.py:180: add_dispatch_support.<locals>.wrapper (from tensorflow.python.ops.array_ops) is deprecated and will be removed in a future version.
Instructions for updating:
Use tf.where in 2.0, which has the same broadcast rule as np.where
INFO    : 2020-03-26 16:10:14: Setting class weights [0.58780206 3.34731365]
INFO    : 2020-03-26 16:10:14: Start training
