INFO    : 2020-03-14 17:46:14: Finish data partition
INFO    : 2020-03-14 17:46:23: Finish loading 44271 patches from 262 studies
INFO    : 2020-03-14 17:46:23: With 7203 lesion patches and 37068 normal pancreas patches
INFO    : 2020-03-14 17:46:24: Finish loading 4737 patches from 29 studies
INFO    : 2020-03-14 17:46:24: With 782 lesion patches and 3955 normal pancreas patches
WARNING : 2020-03-14 17:46:24: From /opt/python-3.6-packages/keras/2.2.4/keras/backend/tensorflow_backend.py:74: The name tf.get_default_graph is deprecated. Please use tf.compat.v1.get_default_graph instead.

WARNING : 2020-03-14 17:46:24: From /opt/python-3.6-packages/keras/2.2.4/keras/backend/tensorflow_backend.py:517: The name tf.placeholder is deprecated. Please use tf.compat.v1.placeholder instead.

WARNING : 2020-03-14 17:46:24: From /opt/python-3.6-packages/keras/2.2.4/keras/backend/tensorflow_backend.py:4138: The name tf.random_uniform is deprecated. Please use tf.random.uniform instead.

WARNING : 2020-03-14 17:46:24: From /opt/python-3.6-packages/keras/2.2.4/keras/backend/tensorflow_backend.py:3976: The name tf.nn.max_pool is deprecated. Please use tf.nn.max_pool2d instead.

WARNING : 2020-03-14 17:46:24: From /opt/python-3.6-packages/keras/2.2.4/keras/backend/tensorflow_backend.py:133: The name tf.placeholder_with_default is deprecated. Please use tf.compat.v1.placeholder_with_default instead.

WARNING : 2020-03-14 17:46:24: From /opt/python-3.6-packages/keras/2.2.4/keras/backend/tensorflow_backend.py:3445: calling dropout (from tensorflow.python.ops.nn_ops) with keep_prob is deprecated and will be removed in a future version.
Instructions for updating:
Please use `rate` instead of `keep_prob`. Rate should be set to `rate = 1 - keep_prob`.
WARNING : 2020-03-14 17:46:24: From /opt/python-3.6-packages/keras/2.2.4/keras/optimizers.py:790: The name tf.train.Optimizer is deprecated. Please use tf.compat.v1.train.Optimizer instead.

WARNING : 2020-03-14 17:46:24: From /opt/python-3.6-packages/keras/2.2.4/keras/backend/tensorflow_backend.py:3376: The name tf.log is deprecated. Please use tf.math.log instead.

WARNING : 2020-03-14 17:46:24: From /opt/python-3.6-packages/tensorflow-gpu/1.14.0/tensorflow/python/ops/nn_impl.py:180: add_dispatch_support.<locals>.wrapper (from tensorflow.python.ops.array_ops) is deprecated and will be removed in a future version.
Instructions for updating:
Use tf.where in 2.0, which has the same broadcast rule as np.where
INFO    : 2020-03-14 17:46:24: Setting class weights [0.59715927 3.07309454]
INFO    : 2020-03-14 17:46:24: Start training
INFO    : 2020-03-14 18:11:29: Finish training
INFO    : 2020-03-14 18:11:30: Finish savining model
INFO    : 2020-03-14 18:11:31: Patch threshold: 0.1478901207447052
INFO    : 2020-03-14 18:11:41: Patient threshold: 0.375
