INFO    : 2020-03-11 15:22:46: Finish data partition
INFO    : 2020-03-11 15:23:57: Finish loading 124274 patches from 640 studies
INFO    : 2020-03-11 15:23:57: With 17560 lesion patches and 106714 normal pancreas patches
INFO    : 2020-03-11 15:24:03: Finish loading 13820 patches from 72 studies
INFO    : 2020-03-11 15:24:03: With 1631 lesion patches and 12189 normal pancreas patches
WARNING : 2020-03-11 15:24:04: From /opt/python-3.6-packages/keras/2.2.4/keras/backend/tensorflow_backend.py:74: The name tf.get_default_graph is deprecated. Please use tf.compat.v1.get_default_graph instead.

WARNING : 2020-03-11 15:24:04: From /opt/python-3.6-packages/keras/2.2.4/keras/backend/tensorflow_backend.py:517: The name tf.placeholder is deprecated. Please use tf.compat.v1.placeholder instead.

WARNING : 2020-03-11 15:24:04: From /opt/python-3.6-packages/keras/2.2.4/keras/backend/tensorflow_backend.py:4138: The name tf.random_uniform is deprecated. Please use tf.random.uniform instead.

WARNING : 2020-03-11 15:24:04: From /opt/python-3.6-packages/keras/2.2.4/keras/backend/tensorflow_backend.py:3976: The name tf.nn.max_pool is deprecated. Please use tf.nn.max_pool2d instead.

WARNING : 2020-03-11 15:24:04: From /opt/python-3.6-packages/keras/2.2.4/keras/backend/tensorflow_backend.py:133: The name tf.placeholder_with_default is deprecated. Please use tf.compat.v1.placeholder_with_default instead.

WARNING : 2020-03-11 15:24:04: From /opt/python-3.6-packages/keras/2.2.4/keras/backend/tensorflow_backend.py:3445: calling dropout (from tensorflow.python.ops.nn_ops) with keep_prob is deprecated and will be removed in a future version.
Instructions for updating:
Please use `rate` instead of `keep_prob`. Rate should be set to `rate = 1 - keep_prob`.
WARNING : 2020-03-11 15:24:04: From /opt/python-3.6-packages/keras/2.2.4/keras/optimizers.py:790: The name tf.train.Optimizer is deprecated. Please use tf.compat.v1.train.Optimizer instead.

WARNING : 2020-03-11 15:24:04: From /opt/python-3.6-packages/keras/2.2.4/keras/backend/tensorflow_backend.py:3376: The name tf.log is deprecated. Please use tf.math.log instead.

WARNING : 2020-03-11 15:24:04: From /opt/python-3.6-packages/tensorflow-gpu/1.14.0/tensorflow/python/ops/nn_impl.py:180: add_dispatch_support.<locals>.wrapper (from tensorflow.python.ops.array_ops) is deprecated and will be removed in a future version.
Instructions for updating:
Use tf.where in 2.0, which has the same broadcast rule as np.where
INFO    : 2020-03-11 15:24:04: Setting class weights [0.58227599 3.53855353]
INFO    : 2020-03-11 15:24:04: Start training
INFO    : 2020-03-11 16:30:15: Finish training
INFO    : 2020-03-11 16:30:16: Finish savining model
INFO    : 2020-03-11 16:30:19: Patch threshold: 0.1570238471031189
INFO    : 2020-03-11 16:30:45: Patient threshold: 0.2777777777777778
