INFO    : 2020-03-29 04:22:35: Finish data partition
INFO    : 2020-03-29 04:22:45: Finish loading 49843 patches from 295 studies
INFO    : 2020-03-29 04:22:45: With 7607 lesion patches and 42236 normal pancreas patches
INFO    : 2020-03-29 04:22:46: Finish loading 5608 patches from 32 studies
INFO    : 2020-03-29 04:22:46: With 953 lesion patches and 4655 normal pancreas patches
WARNING : 2020-03-29 04:22:47: From /opt/python-3.6-packages/keras/2.2.4/keras/backend/tensorflow_backend.py:74: The name tf.get_default_graph is deprecated. Please use tf.compat.v1.get_default_graph instead.

WARNING : 2020-03-29 04:22:47: From /opt/python-3.6-packages/keras/2.2.4/keras/backend/tensorflow_backend.py:517: The name tf.placeholder is deprecated. Please use tf.compat.v1.placeholder instead.

WARNING : 2020-03-29 04:22:47: From /opt/python-3.6-packages/keras/2.2.4/keras/backend/tensorflow_backend.py:4138: The name tf.random_uniform is deprecated. Please use tf.random.uniform instead.

WARNING : 2020-03-29 04:22:47: From /opt/python-3.6-packages/keras/2.2.4/keras/backend/tensorflow_backend.py:3976: The name tf.nn.max_pool is deprecated. Please use tf.nn.max_pool2d instead.

WARNING : 2020-03-29 04:22:47: From /opt/python-3.6-packages/keras/2.2.4/keras/backend/tensorflow_backend.py:133: The name tf.placeholder_with_default is deprecated. Please use tf.compat.v1.placeholder_with_default instead.

WARNING : 2020-03-29 04:22:47: From /opt/python-3.6-packages/keras/2.2.4/keras/backend/tensorflow_backend.py:3445: calling dropout (from tensorflow.python.ops.nn_ops) with keep_prob is deprecated and will be removed in a future version.
Instructions for updating:
Please use `rate` instead of `keep_prob`. Rate should be set to `rate = 1 - keep_prob`.
WARNING : 2020-03-29 04:22:47: From /opt/python-3.6-packages/keras/2.2.4/keras/backend/tensorflow_backend.py:174: The name tf.get_default_session is deprecated. Please use tf.compat.v1.get_default_session instead.

WARNING : 2020-03-29 04:22:47: From /opt/python-3.6-packages/keras/2.2.4/keras/optimizers.py:790: The name tf.train.Optimizer is deprecated. Please use tf.compat.v1.train.Optimizer instead.

WARNING : 2020-03-29 04:22:47: From /opt/python-3.6-packages/tensorflow-gpu/1.14.0/tensorflow/python/ops/nn_impl.py:180: add_dispatch_support.<locals>.wrapper (from tensorflow.python.ops.array_ops) is deprecated and will be removed in a future version.
Instructions for updating:
Use tf.where in 2.0, which has the same broadcast rule as np.where
INFO    : 2020-03-29 04:22:48: Setting class weights [0.59005351 3.27612725]
INFO    : 2020-03-29 04:22:48: Start training
INFO    : 2020-03-29 04:38:18: Finish training
INFO    : 2020-03-29 04:38:18: Finish savining model
INFO    : 2020-03-29 04:38:20: Patch threshold: 0.19685301184654236
INFO    : 2020-03-29 04:38:31: Patient threshold: 0.3
INFO    : 2020-04-01 10:05:49: Finish data partition
INFO    : 2020-04-01 10:05:59: Finish loading 49843 patches from 295 studies
INFO    : 2020-04-01 10:05:59: With 7607 lesion patches and 42236 normal pancreas patches
INFO    : 2020-04-01 10:06:00: Finish loading 5608 patches from 32 studies
INFO    : 2020-04-01 10:06:00: With 953 lesion patches and 4655 normal pancreas patches
WARNING : 2020-04-01 10:06:01: From /opt/python-3.6-packages/keras/2.2.4/keras/backend/tensorflow_backend.py:74: The name tf.get_default_graph is deprecated. Please use tf.compat.v1.get_default_graph instead.

WARNING : 2020-04-01 10:06:01: From /opt/python-3.6-packages/keras/2.2.4/keras/backend/tensorflow_backend.py:517: The name tf.placeholder is deprecated. Please use tf.compat.v1.placeholder instead.

WARNING : 2020-04-01 10:06:01: From /opt/python-3.6-packages/keras/2.2.4/keras/backend/tensorflow_backend.py:4138: The name tf.random_uniform is deprecated. Please use tf.random.uniform instead.

WARNING : 2020-04-01 10:06:01: From /opt/python-3.6-packages/keras/2.2.4/keras/backend/tensorflow_backend.py:3976: The name tf.nn.max_pool is deprecated. Please use tf.nn.max_pool2d instead.

WARNING : 2020-04-01 10:06:01: From /opt/python-3.6-packages/keras/2.2.4/keras/backend/tensorflow_backend.py:133: The name tf.placeholder_with_default is deprecated. Please use tf.compat.v1.placeholder_with_default instead.

WARNING : 2020-04-01 10:06:01: From /opt/python-3.6-packages/keras/2.2.4/keras/backend/tensorflow_backend.py:3445: calling dropout (from tensorflow.python.ops.nn_ops) with keep_prob is deprecated and will be removed in a future version.
Instructions for updating:
Please use `rate` instead of `keep_prob`. Rate should be set to `rate = 1 - keep_prob`.
WARNING : 2020-04-01 10:06:01: From /opt/python-3.6-packages/keras/2.2.4/keras/backend/tensorflow_backend.py:174: The name tf.get_default_session is deprecated. Please use tf.compat.v1.get_default_session instead.

WARNING : 2020-04-01 10:06:01: From /opt/python-3.6-packages/keras/2.2.4/keras/optimizers.py:790: The name tf.train.Optimizer is deprecated. Please use tf.compat.v1.train.Optimizer instead.

WARNING : 2020-04-01 10:06:01: From /opt/python-3.6-packages/tensorflow-gpu/1.14.0/tensorflow/python/ops/nn_impl.py:180: add_dispatch_support.<locals>.wrapper (from tensorflow.python.ops.array_ops) is deprecated and will be removed in a future version.
Instructions for updating:
Use tf.where in 2.0, which has the same broadcast rule as np.where
INFO    : 2020-04-01 10:06:01: Setting class weights [0.59005351 3.27612725]
INFO    : 2020-04-01 10:06:01: Start training
INFO    : 2020-04-01 10:25:57: Finish training
INFO    : 2020-04-01 10:25:58: Finish savining model
INFO    : 2020-04-01 10:25:59: Patch threshold: 0.19266098737716675
INFO    : 2020-04-01 10:26:10: Patient threshold: 0.2647058823529412
