INFO    : 2020-03-30 01:06:58: Finish data partition
INFO    : 2020-03-30 01:07:01: Finish loading 13221 patches from 73 studies
INFO    : 2020-03-30 01:07:01: With 2690 lesion patches and 10531 normal pancreas patches
INFO    : 2020-03-30 01:07:02: Finish loading 1525 patches from 8 studies
INFO    : 2020-03-30 01:07:02: With 295 lesion patches and 1230 normal pancreas patches
WARNING : 2020-03-30 01:07:02: From /opt/python-3.6-packages/keras/2.2.4/keras/backend/tensorflow_backend.py:74: The name tf.get_default_graph is deprecated. Please use tf.compat.v1.get_default_graph instead.

WARNING : 2020-03-30 01:07:02: From /opt/python-3.6-packages/keras/2.2.4/keras/backend/tensorflow_backend.py:517: The name tf.placeholder is deprecated. Please use tf.compat.v1.placeholder instead.

WARNING : 2020-03-30 01:07:02: From /opt/python-3.6-packages/keras/2.2.4/keras/backend/tensorflow_backend.py:4138: The name tf.random_uniform is deprecated. Please use tf.random.uniform instead.

WARNING : 2020-03-30 01:07:02: From /opt/python-3.6-packages/keras/2.2.4/keras/backend/tensorflow_backend.py:3976: The name tf.nn.max_pool is deprecated. Please use tf.nn.max_pool2d instead.

WARNING : 2020-03-30 01:07:02: From /opt/python-3.6-packages/keras/2.2.4/keras/backend/tensorflow_backend.py:133: The name tf.placeholder_with_default is deprecated. Please use tf.compat.v1.placeholder_with_default instead.

WARNING : 2020-03-30 01:07:02: From /opt/python-3.6-packages/keras/2.2.4/keras/backend/tensorflow_backend.py:3445: calling dropout (from tensorflow.python.ops.nn_ops) with keep_prob is deprecated and will be removed in a future version.
Instructions for updating:
Please use `rate` instead of `keep_prob`. Rate should be set to `rate = 1 - keep_prob`.
WARNING : 2020-03-30 01:07:02: From /opt/python-3.6-packages/keras/2.2.4/keras/backend/tensorflow_backend.py:174: The name tf.get_default_session is deprecated. Please use tf.compat.v1.get_default_session instead.

WARNING : 2020-03-30 01:07:03: From /opt/python-3.6-packages/keras/2.2.4/keras/optimizers.py:790: The name tf.train.Optimizer is deprecated. Please use tf.compat.v1.train.Optimizer instead.

WARNING : 2020-03-30 01:07:03: From /opt/python-3.6-packages/tensorflow-gpu/1.14.0/tensorflow/python/ops/nn_impl.py:180: add_dispatch_support.<locals>.wrapper (from tensorflow.python.ops.array_ops) is deprecated and will be removed in a future version.
Instructions for updating:
Use tf.where in 2.0, which has the same broadcast rule as np.where
INFO    : 2020-03-30 01:07:03: Setting class weights [0.62771817 2.45743494]
INFO    : 2020-03-30 01:07:03: Start training
INFO    : 2020-03-30 01:09:54: Finish training
INFO    : 2020-03-30 01:09:54: Finish savining model
INFO    : 2020-03-30 01:09:55: Patch threshold: 0.17031320929527283
INFO    : 2020-03-30 01:09:58: Patient threshold: 0.5
