INFO    : 2020-03-29 11:19:57: Finish data partition
INFO    : 2020-03-29 11:20:48: Finish loading 125195 patches from 648 studies
INFO    : 2020-03-29 11:20:48: With 16944 lesion patches and 108251 normal pancreas patches
INFO    : 2020-03-29 11:20:54: Finish loading 14042 patches from 72 studies
INFO    : 2020-03-29 11:20:54: With 1826 lesion patches and 12216 normal pancreas patches
WARNING : 2020-03-29 11:20:55: From /opt/python-3.6-packages/keras/2.2.4/keras/backend/tensorflow_backend.py:74: The name tf.get_default_graph is deprecated. Please use tf.compat.v1.get_default_graph instead.

WARNING : 2020-03-29 11:20:55: From /opt/python-3.6-packages/keras/2.2.4/keras/backend/tensorflow_backend.py:517: The name tf.placeholder is deprecated. Please use tf.compat.v1.placeholder instead.

WARNING : 2020-03-29 11:20:55: From /opt/python-3.6-packages/keras/2.2.4/keras/backend/tensorflow_backend.py:4138: The name tf.random_uniform is deprecated. Please use tf.random.uniform instead.

WARNING : 2020-03-29 11:20:55: From /opt/python-3.6-packages/keras/2.2.4/keras/backend/tensorflow_backend.py:3976: The name tf.nn.max_pool is deprecated. Please use tf.nn.max_pool2d instead.

WARNING : 2020-03-29 11:20:55: From /opt/python-3.6-packages/keras/2.2.4/keras/backend/tensorflow_backend.py:133: The name tf.placeholder_with_default is deprecated. Please use tf.compat.v1.placeholder_with_default instead.

WARNING : 2020-03-29 11:20:55: From /opt/python-3.6-packages/keras/2.2.4/keras/backend/tensorflow_backend.py:3445: calling dropout (from tensorflow.python.ops.nn_ops) with keep_prob is deprecated and will be removed in a future version.
Instructions for updating:
Please use `rate` instead of `keep_prob`. Rate should be set to `rate = 1 - keep_prob`.
WARNING : 2020-03-29 11:20:55: From /opt/python-3.6-packages/keras/2.2.4/keras/optimizers.py:790: The name tf.train.Optimizer is deprecated. Please use tf.compat.v1.train.Optimizer instead.

WARNING : 2020-03-29 11:20:55: From /opt/python-3.6-packages/keras/2.2.4/keras/backend/tensorflow_backend.py:3376: The name tf.log is deprecated. Please use tf.math.log instead.

WARNING : 2020-03-29 11:20:55: From /opt/python-3.6-packages/tensorflow-gpu/1.14.0/tensorflow/python/ops/nn_impl.py:180: add_dispatch_support.<locals>.wrapper (from tensorflow.python.ops.array_ops) is deprecated and will be removed in a future version.
Instructions for updating:
Use tf.where in 2.0, which has the same broadcast rule as np.where
INFO    : 2020-03-29 11:20:55: Setting class weights [0.57826256 3.69437559]
INFO    : 2020-03-29 11:20:55: Start training
INFO    : 2020-03-29 12:44:07: Finish training
INFO    : 2020-03-29 12:44:07: Finish savining model
INFO    : 2020-03-29 12:44:10: Patch threshold: 0.2071167528629303
INFO    : 2020-03-29 12:44:38: Patient threshold: 0.25
INFO    : 2020-03-31 12:00:51: Finish data partition
INFO    : 2020-03-31 12:01:59: Finish loading 125195 patches from 648 studies
INFO    : 2020-03-31 12:01:59: With 16944 lesion patches and 108251 normal pancreas patches
INFO    : 2020-03-31 12:02:06: Finish loading 14042 patches from 72 studies
INFO    : 2020-03-31 12:02:06: With 1826 lesion patches and 12216 normal pancreas patches
WARNING : 2020-03-31 12:02:06: From /opt/python-3.6-packages/keras/2.2.4/keras/backend/tensorflow_backend.py:74: The name tf.get_default_graph is deprecated. Please use tf.compat.v1.get_default_graph instead.

WARNING : 2020-03-31 12:02:06: From /opt/python-3.6-packages/keras/2.2.4/keras/backend/tensorflow_backend.py:517: The name tf.placeholder is deprecated. Please use tf.compat.v1.placeholder instead.

WARNING : 2020-03-31 12:02:06: From /opt/python-3.6-packages/keras/2.2.4/keras/backend/tensorflow_backend.py:4138: The name tf.random_uniform is deprecated. Please use tf.random.uniform instead.

WARNING : 2020-03-31 12:02:06: From /opt/python-3.6-packages/keras/2.2.4/keras/backend/tensorflow_backend.py:3976: The name tf.nn.max_pool is deprecated. Please use tf.nn.max_pool2d instead.

WARNING : 2020-03-31 12:02:06: From /opt/python-3.6-packages/keras/2.2.4/keras/backend/tensorflow_backend.py:133: The name tf.placeholder_with_default is deprecated. Please use tf.compat.v1.placeholder_with_default instead.

WARNING : 2020-03-31 12:02:06: From /opt/python-3.6-packages/keras/2.2.4/keras/backend/tensorflow_backend.py:3445: calling dropout (from tensorflow.python.ops.nn_ops) with keep_prob is deprecated and will be removed in a future version.
Instructions for updating:
Please use `rate` instead of `keep_prob`. Rate should be set to `rate = 1 - keep_prob`.
WARNING : 2020-03-31 12:02:07: From /opt/python-3.6-packages/keras/2.2.4/keras/optimizers.py:790: The name tf.train.Optimizer is deprecated. Please use tf.compat.v1.train.Optimizer instead.

WARNING : 2020-03-31 12:02:07: From /opt/python-3.6-packages/keras/2.2.4/keras/backend/tensorflow_backend.py:3376: The name tf.log is deprecated. Please use tf.math.log instead.

WARNING : 2020-03-31 12:02:07: From /opt/python-3.6-packages/tensorflow-gpu/1.14.0/tensorflow/python/ops/nn_impl.py:180: add_dispatch_support.<locals>.wrapper (from tensorflow.python.ops.array_ops) is deprecated and will be removed in a future version.
Instructions for updating:
Use tf.where in 2.0, which has the same broadcast rule as np.where
INFO    : 2020-03-31 12:02:07: Setting class weights [0.57826256 3.69437559]
INFO    : 2020-03-31 12:02:07: Start training
INFO    : 2020-03-31 13:11:48: Finish training
INFO    : 2020-03-31 13:11:48: Finish savining model
INFO    : 2020-03-31 13:11:51: Patch threshold: 0.20970171689987183
INFO    : 2020-03-31 13:12:19: Patient threshold: 0.25
INFO    : 2020-03-31 16:09:50: Finish data partition
INFO    : 2020-03-31 16:10:27: Finish loading 125195 patches from 648 studies
INFO    : 2020-03-31 16:10:27: With 16944 lesion patches and 108251 normal pancreas patches
INFO    : 2020-03-31 16:10:31: Finish loading 14042 patches from 72 studies
INFO    : 2020-03-31 16:10:31: With 1826 lesion patches and 12216 normal pancreas patches
WARNING : 2020-03-31 16:10:32: From /opt/python-3.6-packages/keras/2.2.4/keras/backend/tensorflow_backend.py:74: The name tf.get_default_graph is deprecated. Please use tf.compat.v1.get_default_graph instead.

WARNING : 2020-03-31 16:10:32: From /opt/python-3.6-packages/keras/2.2.4/keras/backend/tensorflow_backend.py:517: The name tf.placeholder is deprecated. Please use tf.compat.v1.placeholder instead.

WARNING : 2020-03-31 16:10:32: From /opt/python-3.6-packages/keras/2.2.4/keras/backend/tensorflow_backend.py:4138: The name tf.random_uniform is deprecated. Please use tf.random.uniform instead.

WARNING : 2020-03-31 16:10:32: From /opt/python-3.6-packages/keras/2.2.4/keras/backend/tensorflow_backend.py:3976: The name tf.nn.max_pool is deprecated. Please use tf.nn.max_pool2d instead.

WARNING : 2020-03-31 16:10:32: From /opt/python-3.6-packages/keras/2.2.4/keras/backend/tensorflow_backend.py:133: The name tf.placeholder_with_default is deprecated. Please use tf.compat.v1.placeholder_with_default instead.

WARNING : 2020-03-31 16:10:32: From /opt/python-3.6-packages/keras/2.2.4/keras/backend/tensorflow_backend.py:3445: calling dropout (from tensorflow.python.ops.nn_ops) with keep_prob is deprecated and will be removed in a future version.
Instructions for updating:
Please use `rate` instead of `keep_prob`. Rate should be set to `rate = 1 - keep_prob`.
WARNING : 2020-03-31 16:10:32: From /opt/python-3.6-packages/keras/2.2.4/keras/optimizers.py:790: The name tf.train.Optimizer is deprecated. Please use tf.compat.v1.train.Optimizer instead.

WARNING : 2020-03-31 16:10:32: From /opt/python-3.6-packages/keras/2.2.4/keras/backend/tensorflow_backend.py:3376: The name tf.log is deprecated. Please use tf.math.log instead.

WARNING : 2020-03-31 16:10:32: From /opt/python-3.6-packages/tensorflow-gpu/1.14.0/tensorflow/python/ops/nn_impl.py:180: add_dispatch_support.<locals>.wrapper (from tensorflow.python.ops.array_ops) is deprecated and will be removed in a future version.
Instructions for updating:
Use tf.where in 2.0, which has the same broadcast rule as np.where
INFO    : 2020-03-31 16:10:32: Setting class weights [0.57826256 3.69437559]
INFO    : 2020-03-31 16:10:32: Start training
INFO    : 2020-03-31 17:25:23: Finish training
INFO    : 2020-03-31 17:25:23: Finish savining model
INFO    : 2020-03-31 17:25:26: Patch threshold: 0.21683180332183838
INFO    : 2020-03-31 17:25:53: Patient threshold: 0.25
