INFO    : 2020-03-28 16:36:15: Finish data partition
INFO    : 2020-03-28 16:36:24: Finish loading 49821 patches from 295 studies
INFO    : 2020-03-28 16:36:24: With 8051 lesion patches and 41770 normal pancreas patches
INFO    : 2020-03-28 16:36:26: Finish loading 5660 patches from 32 studies
INFO    : 2020-03-28 16:36:26: With 900 lesion patches and 4760 normal pancreas patches
WARNING : 2020-03-28 16:36:26: From /opt/python-3.6-packages/keras/2.2.4/keras/backend/tensorflow_backend.py:74: The name tf.get_default_graph is deprecated. Please use tf.compat.v1.get_default_graph instead.

WARNING : 2020-03-28 16:36:26: From /opt/python-3.6-packages/keras/2.2.4/keras/backend/tensorflow_backend.py:517: The name tf.placeholder is deprecated. Please use tf.compat.v1.placeholder instead.

WARNING : 2020-03-28 16:36:26: From /opt/python-3.6-packages/keras/2.2.4/keras/backend/tensorflow_backend.py:4138: The name tf.random_uniform is deprecated. Please use tf.random.uniform instead.

WARNING : 2020-03-28 16:36:26: From /opt/python-3.6-packages/keras/2.2.4/keras/backend/tensorflow_backend.py:3976: The name tf.nn.max_pool is deprecated. Please use tf.nn.max_pool2d instead.

WARNING : 2020-03-28 16:36:26: From /opt/python-3.6-packages/keras/2.2.4/keras/backend/tensorflow_backend.py:133: The name tf.placeholder_with_default is deprecated. Please use tf.compat.v1.placeholder_with_default instead.

WARNING : 2020-03-28 16:36:26: From /opt/python-3.6-packages/keras/2.2.4/keras/backend/tensorflow_backend.py:3445: calling dropout (from tensorflow.python.ops.nn_ops) with keep_prob is deprecated and will be removed in a future version.
Instructions for updating:
Please use `rate` instead of `keep_prob`. Rate should be set to `rate = 1 - keep_prob`.
WARNING : 2020-03-28 16:36:26: From /opt/python-3.6-packages/keras/2.2.4/keras/backend/tensorflow_backend.py:174: The name tf.get_default_session is deprecated. Please use tf.compat.v1.get_default_session instead.

WARNING : 2020-03-28 16:36:26: From /opt/python-3.6-packages/keras/2.2.4/keras/optimizers.py:790: The name tf.train.Optimizer is deprecated. Please use tf.compat.v1.train.Optimizer instead.

WARNING : 2020-03-28 16:36:26: From /opt/python-3.6-packages/tensorflow-gpu/1.14.0/tensorflow/python/ops/nn_impl.py:180: add_dispatch_support.<locals>.wrapper (from tensorflow.python.ops.array_ops) is deprecated and will be removed in a future version.
Instructions for updating:
Use tf.where in 2.0, which has the same broadcast rule as np.where
INFO    : 2020-03-28 16:36:27: Setting class weights [0.59637299 3.09408769]
INFO    : 2020-03-28 16:36:27: Start training
INFO    : 2020-03-28 16:50:39: Finish training
INFO    : 2020-03-28 16:50:39: Finish savining model
INFO    : 2020-03-28 16:50:40: Patch threshold: 0.2638186514377594
INFO    : 2020-03-28 16:50:51: Patient threshold: 0.25
INFO    : 2020-03-31 22:00:39: Finish data partition
INFO    : 2020-03-31 22:00:49: Finish loading 49821 patches from 295 studies
INFO    : 2020-03-31 22:00:49: With 8051 lesion patches and 41770 normal pancreas patches
INFO    : 2020-03-31 22:00:50: Finish loading 5660 patches from 32 studies
INFO    : 2020-03-31 22:00:50: With 900 lesion patches and 4760 normal pancreas patches
WARNING : 2020-03-31 22:00:51: From /opt/python-3.6-packages/keras/2.2.4/keras/backend/tensorflow_backend.py:74: The name tf.get_default_graph is deprecated. Please use tf.compat.v1.get_default_graph instead.

WARNING : 2020-03-31 22:00:51: From /opt/python-3.6-packages/keras/2.2.4/keras/backend/tensorflow_backend.py:517: The name tf.placeholder is deprecated. Please use tf.compat.v1.placeholder instead.

WARNING : 2020-03-31 22:00:51: From /opt/python-3.6-packages/keras/2.2.4/keras/backend/tensorflow_backend.py:4138: The name tf.random_uniform is deprecated. Please use tf.random.uniform instead.

WARNING : 2020-03-31 22:00:51: From /opt/python-3.6-packages/keras/2.2.4/keras/backend/tensorflow_backend.py:3976: The name tf.nn.max_pool is deprecated. Please use tf.nn.max_pool2d instead.

WARNING : 2020-03-31 22:00:51: From /opt/python-3.6-packages/keras/2.2.4/keras/backend/tensorflow_backend.py:133: The name tf.placeholder_with_default is deprecated. Please use tf.compat.v1.placeholder_with_default instead.

WARNING : 2020-03-31 22:00:51: From /opt/python-3.6-packages/keras/2.2.4/keras/backend/tensorflow_backend.py:3445: calling dropout (from tensorflow.python.ops.nn_ops) with keep_prob is deprecated and will be removed in a future version.
Instructions for updating:
Please use `rate` instead of `keep_prob`. Rate should be set to `rate = 1 - keep_prob`.
WARNING : 2020-03-31 22:00:51: From /opt/python-3.6-packages/keras/2.2.4/keras/backend/tensorflow_backend.py:174: The name tf.get_default_session is deprecated. Please use tf.compat.v1.get_default_session instead.

WARNING : 2020-03-31 22:00:51: From /opt/python-3.6-packages/keras/2.2.4/keras/optimizers.py:790: The name tf.train.Optimizer is deprecated. Please use tf.compat.v1.train.Optimizer instead.

WARNING : 2020-03-31 22:00:51: From /opt/python-3.6-packages/tensorflow-gpu/1.14.0/tensorflow/python/ops/nn_impl.py:180: add_dispatch_support.<locals>.wrapper (from tensorflow.python.ops.array_ops) is deprecated and will be removed in a future version.
Instructions for updating:
Use tf.where in 2.0, which has the same broadcast rule as np.where
INFO    : 2020-03-31 22:00:51: Setting class weights [0.59637299 3.09408769]
INFO    : 2020-03-31 22:00:51: Start training
INFO    : 2020-03-31 22:23:57: Finish training
INFO    : 2020-03-31 22:23:57: Finish savining model
INFO    : 2020-03-31 22:23:58: Patch threshold: 0.15414810180664062
INFO    : 2020-03-31 22:24:10: Patient threshold: 0.3333333333333333
