INFO    : 2020-03-29 12:44:48: Finish data partition
INFO    : 2020-03-29 12:44:55: Finish loading 36736 patches from 221 studies
INFO    : 2020-03-29 12:44:55: With 5877 lesion patches and 30859 normal pancreas patches
INFO    : 2020-03-29 12:44:56: Finish loading 4857 patches from 25 studies
INFO    : 2020-03-29 12:44:56: With 726 lesion patches and 4131 normal pancreas patches
WARNING : 2020-03-29 12:44:57: From /opt/python-3.6-packages/keras/2.2.4/keras/backend/tensorflow_backend.py:74: The name tf.get_default_graph is deprecated. Please use tf.compat.v1.get_default_graph instead.

WARNING : 2020-03-29 12:44:57: From /opt/python-3.6-packages/keras/2.2.4/keras/backend/tensorflow_backend.py:517: The name tf.placeholder is deprecated. Please use tf.compat.v1.placeholder instead.

WARNING : 2020-03-29 12:44:57: From /opt/python-3.6-packages/keras/2.2.4/keras/backend/tensorflow_backend.py:4138: The name tf.random_uniform is deprecated. Please use tf.random.uniform instead.

WARNING : 2020-03-29 12:44:57: From /opt/python-3.6-packages/keras/2.2.4/keras/backend/tensorflow_backend.py:3976: The name tf.nn.max_pool is deprecated. Please use tf.nn.max_pool2d instead.

WARNING : 2020-03-29 12:44:57: From /opt/python-3.6-packages/keras/2.2.4/keras/backend/tensorflow_backend.py:133: The name tf.placeholder_with_default is deprecated. Please use tf.compat.v1.placeholder_with_default instead.

WARNING : 2020-03-29 12:44:57: From /opt/python-3.6-packages/keras/2.2.4/keras/backend/tensorflow_backend.py:3445: calling dropout (from tensorflow.python.ops.nn_ops) with keep_prob is deprecated and will be removed in a future version.
Instructions for updating:
Please use `rate` instead of `keep_prob`. Rate should be set to `rate = 1 - keep_prob`.
WARNING : 2020-03-29 12:44:57: From /opt/python-3.6-packages/keras/2.2.4/keras/backend/tensorflow_backend.py:174: The name tf.get_default_session is deprecated. Please use tf.compat.v1.get_default_session instead.

WARNING : 2020-03-29 12:44:57: From /opt/python-3.6-packages/keras/2.2.4/keras/optimizers.py:790: The name tf.train.Optimizer is deprecated. Please use tf.compat.v1.train.Optimizer instead.

WARNING : 2020-03-29 12:44:57: From /opt/python-3.6-packages/tensorflow-gpu/1.14.0/tensorflow/python/ops/nn_impl.py:180: add_dispatch_support.<locals>.wrapper (from tensorflow.python.ops.array_ops) is deprecated and will be removed in a future version.
Instructions for updating:
Use tf.where in 2.0, which has the same broadcast rule as np.where
INFO    : 2020-03-29 12:44:57: Setting class weights [0.59522344 3.12540412]
INFO    : 2020-03-29 12:44:57: Start training
INFO    : 2020-03-29 12:55:10: Finish training
INFO    : 2020-03-29 12:55:10: Finish savining model
INFO    : 2020-03-29 12:55:12: Patch threshold: 0.15813279151916504
INFO    : 2020-03-29 12:55:20: Patient threshold: 0.2857142857142857
INFO    : 2020-03-31 13:12:28: Finish data partition
INFO    : 2020-03-31 13:12:59: Finish loading 36736 patches from 221 studies
INFO    : 2020-03-31 13:12:59: With 5877 lesion patches and 30859 normal pancreas patches
INFO    : 2020-03-31 13:13:04: Finish loading 4857 patches from 25 studies
INFO    : 2020-03-31 13:13:04: With 726 lesion patches and 4131 normal pancreas patches
WARNING : 2020-03-31 13:13:04: From /opt/python-3.6-packages/keras/2.2.4/keras/backend/tensorflow_backend.py:74: The name tf.get_default_graph is deprecated. Please use tf.compat.v1.get_default_graph instead.

WARNING : 2020-03-31 13:13:04: From /opt/python-3.6-packages/keras/2.2.4/keras/backend/tensorflow_backend.py:517: The name tf.placeholder is deprecated. Please use tf.compat.v1.placeholder instead.

WARNING : 2020-03-31 13:13:04: From /opt/python-3.6-packages/keras/2.2.4/keras/backend/tensorflow_backend.py:4138: The name tf.random_uniform is deprecated. Please use tf.random.uniform instead.

WARNING : 2020-03-31 13:13:04: From /opt/python-3.6-packages/keras/2.2.4/keras/backend/tensorflow_backend.py:3976: The name tf.nn.max_pool is deprecated. Please use tf.nn.max_pool2d instead.

WARNING : 2020-03-31 13:13:04: From /opt/python-3.6-packages/keras/2.2.4/keras/backend/tensorflow_backend.py:133: The name tf.placeholder_with_default is deprecated. Please use tf.compat.v1.placeholder_with_default instead.

WARNING : 2020-03-31 13:13:04: From /opt/python-3.6-packages/keras/2.2.4/keras/backend/tensorflow_backend.py:3445: calling dropout (from tensorflow.python.ops.nn_ops) with keep_prob is deprecated and will be removed in a future version.
Instructions for updating:
Please use `rate` instead of `keep_prob`. Rate should be set to `rate = 1 - keep_prob`.
WARNING : 2020-03-31 13:13:04: From /opt/python-3.6-packages/keras/2.2.4/keras/backend/tensorflow_backend.py:174: The name tf.get_default_session is deprecated. Please use tf.compat.v1.get_default_session instead.

WARNING : 2020-03-31 13:13:05: From /opt/python-3.6-packages/keras/2.2.4/keras/optimizers.py:790: The name tf.train.Optimizer is deprecated. Please use tf.compat.v1.train.Optimizer instead.

WARNING : 2020-03-31 13:13:05: From /opt/python-3.6-packages/tensorflow-gpu/1.14.0/tensorflow/python/ops/nn_impl.py:180: add_dispatch_support.<locals>.wrapper (from tensorflow.python.ops.array_ops) is deprecated and will be removed in a future version.
Instructions for updating:
Use tf.where in 2.0, which has the same broadcast rule as np.where
INFO    : 2020-03-31 13:13:05: Setting class weights [0.59522344 3.12540412]
INFO    : 2020-03-31 13:13:05: Start training
INFO    : 2020-03-31 13:34:15: Finish training
INFO    : 2020-03-31 13:34:15: Finish savining model
INFO    : 2020-03-31 13:34:17: Patch threshold: 0.1699865460395813
INFO    : 2020-03-31 13:34:25: Patient threshold: 0.4
INFO    : 2020-03-31 17:26:03: Finish data partition
INFO    : 2020-03-31 17:26:10: Finish loading 36736 patches from 221 studies
INFO    : 2020-03-31 17:26:10: With 5877 lesion patches and 30859 normal pancreas patches
INFO    : 2020-03-31 17:26:11: Finish loading 4857 patches from 25 studies
INFO    : 2020-03-31 17:26:11: With 726 lesion patches and 4131 normal pancreas patches
WARNING : 2020-03-31 17:26:11: From /opt/python-3.6-packages/keras/2.2.4/keras/backend/tensorflow_backend.py:74: The name tf.get_default_graph is deprecated. Please use tf.compat.v1.get_default_graph instead.

WARNING : 2020-03-31 17:26:11: From /opt/python-3.6-packages/keras/2.2.4/keras/backend/tensorflow_backend.py:517: The name tf.placeholder is deprecated. Please use tf.compat.v1.placeholder instead.

WARNING : 2020-03-31 17:26:11: From /opt/python-3.6-packages/keras/2.2.4/keras/backend/tensorflow_backend.py:4138: The name tf.random_uniform is deprecated. Please use tf.random.uniform instead.

WARNING : 2020-03-31 17:26:11: From /opt/python-3.6-packages/keras/2.2.4/keras/backend/tensorflow_backend.py:3976: The name tf.nn.max_pool is deprecated. Please use tf.nn.max_pool2d instead.

WARNING : 2020-03-31 17:26:11: From /opt/python-3.6-packages/keras/2.2.4/keras/backend/tensorflow_backend.py:133: The name tf.placeholder_with_default is deprecated. Please use tf.compat.v1.placeholder_with_default instead.

WARNING : 2020-03-31 17:26:11: From /opt/python-3.6-packages/keras/2.2.4/keras/backend/tensorflow_backend.py:3445: calling dropout (from tensorflow.python.ops.nn_ops) with keep_prob is deprecated and will be removed in a future version.
Instructions for updating:
Please use `rate` instead of `keep_prob`. Rate should be set to `rate = 1 - keep_prob`.
WARNING : 2020-03-31 17:26:11: From /opt/python-3.6-packages/keras/2.2.4/keras/backend/tensorflow_backend.py:174: The name tf.get_default_session is deprecated. Please use tf.compat.v1.get_default_session instead.

WARNING : 2020-03-31 17:26:12: From /opt/python-3.6-packages/keras/2.2.4/keras/optimizers.py:790: The name tf.train.Optimizer is deprecated. Please use tf.compat.v1.train.Optimizer instead.

WARNING : 2020-03-31 17:26:12: From /opt/python-3.6-packages/tensorflow-gpu/1.14.0/tensorflow/python/ops/nn_impl.py:180: add_dispatch_support.<locals>.wrapper (from tensorflow.python.ops.array_ops) is deprecated and will be removed in a future version.
Instructions for updating:
Use tf.where in 2.0, which has the same broadcast rule as np.where
INFO    : 2020-03-31 17:26:12: Setting class weights [0.59522344 3.12540412]
INFO    : 2020-03-31 17:26:12: Start training
INFO    : 2020-03-31 17:41:53: Finish training
INFO    : 2020-03-31 17:41:54: Finish savining model
INFO    : 2020-03-31 17:41:55: Patch threshold: 0.2652663290500641
INFO    : 2020-03-31 17:42:03: Patient threshold: 0.3
