INFO    : 2020-03-29 19:14:37: Finish data partition
INFO    : 2020-03-29 19:14:44: Finish loading 36484 patches from 221 studies
INFO    : 2020-03-29 19:14:44: With 5864 lesion patches and 30620 normal pancreas patches
INFO    : 2020-03-29 19:14:45: Finish loading 4477 patches from 25 studies
INFO    : 2020-03-29 19:14:45: With 577 lesion patches and 3900 normal pancreas patches
WARNING : 2020-03-29 19:14:46: From /opt/python-3.6-packages/keras/2.2.4/keras/backend/tensorflow_backend.py:74: The name tf.get_default_graph is deprecated. Please use tf.compat.v1.get_default_graph instead.

WARNING : 2020-03-29 19:14:46: From /opt/python-3.6-packages/keras/2.2.4/keras/backend/tensorflow_backend.py:517: The name tf.placeholder is deprecated. Please use tf.compat.v1.placeholder instead.

WARNING : 2020-03-29 19:14:46: From /opt/python-3.6-packages/keras/2.2.4/keras/backend/tensorflow_backend.py:4138: The name tf.random_uniform is deprecated. Please use tf.random.uniform instead.

WARNING : 2020-03-29 19:14:46: From /opt/python-3.6-packages/keras/2.2.4/keras/backend/tensorflow_backend.py:3976: The name tf.nn.max_pool is deprecated. Please use tf.nn.max_pool2d instead.

WARNING : 2020-03-29 19:14:46: From /opt/python-3.6-packages/keras/2.2.4/keras/backend/tensorflow_backend.py:133: The name tf.placeholder_with_default is deprecated. Please use tf.compat.v1.placeholder_with_default instead.

WARNING : 2020-03-29 19:14:46: From /opt/python-3.6-packages/keras/2.2.4/keras/backend/tensorflow_backend.py:3445: calling dropout (from tensorflow.python.ops.nn_ops) with keep_prob is deprecated and will be removed in a future version.
Instructions for updating:
Please use `rate` instead of `keep_prob`. Rate should be set to `rate = 1 - keep_prob`.
WARNING : 2020-03-29 19:14:46: From /opt/python-3.6-packages/keras/2.2.4/keras/backend/tensorflow_backend.py:174: The name tf.get_default_session is deprecated. Please use tf.compat.v1.get_default_session instead.

WARNING : 2020-03-29 19:14:46: From /opt/python-3.6-packages/keras/2.2.4/keras/optimizers.py:790: The name tf.train.Optimizer is deprecated. Please use tf.compat.v1.train.Optimizer instead.

WARNING : 2020-03-29 19:14:46: From /opt/python-3.6-packages/tensorflow-gpu/1.14.0/tensorflow/python/ops/nn_impl.py:180: add_dispatch_support.<locals>.wrapper (from tensorflow.python.ops.array_ops) is deprecated and will be removed in a future version.
Instructions for updating:
Use tf.where in 2.0, which has the same broadcast rule as np.where
INFO    : 2020-03-29 19:14:46: Setting class weights [0.59575441 3.11084584]
INFO    : 2020-03-29 19:14:46: Start training
INFO    : 2020-03-29 19:23:47: Finish training
INFO    : 2020-03-29 19:23:47: Finish savining model
INFO    : 2020-03-29 19:23:48: Patch threshold: 0.28514817357063293
INFO    : 2020-03-29 19:23:56: Patient threshold: 0.2222222222222222
INFO    : 2020-04-01 00:16:35: Finish data partition
INFO    : 2020-04-01 00:16:42: Finish loading 36484 patches from 221 studies
INFO    : 2020-04-01 00:16:42: With 5864 lesion patches and 30620 normal pancreas patches
INFO    : 2020-04-01 00:16:42: Finish loading 4477 patches from 25 studies
INFO    : 2020-04-01 00:16:42: With 577 lesion patches and 3900 normal pancreas patches
WARNING : 2020-04-01 00:16:43: From /opt/python-3.6-packages/keras/2.2.4/keras/backend/tensorflow_backend.py:74: The name tf.get_default_graph is deprecated. Please use tf.compat.v1.get_default_graph instead.

WARNING : 2020-04-01 00:16:43: From /opt/python-3.6-packages/keras/2.2.4/keras/backend/tensorflow_backend.py:517: The name tf.placeholder is deprecated. Please use tf.compat.v1.placeholder instead.

WARNING : 2020-04-01 00:16:43: From /opt/python-3.6-packages/keras/2.2.4/keras/backend/tensorflow_backend.py:4138: The name tf.random_uniform is deprecated. Please use tf.random.uniform instead.

WARNING : 2020-04-01 00:16:43: From /opt/python-3.6-packages/keras/2.2.4/keras/backend/tensorflow_backend.py:3976: The name tf.nn.max_pool is deprecated. Please use tf.nn.max_pool2d instead.

WARNING : 2020-04-01 00:16:43: From /opt/python-3.6-packages/keras/2.2.4/keras/backend/tensorflow_backend.py:133: The name tf.placeholder_with_default is deprecated. Please use tf.compat.v1.placeholder_with_default instead.

WARNING : 2020-04-01 00:16:43: From /opt/python-3.6-packages/keras/2.2.4/keras/backend/tensorflow_backend.py:3445: calling dropout (from tensorflow.python.ops.nn_ops) with keep_prob is deprecated and will be removed in a future version.
Instructions for updating:
Please use `rate` instead of `keep_prob`. Rate should be set to `rate = 1 - keep_prob`.
WARNING : 2020-04-01 00:16:43: From /opt/python-3.6-packages/keras/2.2.4/keras/backend/tensorflow_backend.py:174: The name tf.get_default_session is deprecated. Please use tf.compat.v1.get_default_session instead.

WARNING : 2020-04-01 00:16:43: From /opt/python-3.6-packages/keras/2.2.4/keras/optimizers.py:790: The name tf.train.Optimizer is deprecated. Please use tf.compat.v1.train.Optimizer instead.

WARNING : 2020-04-01 00:16:43: From /opt/python-3.6-packages/tensorflow-gpu/1.14.0/tensorflow/python/ops/nn_impl.py:180: add_dispatch_support.<locals>.wrapper (from tensorflow.python.ops.array_ops) is deprecated and will be removed in a future version.
Instructions for updating:
Use tf.where in 2.0, which has the same broadcast rule as np.where
INFO    : 2020-04-01 00:16:43: Setting class weights [0.59575441 3.11084584]
INFO    : 2020-04-01 00:16:43: Start training
INFO    : 2020-04-01 00:33:04: Finish training
INFO    : 2020-04-01 00:33:05: Finish savining model
INFO    : 2020-04-01 00:33:06: Patch threshold: 0.3105182349681854
INFO    : 2020-04-01 00:33:14: Patient threshold: 0.2222222222222222
