INFO    : 2020-03-29 22:09:34: Finish data partition
INFO    : 2020-03-29 22:10:22: Finish loading 126011 patches from 648 studies
INFO    : 2020-03-29 22:10:22: With 16999 lesion patches and 109012 normal pancreas patches
INFO    : 2020-03-29 22:10:28: Finish loading 14005 patches from 72 studies
INFO    : 2020-03-29 22:10:28: With 1590 lesion patches and 12415 normal pancreas patches
WARNING : 2020-03-29 22:10:29: From /opt/python-3.6-packages/keras/2.2.4/keras/backend/tensorflow_backend.py:74: The name tf.get_default_graph is deprecated. Please use tf.compat.v1.get_default_graph instead.

WARNING : 2020-03-29 22:10:29: From /opt/python-3.6-packages/keras/2.2.4/keras/backend/tensorflow_backend.py:517: The name tf.placeholder is deprecated. Please use tf.compat.v1.placeholder instead.

WARNING : 2020-03-29 22:10:29: From /opt/python-3.6-packages/keras/2.2.4/keras/backend/tensorflow_backend.py:4138: The name tf.random_uniform is deprecated. Please use tf.random.uniform instead.

WARNING : 2020-03-29 22:10:29: From /opt/python-3.6-packages/keras/2.2.4/keras/backend/tensorflow_backend.py:3976: The name tf.nn.max_pool is deprecated. Please use tf.nn.max_pool2d instead.

WARNING : 2020-03-29 22:10:29: From /opt/python-3.6-packages/keras/2.2.4/keras/backend/tensorflow_backend.py:133: The name tf.placeholder_with_default is deprecated. Please use tf.compat.v1.placeholder_with_default instead.

WARNING : 2020-03-29 22:10:29: From /opt/python-3.6-packages/keras/2.2.4/keras/backend/tensorflow_backend.py:3445: calling dropout (from tensorflow.python.ops.nn_ops) with keep_prob is deprecated and will be removed in a future version.
Instructions for updating:
Please use `rate` instead of `keep_prob`. Rate should be set to `rate = 1 - keep_prob`.
WARNING : 2020-03-29 22:10:29: From /opt/python-3.6-packages/keras/2.2.4/keras/optimizers.py:790: The name tf.train.Optimizer is deprecated. Please use tf.compat.v1.train.Optimizer instead.

WARNING : 2020-03-29 22:10:29: From /opt/python-3.6-packages/keras/2.2.4/keras/backend/tensorflow_backend.py:3376: The name tf.log is deprecated. Please use tf.math.log instead.

WARNING : 2020-03-29 22:10:29: From /opt/python-3.6-packages/tensorflow-gpu/1.14.0/tensorflow/python/ops/nn_impl.py:180: add_dispatch_support.<locals>.wrapper (from tensorflow.python.ops.array_ops) is deprecated and will be removed in a future version.
Instructions for updating:
Use tf.where in 2.0, which has the same broadcast rule as np.where
INFO    : 2020-03-29 22:10:29: Setting class weights [0.57796848 3.70642391]
INFO    : 2020-03-29 22:10:29: Start training
INFO    : 2020-03-29 23:45:34: Finish training
INFO    : 2020-03-29 23:45:34: Finish savining model
INFO    : 2020-03-29 23:45:38: Patch threshold: 0.1391090452671051
INFO    : 2020-03-29 23:46:07: Patient threshold: 0.3333333333333333
INFO    : 2020-04-01 04:00:43: Finish data partition
INFO    : 2020-04-01 04:01:20: Finish loading 126011 patches from 648 studies
INFO    : 2020-04-01 04:01:20: With 16999 lesion patches and 109012 normal pancreas patches
INFO    : 2020-04-01 04:01:24: Finish loading 14005 patches from 72 studies
INFO    : 2020-04-01 04:01:24: With 1590 lesion patches and 12415 normal pancreas patches
WARNING : 2020-04-01 04:01:25: From /opt/python-3.6-packages/keras/2.2.4/keras/backend/tensorflow_backend.py:74: The name tf.get_default_graph is deprecated. Please use tf.compat.v1.get_default_graph instead.

WARNING : 2020-04-01 04:01:25: From /opt/python-3.6-packages/keras/2.2.4/keras/backend/tensorflow_backend.py:517: The name tf.placeholder is deprecated. Please use tf.compat.v1.placeholder instead.

WARNING : 2020-04-01 04:01:25: From /opt/python-3.6-packages/keras/2.2.4/keras/backend/tensorflow_backend.py:4138: The name tf.random_uniform is deprecated. Please use tf.random.uniform instead.

WARNING : 2020-04-01 04:01:25: From /opt/python-3.6-packages/keras/2.2.4/keras/backend/tensorflow_backend.py:3976: The name tf.nn.max_pool is deprecated. Please use tf.nn.max_pool2d instead.

WARNING : 2020-04-01 04:01:25: From /opt/python-3.6-packages/keras/2.2.4/keras/backend/tensorflow_backend.py:133: The name tf.placeholder_with_default is deprecated. Please use tf.compat.v1.placeholder_with_default instead.

WARNING : 2020-04-01 04:01:25: From /opt/python-3.6-packages/keras/2.2.4/keras/backend/tensorflow_backend.py:3445: calling dropout (from tensorflow.python.ops.nn_ops) with keep_prob is deprecated and will be removed in a future version.
Instructions for updating:
Please use `rate` instead of `keep_prob`. Rate should be set to `rate = 1 - keep_prob`.
WARNING : 2020-04-01 04:01:25: From /opt/python-3.6-packages/keras/2.2.4/keras/optimizers.py:790: The name tf.train.Optimizer is deprecated. Please use tf.compat.v1.train.Optimizer instead.

WARNING : 2020-04-01 04:01:25: From /opt/python-3.6-packages/keras/2.2.4/keras/backend/tensorflow_backend.py:3376: The name tf.log is deprecated. Please use tf.math.log instead.

WARNING : 2020-04-01 04:01:25: From /opt/python-3.6-packages/tensorflow-gpu/1.14.0/tensorflow/python/ops/nn_impl.py:180: add_dispatch_support.<locals>.wrapper (from tensorflow.python.ops.array_ops) is deprecated and will be removed in a future version.
Instructions for updating:
Use tf.where in 2.0, which has the same broadcast rule as np.where
INFO    : 2020-04-01 04:01:25: Setting class weights [0.57796848 3.70642391]
INFO    : 2020-04-01 04:01:25: Start training
INFO    : 2020-04-01 05:43:06: Finish training
INFO    : 2020-04-01 05:43:07: Finish savining model
INFO    : 2020-04-01 05:43:10: Patch threshold: 0.2217375934123993
INFO    : 2020-04-01 05:43:37: Patient threshold: 0.25
