INFO    : 2020-03-29 03:03:39: Finish data partition
INFO    : 2020-03-29 03:04:18: Finish loading 124975 patches from 648 studies
INFO    : 2020-03-29 03:04:18: With 17212 lesion patches and 107763 normal pancreas patches
INFO    : 2020-03-29 03:04:23: Finish loading 14179 patches from 72 studies
INFO    : 2020-03-29 03:04:23: With 1919 lesion patches and 12260 normal pancreas patches
WARNING : 2020-03-29 03:04:23: From /opt/python-3.6-packages/keras/2.2.4/keras/backend/tensorflow_backend.py:74: The name tf.get_default_graph is deprecated. Please use tf.compat.v1.get_default_graph instead.

WARNING : 2020-03-29 03:04:23: From /opt/python-3.6-packages/keras/2.2.4/keras/backend/tensorflow_backend.py:517: The name tf.placeholder is deprecated. Please use tf.compat.v1.placeholder instead.

WARNING : 2020-03-29 03:04:23: From /opt/python-3.6-packages/keras/2.2.4/keras/backend/tensorflow_backend.py:4138: The name tf.random_uniform is deprecated. Please use tf.random.uniform instead.

WARNING : 2020-03-29 03:04:23: From /opt/python-3.6-packages/keras/2.2.4/keras/backend/tensorflow_backend.py:3976: The name tf.nn.max_pool is deprecated. Please use tf.nn.max_pool2d instead.

WARNING : 2020-03-29 03:04:23: From /opt/python-3.6-packages/keras/2.2.4/keras/backend/tensorflow_backend.py:133: The name tf.placeholder_with_default is deprecated. Please use tf.compat.v1.placeholder_with_default instead.

WARNING : 2020-03-29 03:04:23: From /opt/python-3.6-packages/keras/2.2.4/keras/backend/tensorflow_backend.py:3445: calling dropout (from tensorflow.python.ops.nn_ops) with keep_prob is deprecated and will be removed in a future version.
Instructions for updating:
Please use `rate` instead of `keep_prob`. Rate should be set to `rate = 1 - keep_prob`.
WARNING : 2020-03-29 03:04:23: From /opt/python-3.6-packages/keras/2.2.4/keras/optimizers.py:790: The name tf.train.Optimizer is deprecated. Please use tf.compat.v1.train.Optimizer instead.

WARNING : 2020-03-29 03:04:23: From /opt/python-3.6-packages/keras/2.2.4/keras/backend/tensorflow_backend.py:3376: The name tf.log is deprecated. Please use tf.math.log instead.

WARNING : 2020-03-29 03:04:23: From /opt/python-3.6-packages/tensorflow-gpu/1.14.0/tensorflow/python/ops/nn_impl.py:180: add_dispatch_support.<locals>.wrapper (from tensorflow.python.ops.array_ops) is deprecated and will be removed in a future version.
Instructions for updating:
Use tf.where in 2.0, which has the same broadcast rule as np.where
INFO    : 2020-03-29 03:04:23: Setting class weights [0.57986043 3.63046131]
INFO    : 2020-03-29 03:04:23: Start training
INFO    : 2020-03-29 04:21:54: Finish training
INFO    : 2020-03-29 04:21:55: Finish savining model
INFO    : 2020-03-29 04:21:58: Patch threshold: 0.21410566568374634
INFO    : 2020-03-29 04:22:25: Patient threshold: 0.23076923076923078
INFO    : 2020-04-01 08:47:35: Finish data partition
INFO    : 2020-04-01 08:48:15: Finish loading 124975 patches from 648 studies
INFO    : 2020-04-01 08:48:15: With 17212 lesion patches and 107763 normal pancreas patches
INFO    : 2020-04-01 08:48:20: Finish loading 14179 patches from 72 studies
INFO    : 2020-04-01 08:48:20: With 1919 lesion patches and 12260 normal pancreas patches
WARNING : 2020-04-01 08:48:21: From /opt/python-3.6-packages/keras/2.2.4/keras/backend/tensorflow_backend.py:74: The name tf.get_default_graph is deprecated. Please use tf.compat.v1.get_default_graph instead.

WARNING : 2020-04-01 08:48:21: From /opt/python-3.6-packages/keras/2.2.4/keras/backend/tensorflow_backend.py:517: The name tf.placeholder is deprecated. Please use tf.compat.v1.placeholder instead.

WARNING : 2020-04-01 08:48:21: From /opt/python-3.6-packages/keras/2.2.4/keras/backend/tensorflow_backend.py:4138: The name tf.random_uniform is deprecated. Please use tf.random.uniform instead.

WARNING : 2020-04-01 08:48:21: From /opt/python-3.6-packages/keras/2.2.4/keras/backend/tensorflow_backend.py:3976: The name tf.nn.max_pool is deprecated. Please use tf.nn.max_pool2d instead.

WARNING : 2020-04-01 08:48:21: From /opt/python-3.6-packages/keras/2.2.4/keras/backend/tensorflow_backend.py:133: The name tf.placeholder_with_default is deprecated. Please use tf.compat.v1.placeholder_with_default instead.

WARNING : 2020-04-01 08:48:21: From /opt/python-3.6-packages/keras/2.2.4/keras/backend/tensorflow_backend.py:3445: calling dropout (from tensorflow.python.ops.nn_ops) with keep_prob is deprecated and will be removed in a future version.
Instructions for updating:
Please use `rate` instead of `keep_prob`. Rate should be set to `rate = 1 - keep_prob`.
WARNING : 2020-04-01 08:48:21: From /opt/python-3.6-packages/keras/2.2.4/keras/optimizers.py:790: The name tf.train.Optimizer is deprecated. Please use tf.compat.v1.train.Optimizer instead.

WARNING : 2020-04-01 08:48:21: From /opt/python-3.6-packages/keras/2.2.4/keras/backend/tensorflow_backend.py:3376: The name tf.log is deprecated. Please use tf.math.log instead.

WARNING : 2020-04-01 08:48:21: From /opt/python-3.6-packages/tensorflow-gpu/1.14.0/tensorflow/python/ops/nn_impl.py:180: add_dispatch_support.<locals>.wrapper (from tensorflow.python.ops.array_ops) is deprecated and will be removed in a future version.
Instructions for updating:
Use tf.where in 2.0, which has the same broadcast rule as np.where
INFO    : 2020-04-01 08:48:21: Setting class weights [0.57986043 3.63046131]
INFO    : 2020-04-01 08:48:21: Start training
INFO    : 2020-04-01 10:05:07: Finish training
INFO    : 2020-04-01 10:05:08: Finish savining model
INFO    : 2020-04-01 10:05:11: Patch threshold: 0.18777796626091003
INFO    : 2020-04-01 10:05:39: Patient threshold: 0.16666666666666666
