INFO    : 2020-03-29 11:19:11: Finish data partition
INFO    : 2020-03-29 11:19:47: Finish loading 124975 patches from 648 studies
INFO    : 2020-03-29 11:19:47: With 17212 lesion patches and 107763 normal pancreas patches
INFO    : 2020-03-29 11:19:52: Finish loading 14179 patches from 72 studies
INFO    : 2020-03-29 11:19:52: With 1919 lesion patches and 12260 normal pancreas patches
WARNING : 2020-03-29 11:19:52: From /opt/python-3.6-packages/keras/2.2.4/keras/backend/tensorflow_backend.py:74: The name tf.get_default_graph is deprecated. Please use tf.compat.v1.get_default_graph instead.

WARNING : 2020-03-29 11:19:52: From /opt/python-3.6-packages/keras/2.2.4/keras/backend/tensorflow_backend.py:517: The name tf.placeholder is deprecated. Please use tf.compat.v1.placeholder instead.

WARNING : 2020-03-29 11:19:52: From /opt/python-3.6-packages/keras/2.2.4/keras/backend/tensorflow_backend.py:4138: The name tf.random_uniform is deprecated. Please use tf.random.uniform instead.

WARNING : 2020-03-29 11:19:52: From /opt/python-3.6-packages/keras/2.2.4/keras/backend/tensorflow_backend.py:3976: The name tf.nn.max_pool is deprecated. Please use tf.nn.max_pool2d instead.

WARNING : 2020-03-29 11:19:52: From /opt/python-3.6-packages/keras/2.2.4/keras/backend/tensorflow_backend.py:133: The name tf.placeholder_with_default is deprecated. Please use tf.compat.v1.placeholder_with_default instead.

WARNING : 2020-03-29 11:19:52: From /opt/python-3.6-packages/keras/2.2.4/keras/backend/tensorflow_backend.py:3445: calling dropout (from tensorflow.python.ops.nn_ops) with keep_prob is deprecated and will be removed in a future version.
Instructions for updating:
Please use `rate` instead of `keep_prob`. Rate should be set to `rate = 1 - keep_prob`.
WARNING : 2020-03-29 11:19:52: From /opt/python-3.6-packages/keras/2.2.4/keras/optimizers.py:790: The name tf.train.Optimizer is deprecated. Please use tf.compat.v1.train.Optimizer instead.

WARNING : 2020-03-29 11:19:52: From /opt/python-3.6-packages/keras/2.2.4/keras/backend/tensorflow_backend.py:3376: The name tf.log is deprecated. Please use tf.math.log instead.

WARNING : 2020-03-29 11:19:52: From /opt/python-3.6-packages/tensorflow-gpu/1.14.0/tensorflow/python/ops/nn_impl.py:180: add_dispatch_support.<locals>.wrapper (from tensorflow.python.ops.array_ops) is deprecated and will be removed in a future version.
Instructions for updating:
Use tf.where in 2.0, which has the same broadcast rule as np.where
INFO    : 2020-03-29 11:19:52: Setting class weights [0.57986043 3.63046131]
INFO    : 2020-03-29 11:19:52: Start training
INFO    : 2020-03-29 12:42:19: Finish training
INFO    : 2020-03-29 12:42:19: Finish savining model
INFO    : 2020-03-29 12:42:22: Patch threshold: 0.18376612663269043
INFO    : 2020-03-29 12:42:50: Patient threshold: 0.23076923076923078
INFO    : 2020-04-02 14:28:38: Finish data partition
