INFO    : 2020-03-29 17:29:25: Finish data partition
INFO    : 2020-03-29 17:29:33: Finish loading 38035 patches from 221 studies
INFO    : 2020-03-29 17:29:33: With 6516 lesion patches and 31519 normal pancreas patches
INFO    : 2020-03-29 17:29:34: Finish loading 4501 patches from 25 studies
INFO    : 2020-03-29 17:29:34: With 738 lesion patches and 3763 normal pancreas patches
WARNING : 2020-03-29 17:29:34: From /opt/python-3.6-packages/keras/2.2.4/keras/backend/tensorflow_backend.py:74: The name tf.get_default_graph is deprecated. Please use tf.compat.v1.get_default_graph instead.

WARNING : 2020-03-29 17:29:34: From /opt/python-3.6-packages/keras/2.2.4/keras/backend/tensorflow_backend.py:517: The name tf.placeholder is deprecated. Please use tf.compat.v1.placeholder instead.

WARNING : 2020-03-29 17:29:34: From /opt/python-3.6-packages/keras/2.2.4/keras/backend/tensorflow_backend.py:4138: The name tf.random_uniform is deprecated. Please use tf.random.uniform instead.

WARNING : 2020-03-29 17:29:34: From /opt/python-3.6-packages/keras/2.2.4/keras/backend/tensorflow_backend.py:3976: The name tf.nn.max_pool is deprecated. Please use tf.nn.max_pool2d instead.

WARNING : 2020-03-29 17:29:34: From /opt/python-3.6-packages/keras/2.2.4/keras/backend/tensorflow_backend.py:133: The name tf.placeholder_with_default is deprecated. Please use tf.compat.v1.placeholder_with_default instead.

WARNING : 2020-03-29 17:29:34: From /opt/python-3.6-packages/keras/2.2.4/keras/backend/tensorflow_backend.py:3445: calling dropout (from tensorflow.python.ops.nn_ops) with keep_prob is deprecated and will be removed in a future version.
Instructions for updating:
Please use `rate` instead of `keep_prob`. Rate should be set to `rate = 1 - keep_prob`.
WARNING : 2020-03-29 17:29:34: From /opt/python-3.6-packages/keras/2.2.4/keras/backend/tensorflow_backend.py:174: The name tf.get_default_session is deprecated. Please use tf.compat.v1.get_default_session instead.

WARNING : 2020-03-29 17:29:34: From /opt/python-3.6-packages/keras/2.2.4/keras/optimizers.py:790: The name tf.train.Optimizer is deprecated. Please use tf.compat.v1.train.Optimizer instead.

WARNING : 2020-03-29 17:29:34: From /opt/python-3.6-packages/tensorflow-gpu/1.14.0/tensorflow/python/ops/nn_impl.py:180: add_dispatch_support.<locals>.wrapper (from tensorflow.python.ops.array_ops) is deprecated and will be removed in a future version.
Instructions for updating:
Use tf.where in 2.0, which has the same broadcast rule as np.where
INFO    : 2020-03-29 17:29:34: Setting class weights [0.60336622 2.91858502]
INFO    : 2020-03-29 17:29:34: Start training
INFO    : 2020-03-29 17:38:08: Finish training
INFO    : 2020-03-29 17:38:08: Finish savining model
INFO    : 2020-03-29 17:38:09: Patch threshold: 0.20012438297271729
INFO    : 2020-03-29 17:38:18: Patient threshold: 0.3333333333333333
INFO    : 2020-03-31 22:30:50: Finish data partition
INFO    : 2020-03-31 22:30:57: Finish loading 38035 patches from 221 studies
INFO    : 2020-03-31 22:30:57: With 6516 lesion patches and 31519 normal pancreas patches
INFO    : 2020-03-31 22:30:57: Finish loading 4501 patches from 25 studies
INFO    : 2020-03-31 22:30:57: With 738 lesion patches and 3763 normal pancreas patches
WARNING : 2020-03-31 22:30:58: From /opt/python-3.6-packages/keras/2.2.4/keras/backend/tensorflow_backend.py:74: The name tf.get_default_graph is deprecated. Please use tf.compat.v1.get_default_graph instead.

WARNING : 2020-03-31 22:30:58: From /opt/python-3.6-packages/keras/2.2.4/keras/backend/tensorflow_backend.py:517: The name tf.placeholder is deprecated. Please use tf.compat.v1.placeholder instead.

WARNING : 2020-03-31 22:30:58: From /opt/python-3.6-packages/keras/2.2.4/keras/backend/tensorflow_backend.py:4138: The name tf.random_uniform is deprecated. Please use tf.random.uniform instead.

WARNING : 2020-03-31 22:30:58: From /opt/python-3.6-packages/keras/2.2.4/keras/backend/tensorflow_backend.py:3976: The name tf.nn.max_pool is deprecated. Please use tf.nn.max_pool2d instead.

WARNING : 2020-03-31 22:30:58: From /opt/python-3.6-packages/keras/2.2.4/keras/backend/tensorflow_backend.py:133: The name tf.placeholder_with_default is deprecated. Please use tf.compat.v1.placeholder_with_default instead.

WARNING : 2020-03-31 22:30:58: From /opt/python-3.6-packages/keras/2.2.4/keras/backend/tensorflow_backend.py:3445: calling dropout (from tensorflow.python.ops.nn_ops) with keep_prob is deprecated and will be removed in a future version.
Instructions for updating:
Please use `rate` instead of `keep_prob`. Rate should be set to `rate = 1 - keep_prob`.
WARNING : 2020-03-31 22:30:58: From /opt/python-3.6-packages/keras/2.2.4/keras/backend/tensorflow_backend.py:174: The name tf.get_default_session is deprecated. Please use tf.compat.v1.get_default_session instead.

WARNING : 2020-03-31 22:30:58: From /opt/python-3.6-packages/keras/2.2.4/keras/optimizers.py:790: The name tf.train.Optimizer is deprecated. Please use tf.compat.v1.train.Optimizer instead.

WARNING : 2020-03-31 22:30:58: From /opt/python-3.6-packages/tensorflow-gpu/1.14.0/tensorflow/python/ops/nn_impl.py:180: add_dispatch_support.<locals>.wrapper (from tensorflow.python.ops.array_ops) is deprecated and will be removed in a future version.
Instructions for updating:
Use tf.where in 2.0, which has the same broadcast rule as np.where
INFO    : 2020-03-31 22:30:58: Setting class weights [0.60336622 2.91858502]
INFO    : 2020-03-31 22:30:58: Start training
INFO    : 2020-03-31 22:47:45: Finish training
INFO    : 2020-03-31 22:47:45: Finish savining model
INFO    : 2020-03-31 22:47:46: Patch threshold: 0.255902498960495
INFO    : 2020-03-31 22:47:55: Patient threshold: 0.2222222222222222
