INFO    : 2020-03-29 21:56:58: Finish data partition
INFO    : 2020-03-29 21:57:06: Finish loading 37246 patches from 221 studies
INFO    : 2020-03-29 21:57:06: With 6106 lesion patches and 31140 normal pancreas patches
INFO    : 2020-03-29 21:57:07: Finish loading 4727 patches from 25 studies
INFO    : 2020-03-29 21:57:07: With 642 lesion patches and 4085 normal pancreas patches
WARNING : 2020-03-29 21:57:07: From /opt/python-3.6-packages/keras/2.2.4/keras/backend/tensorflow_backend.py:74: The name tf.get_default_graph is deprecated. Please use tf.compat.v1.get_default_graph instead.

WARNING : 2020-03-29 21:57:07: From /opt/python-3.6-packages/keras/2.2.4/keras/backend/tensorflow_backend.py:517: The name tf.placeholder is deprecated. Please use tf.compat.v1.placeholder instead.

WARNING : 2020-03-29 21:57:07: From /opt/python-3.6-packages/keras/2.2.4/keras/backend/tensorflow_backend.py:4138: The name tf.random_uniform is deprecated. Please use tf.random.uniform instead.

WARNING : 2020-03-29 21:57:07: From /opt/python-3.6-packages/keras/2.2.4/keras/backend/tensorflow_backend.py:3976: The name tf.nn.max_pool is deprecated. Please use tf.nn.max_pool2d instead.

WARNING : 2020-03-29 21:57:07: From /opt/python-3.6-packages/keras/2.2.4/keras/backend/tensorflow_backend.py:133: The name tf.placeholder_with_default is deprecated. Please use tf.compat.v1.placeholder_with_default instead.

WARNING : 2020-03-29 21:57:07: From /opt/python-3.6-packages/keras/2.2.4/keras/backend/tensorflow_backend.py:3445: calling dropout (from tensorflow.python.ops.nn_ops) with keep_prob is deprecated and will be removed in a future version.
Instructions for updating:
Please use `rate` instead of `keep_prob`. Rate should be set to `rate = 1 - keep_prob`.
WARNING : 2020-03-29 21:57:07: From /opt/python-3.6-packages/keras/2.2.4/keras/backend/tensorflow_backend.py:174: The name tf.get_default_session is deprecated. Please use tf.compat.v1.get_default_session instead.

WARNING : 2020-03-29 21:57:08: From /opt/python-3.6-packages/keras/2.2.4/keras/optimizers.py:790: The name tf.train.Optimizer is deprecated. Please use tf.compat.v1.train.Optimizer instead.

WARNING : 2020-03-29 21:57:08: From /opt/python-3.6-packages/tensorflow-gpu/1.14.0/tensorflow/python/ops/nn_impl.py:180: add_dispatch_support.<locals>.wrapper (from tensorflow.python.ops.array_ops) is deprecated and will be removed in a future version.
Instructions for updating:
Use tf.where in 2.0, which has the same broadcast rule as np.where
INFO    : 2020-03-29 21:57:08: Setting class weights [0.5980411  3.04995087]
INFO    : 2020-03-29 21:57:08: Start training
INFO    : 2020-03-29 22:09:10: Finish training
INFO    : 2020-03-29 22:09:10: Finish savining model
INFO    : 2020-03-29 22:09:12: Patch threshold: 0.12547317147254944
INFO    : 2020-03-29 22:09:20: Patient threshold: 0.4166666666666667
INFO    : 2020-04-01 03:44:50: Finish data partition
INFO    : 2020-04-01 03:44:57: Finish loading 37246 patches from 221 studies
INFO    : 2020-04-01 03:44:57: With 6106 lesion patches and 31140 normal pancreas patches
INFO    : 2020-04-01 03:44:57: Finish loading 4727 patches from 25 studies
INFO    : 2020-04-01 03:44:57: With 642 lesion patches and 4085 normal pancreas patches
WARNING : 2020-04-01 03:44:58: From /opt/python-3.6-packages/keras/2.2.4/keras/backend/tensorflow_backend.py:74: The name tf.get_default_graph is deprecated. Please use tf.compat.v1.get_default_graph instead.

WARNING : 2020-04-01 03:44:58: From /opt/python-3.6-packages/keras/2.2.4/keras/backend/tensorflow_backend.py:517: The name tf.placeholder is deprecated. Please use tf.compat.v1.placeholder instead.

WARNING : 2020-04-01 03:44:58: From /opt/python-3.6-packages/keras/2.2.4/keras/backend/tensorflow_backend.py:4138: The name tf.random_uniform is deprecated. Please use tf.random.uniform instead.

WARNING : 2020-04-01 03:44:58: From /opt/python-3.6-packages/keras/2.2.4/keras/backend/tensorflow_backend.py:3976: The name tf.nn.max_pool is deprecated. Please use tf.nn.max_pool2d instead.

WARNING : 2020-04-01 03:44:58: From /opt/python-3.6-packages/keras/2.2.4/keras/backend/tensorflow_backend.py:133: The name tf.placeholder_with_default is deprecated. Please use tf.compat.v1.placeholder_with_default instead.

WARNING : 2020-04-01 03:44:58: From /opt/python-3.6-packages/keras/2.2.4/keras/backend/tensorflow_backend.py:3445: calling dropout (from tensorflow.python.ops.nn_ops) with keep_prob is deprecated and will be removed in a future version.
Instructions for updating:
Please use `rate` instead of `keep_prob`. Rate should be set to `rate = 1 - keep_prob`.
WARNING : 2020-04-01 03:44:58: From /opt/python-3.6-packages/keras/2.2.4/keras/backend/tensorflow_backend.py:174: The name tf.get_default_session is deprecated. Please use tf.compat.v1.get_default_session instead.

WARNING : 2020-04-01 03:44:58: From /opt/python-3.6-packages/keras/2.2.4/keras/optimizers.py:790: The name tf.train.Optimizer is deprecated. Please use tf.compat.v1.train.Optimizer instead.

WARNING : 2020-04-01 03:44:58: From /opt/python-3.6-packages/tensorflow-gpu/1.14.0/tensorflow/python/ops/nn_impl.py:180: add_dispatch_support.<locals>.wrapper (from tensorflow.python.ops.array_ops) is deprecated and will be removed in a future version.
Instructions for updating:
Use tf.where in 2.0, which has the same broadcast rule as np.where
INFO    : 2020-04-01 03:44:58: Setting class weights [0.5980411  3.04995087]
INFO    : 2020-04-01 03:44:58: Start training
INFO    : 2020-04-01 04:00:24: Finish training
INFO    : 2020-04-01 04:00:24: Finish savining model
INFO    : 2020-04-01 04:00:25: Patch threshold: 0.19971683621406555
INFO    : 2020-04-01 04:00:33: Patient threshold: 0.1875
