INFO    : 2020-03-29 14:30:04: Finish data partition
INFO    : 2020-03-29 14:30:11: Finish loading 38660 patches from 221 studies
INFO    : 2020-03-29 14:30:11: With 6519 lesion patches and 32141 normal pancreas patches
INFO    : 2020-03-29 14:30:12: Finish loading 4484 patches from 25 studies
INFO    : 2020-03-29 14:30:12: With 726 lesion patches and 3758 normal pancreas patches
WARNING : 2020-03-29 14:30:12: From /opt/python-3.6-packages/keras/2.2.4/keras/backend/tensorflow_backend.py:74: The name tf.get_default_graph is deprecated. Please use tf.compat.v1.get_default_graph instead.

WARNING : 2020-03-29 14:30:12: From /opt/python-3.6-packages/keras/2.2.4/keras/backend/tensorflow_backend.py:517: The name tf.placeholder is deprecated. Please use tf.compat.v1.placeholder instead.

WARNING : 2020-03-29 14:30:12: From /opt/python-3.6-packages/keras/2.2.4/keras/backend/tensorflow_backend.py:4138: The name tf.random_uniform is deprecated. Please use tf.random.uniform instead.

WARNING : 2020-03-29 14:30:12: From /opt/python-3.6-packages/keras/2.2.4/keras/backend/tensorflow_backend.py:3976: The name tf.nn.max_pool is deprecated. Please use tf.nn.max_pool2d instead.

WARNING : 2020-03-29 14:30:12: From /opt/python-3.6-packages/keras/2.2.4/keras/backend/tensorflow_backend.py:133: The name tf.placeholder_with_default is deprecated. Please use tf.compat.v1.placeholder_with_default instead.

WARNING : 2020-03-29 14:30:12: From /opt/python-3.6-packages/keras/2.2.4/keras/backend/tensorflow_backend.py:3445: calling dropout (from tensorflow.python.ops.nn_ops) with keep_prob is deprecated and will be removed in a future version.
Instructions for updating:
Please use `rate` instead of `keep_prob`. Rate should be set to `rate = 1 - keep_prob`.
WARNING : 2020-03-29 14:30:12: From /opt/python-3.6-packages/keras/2.2.4/keras/backend/tensorflow_backend.py:174: The name tf.get_default_session is deprecated. Please use tf.compat.v1.get_default_session instead.

WARNING : 2020-03-29 14:30:13: From /opt/python-3.6-packages/keras/2.2.4/keras/optimizers.py:790: The name tf.train.Optimizer is deprecated. Please use tf.compat.v1.train.Optimizer instead.

WARNING : 2020-03-29 14:30:13: From /opt/python-3.6-packages/tensorflow-gpu/1.14.0/tensorflow/python/ops/nn_impl.py:180: add_dispatch_support.<locals>.wrapper (from tensorflow.python.ops.array_ops) is deprecated and will be removed in a future version.
Instructions for updating:
Use tf.where in 2.0, which has the same broadcast rule as np.where
INFO    : 2020-03-29 14:30:13: Setting class weights [0.60141253 2.96517871]
INFO    : 2020-03-29 14:30:13: Start training
INFO    : 2020-03-29 14:41:27: Finish training
INFO    : 2020-03-29 14:41:28: Finish savining model
INFO    : 2020-03-29 14:41:29: Patch threshold: 0.17245376110076904
INFO    : 2020-03-29 14:41:37: Patient threshold: 0.4444444444444444
INFO    : 2020-03-31 14:45:10: Finish data partition
INFO    : 2020-03-31 14:45:19: Finish loading 38660 patches from 221 studies
INFO    : 2020-03-31 14:45:19: With 6519 lesion patches and 32141 normal pancreas patches
INFO    : 2020-03-31 14:45:20: Finish loading 4484 patches from 25 studies
INFO    : 2020-03-31 14:45:20: With 726 lesion patches and 3758 normal pancreas patches
WARNING : 2020-03-31 14:45:20: From /opt/python-3.6-packages/keras/2.2.4/keras/backend/tensorflow_backend.py:74: The name tf.get_default_graph is deprecated. Please use tf.compat.v1.get_default_graph instead.

WARNING : 2020-03-31 14:45:20: From /opt/python-3.6-packages/keras/2.2.4/keras/backend/tensorflow_backend.py:517: The name tf.placeholder is deprecated. Please use tf.compat.v1.placeholder instead.

WARNING : 2020-03-31 14:45:20: From /opt/python-3.6-packages/keras/2.2.4/keras/backend/tensorflow_backend.py:4138: The name tf.random_uniform is deprecated. Please use tf.random.uniform instead.

WARNING : 2020-03-31 14:45:20: From /opt/python-3.6-packages/keras/2.2.4/keras/backend/tensorflow_backend.py:3976: The name tf.nn.max_pool is deprecated. Please use tf.nn.max_pool2d instead.

WARNING : 2020-03-31 14:45:20: From /opt/python-3.6-packages/keras/2.2.4/keras/backend/tensorflow_backend.py:133: The name tf.placeholder_with_default is deprecated. Please use tf.compat.v1.placeholder_with_default instead.

WARNING : 2020-03-31 14:45:20: From /opt/python-3.6-packages/keras/2.2.4/keras/backend/tensorflow_backend.py:3445: calling dropout (from tensorflow.python.ops.nn_ops) with keep_prob is deprecated and will be removed in a future version.
Instructions for updating:
Please use `rate` instead of `keep_prob`. Rate should be set to `rate = 1 - keep_prob`.
WARNING : 2020-03-31 14:45:21: From /opt/python-3.6-packages/keras/2.2.4/keras/backend/tensorflow_backend.py:174: The name tf.get_default_session is deprecated. Please use tf.compat.v1.get_default_session instead.

WARNING : 2020-03-31 14:45:21: From /opt/python-3.6-packages/keras/2.2.4/keras/optimizers.py:790: The name tf.train.Optimizer is deprecated. Please use tf.compat.v1.train.Optimizer instead.

WARNING : 2020-03-31 14:45:21: From /opt/python-3.6-packages/tensorflow-gpu/1.14.0/tensorflow/python/ops/nn_impl.py:180: add_dispatch_support.<locals>.wrapper (from tensorflow.python.ops.array_ops) is deprecated and will be removed in a future version.
Instructions for updating:
Use tf.where in 2.0, which has the same broadcast rule as np.where
INFO    : 2020-03-31 14:45:21: Setting class weights [0.60141253 2.96517871]
INFO    : 2020-03-31 14:45:21: Start training
INFO    : 2020-03-31 15:01:37: Finish training
INFO    : 2020-03-31 15:01:37: Finish savining model
INFO    : 2020-03-31 15:01:38: Patch threshold: 0.15476542711257935
INFO    : 2020-03-31 15:01:47: Patient threshold: 0.35
INFO    : 2020-03-31 19:19:20: Finish data partition
INFO    : 2020-03-31 19:19:27: Finish loading 38660 patches from 221 studies
INFO    : 2020-03-31 19:19:27: With 6519 lesion patches and 32141 normal pancreas patches
INFO    : 2020-03-31 19:19:28: Finish loading 4484 patches from 25 studies
INFO    : 2020-03-31 19:19:28: With 726 lesion patches and 3758 normal pancreas patches
WARNING : 2020-03-31 19:19:28: From /opt/python-3.6-packages/keras/2.2.4/keras/backend/tensorflow_backend.py:74: The name tf.get_default_graph is deprecated. Please use tf.compat.v1.get_default_graph instead.

WARNING : 2020-03-31 19:19:28: From /opt/python-3.6-packages/keras/2.2.4/keras/backend/tensorflow_backend.py:517: The name tf.placeholder is deprecated. Please use tf.compat.v1.placeholder instead.

WARNING : 2020-03-31 19:19:28: From /opt/python-3.6-packages/keras/2.2.4/keras/backend/tensorflow_backend.py:4138: The name tf.random_uniform is deprecated. Please use tf.random.uniform instead.

WARNING : 2020-03-31 19:19:28: From /opt/python-3.6-packages/keras/2.2.4/keras/backend/tensorflow_backend.py:3976: The name tf.nn.max_pool is deprecated. Please use tf.nn.max_pool2d instead.

WARNING : 2020-03-31 19:19:28: From /opt/python-3.6-packages/keras/2.2.4/keras/backend/tensorflow_backend.py:133: The name tf.placeholder_with_default is deprecated. Please use tf.compat.v1.placeholder_with_default instead.

WARNING : 2020-03-31 19:19:28: From /opt/python-3.6-packages/keras/2.2.4/keras/backend/tensorflow_backend.py:3445: calling dropout (from tensorflow.python.ops.nn_ops) with keep_prob is deprecated and will be removed in a future version.
Instructions for updating:
Please use `rate` instead of `keep_prob`. Rate should be set to `rate = 1 - keep_prob`.
WARNING : 2020-03-31 19:19:28: From /opt/python-3.6-packages/keras/2.2.4/keras/backend/tensorflow_backend.py:174: The name tf.get_default_session is deprecated. Please use tf.compat.v1.get_default_session instead.

WARNING : 2020-03-31 19:19:29: From /opt/python-3.6-packages/keras/2.2.4/keras/optimizers.py:790: The name tf.train.Optimizer is deprecated. Please use tf.compat.v1.train.Optimizer instead.

WARNING : 2020-03-31 19:19:29: From /opt/python-3.6-packages/tensorflow-gpu/1.14.0/tensorflow/python/ops/nn_impl.py:180: add_dispatch_support.<locals>.wrapper (from tensorflow.python.ops.array_ops) is deprecated and will be removed in a future version.
Instructions for updating:
Use tf.where in 2.0, which has the same broadcast rule as np.where
INFO    : 2020-03-31 19:19:29: Setting class weights [0.60141253 2.96517871]
INFO    : 2020-03-31 19:19:29: Start training
INFO    : 2020-03-31 19:35:13: Finish training
INFO    : 2020-03-31 19:35:13: Finish savining model
INFO    : 2020-03-31 19:35:14: Patch threshold: 0.17850005626678467
INFO    : 2020-03-31 19:35:23: Patient threshold: 0.25
