INFO    : 2020-03-28 21:31:44: Finish data partition
INFO    : 2020-03-28 21:31:53: Finish loading 49702 patches from 295 studies
INFO    : 2020-03-28 21:31:53: With 7887 lesion patches and 41815 normal pancreas patches
INFO    : 2020-03-28 21:31:54: Finish loading 5612 patches from 32 studies
INFO    : 2020-03-28 21:31:54: With 1098 lesion patches and 4514 normal pancreas patches
WARNING : 2020-03-28 21:31:55: From /opt/python-3.6-packages/keras/2.2.4/keras/backend/tensorflow_backend.py:74: The name tf.get_default_graph is deprecated. Please use tf.compat.v1.get_default_graph instead.

WARNING : 2020-03-28 21:31:55: From /opt/python-3.6-packages/keras/2.2.4/keras/backend/tensorflow_backend.py:517: The name tf.placeholder is deprecated. Please use tf.compat.v1.placeholder instead.

WARNING : 2020-03-28 21:31:55: From /opt/python-3.6-packages/keras/2.2.4/keras/backend/tensorflow_backend.py:4138: The name tf.random_uniform is deprecated. Please use tf.random.uniform instead.

WARNING : 2020-03-28 21:31:55: From /opt/python-3.6-packages/keras/2.2.4/keras/backend/tensorflow_backend.py:3976: The name tf.nn.max_pool is deprecated. Please use tf.nn.max_pool2d instead.

WARNING : 2020-03-28 21:31:55: From /opt/python-3.6-packages/keras/2.2.4/keras/backend/tensorflow_backend.py:133: The name tf.placeholder_with_default is deprecated. Please use tf.compat.v1.placeholder_with_default instead.

WARNING : 2020-03-28 21:31:55: From /opt/python-3.6-packages/keras/2.2.4/keras/backend/tensorflow_backend.py:3445: calling dropout (from tensorflow.python.ops.nn_ops) with keep_prob is deprecated and will be removed in a future version.
Instructions for updating:
Please use `rate` instead of `keep_prob`. Rate should be set to `rate = 1 - keep_prob`.
WARNING : 2020-03-28 21:31:55: From /opt/python-3.6-packages/keras/2.2.4/keras/backend/tensorflow_backend.py:174: The name tf.get_default_session is deprecated. Please use tf.compat.v1.get_default_session instead.

WARNING : 2020-03-28 21:31:55: From /opt/python-3.6-packages/keras/2.2.4/keras/optimizers.py:790: The name tf.train.Optimizer is deprecated. Please use tf.compat.v1.train.Optimizer instead.

WARNING : 2020-03-28 21:31:55: From /opt/python-3.6-packages/tensorflow-gpu/1.14.0/tensorflow/python/ops/nn_impl.py:180: add_dispatch_support.<locals>.wrapper (from tensorflow.python.ops.array_ops) is deprecated and will be removed in a future version.
Instructions for updating:
Use tf.where in 2.0, which has the same broadcast rule as np.where
INFO    : 2020-03-28 21:31:55: Setting class weights [0.59430826 3.1508812 ]
INFO    : 2020-03-28 21:31:55: Start training
INFO    : 2020-03-28 21:45:40: Finish training
INFO    : 2020-03-28 21:45:40: Finish savining model
INFO    : 2020-03-28 21:45:42: Patch threshold: 0.1926388442516327
INFO    : 2020-03-28 21:45:53: Patient threshold: 0.20588235294117646
INFO    : 2020-04-01 03:20:06: Finish data partition
INFO    : 2020-04-01 03:20:16: Finish loading 49702 patches from 295 studies
INFO    : 2020-04-01 03:20:16: With 7887 lesion patches and 41815 normal pancreas patches
INFO    : 2020-04-01 03:20:17: Finish loading 5612 patches from 32 studies
INFO    : 2020-04-01 03:20:17: With 1098 lesion patches and 4514 normal pancreas patches
WARNING : 2020-04-01 03:20:17: From /opt/python-3.6-packages/keras/2.2.4/keras/backend/tensorflow_backend.py:74: The name tf.get_default_graph is deprecated. Please use tf.compat.v1.get_default_graph instead.

WARNING : 2020-04-01 03:20:17: From /opt/python-3.6-packages/keras/2.2.4/keras/backend/tensorflow_backend.py:517: The name tf.placeholder is deprecated. Please use tf.compat.v1.placeholder instead.

WARNING : 2020-04-01 03:20:17: From /opt/python-3.6-packages/keras/2.2.4/keras/backend/tensorflow_backend.py:4138: The name tf.random_uniform is deprecated. Please use tf.random.uniform instead.

WARNING : 2020-04-01 03:20:17: From /opt/python-3.6-packages/keras/2.2.4/keras/backend/tensorflow_backend.py:3976: The name tf.nn.max_pool is deprecated. Please use tf.nn.max_pool2d instead.

WARNING : 2020-04-01 03:20:17: From /opt/python-3.6-packages/keras/2.2.4/keras/backend/tensorflow_backend.py:133: The name tf.placeholder_with_default is deprecated. Please use tf.compat.v1.placeholder_with_default instead.

WARNING : 2020-04-01 03:20:17: From /opt/python-3.6-packages/keras/2.2.4/keras/backend/tensorflow_backend.py:3445: calling dropout (from tensorflow.python.ops.nn_ops) with keep_prob is deprecated and will be removed in a future version.
Instructions for updating:
Please use `rate` instead of `keep_prob`. Rate should be set to `rate = 1 - keep_prob`.
WARNING : 2020-04-01 03:20:17: From /opt/python-3.6-packages/keras/2.2.4/keras/backend/tensorflow_backend.py:174: The name tf.get_default_session is deprecated. Please use tf.compat.v1.get_default_session instead.

WARNING : 2020-04-01 03:20:18: From /opt/python-3.6-packages/keras/2.2.4/keras/optimizers.py:790: The name tf.train.Optimizer is deprecated. Please use tf.compat.v1.train.Optimizer instead.

WARNING : 2020-04-01 03:20:18: From /opt/python-3.6-packages/tensorflow-gpu/1.14.0/tensorflow/python/ops/nn_impl.py:180: add_dispatch_support.<locals>.wrapper (from tensorflow.python.ops.array_ops) is deprecated and will be removed in a future version.
Instructions for updating:
Use tf.where in 2.0, which has the same broadcast rule as np.where
INFO    : 2020-04-01 03:20:18: Setting class weights [0.59430826 3.1508812 ]
INFO    : 2020-04-01 03:20:18: Start training
INFO    : 2020-04-01 03:47:19: Finish training
INFO    : 2020-04-01 03:47:19: Finish savining model
INFO    : 2020-04-01 03:47:20: Patch threshold: 0.16744771599769592
INFO    : 2020-04-01 03:47:31: Patient threshold: 0.3235294117647059
