INFO    : 2020-03-28 21:46:03: Finish data partition
INFO    : 2020-03-28 21:46:43: Finish loading 125195 patches from 648 studies
INFO    : 2020-03-28 21:46:43: With 16944 lesion patches and 108251 normal pancreas patches
INFO    : 2020-03-28 21:46:48: Finish loading 14042 patches from 72 studies
INFO    : 2020-03-28 21:46:48: With 1826 lesion patches and 12216 normal pancreas patches
WARNING : 2020-03-28 21:46:49: From /opt/python-3.6-packages/keras/2.2.4/keras/backend/tensorflow_backend.py:74: The name tf.get_default_graph is deprecated. Please use tf.compat.v1.get_default_graph instead.

WARNING : 2020-03-28 21:46:49: From /opt/python-3.6-packages/keras/2.2.4/keras/backend/tensorflow_backend.py:517: The name tf.placeholder is deprecated. Please use tf.compat.v1.placeholder instead.

WARNING : 2020-03-28 21:46:49: From /opt/python-3.6-packages/keras/2.2.4/keras/backend/tensorflow_backend.py:4138: The name tf.random_uniform is deprecated. Please use tf.random.uniform instead.

WARNING : 2020-03-28 21:46:49: From /opt/python-3.6-packages/keras/2.2.4/keras/backend/tensorflow_backend.py:3976: The name tf.nn.max_pool is deprecated. Please use tf.nn.max_pool2d instead.

WARNING : 2020-03-28 21:46:49: From /opt/python-3.6-packages/keras/2.2.4/keras/backend/tensorflow_backend.py:133: The name tf.placeholder_with_default is deprecated. Please use tf.compat.v1.placeholder_with_default instead.

WARNING : 2020-03-28 21:46:49: From /opt/python-3.6-packages/keras/2.2.4/keras/backend/tensorflow_backend.py:3445: calling dropout (from tensorflow.python.ops.nn_ops) with keep_prob is deprecated and will be removed in a future version.
Instructions for updating:
Please use `rate` instead of `keep_prob`. Rate should be set to `rate = 1 - keep_prob`.
WARNING : 2020-03-28 21:46:49: From /opt/python-3.6-packages/keras/2.2.4/keras/optimizers.py:790: The name tf.train.Optimizer is deprecated. Please use tf.compat.v1.train.Optimizer instead.

WARNING : 2020-03-28 21:46:49: From /opt/python-3.6-packages/keras/2.2.4/keras/backend/tensorflow_backend.py:3376: The name tf.log is deprecated. Please use tf.math.log instead.

WARNING : 2020-03-28 21:46:49: From /opt/python-3.6-packages/tensorflow-gpu/1.14.0/tensorflow/python/ops/nn_impl.py:180: add_dispatch_support.<locals>.wrapper (from tensorflow.python.ops.array_ops) is deprecated and will be removed in a future version.
Instructions for updating:
Use tf.where in 2.0, which has the same broadcast rule as np.where
INFO    : 2020-03-28 21:46:49: Setting class weights [0.57826256 3.69437559]
INFO    : 2020-03-28 21:46:49: Start training
INFO    : 2020-03-28 22:58:28: Finish training
INFO    : 2020-03-28 22:58:29: Finish savining model
INFO    : 2020-03-28 22:58:32: Patch threshold: 0.14503833651542664
INFO    : 2020-03-28 22:58:59: Patient threshold: 0.23076923076923078
INFO    : 2020-04-01 03:47:42: Finish data partition
INFO    : 2020-04-01 03:48:23: Finish loading 125195 patches from 648 studies
INFO    : 2020-04-01 03:48:23: With 16944 lesion patches and 108251 normal pancreas patches
INFO    : 2020-04-01 03:48:28: Finish loading 14042 patches from 72 studies
INFO    : 2020-04-01 03:48:28: With 1826 lesion patches and 12216 normal pancreas patches
WARNING : 2020-04-01 03:48:28: From /opt/python-3.6-packages/keras/2.2.4/keras/backend/tensorflow_backend.py:74: The name tf.get_default_graph is deprecated. Please use tf.compat.v1.get_default_graph instead.

WARNING : 2020-04-01 03:48:28: From /opt/python-3.6-packages/keras/2.2.4/keras/backend/tensorflow_backend.py:517: The name tf.placeholder is deprecated. Please use tf.compat.v1.placeholder instead.

WARNING : 2020-04-01 03:48:28: From /opt/python-3.6-packages/keras/2.2.4/keras/backend/tensorflow_backend.py:4138: The name tf.random_uniform is deprecated. Please use tf.random.uniform instead.

WARNING : 2020-04-01 03:48:28: From /opt/python-3.6-packages/keras/2.2.4/keras/backend/tensorflow_backend.py:3976: The name tf.nn.max_pool is deprecated. Please use tf.nn.max_pool2d instead.

WARNING : 2020-04-01 03:48:29: From /opt/python-3.6-packages/keras/2.2.4/keras/backend/tensorflow_backend.py:133: The name tf.placeholder_with_default is deprecated. Please use tf.compat.v1.placeholder_with_default instead.

WARNING : 2020-04-01 03:48:29: From /opt/python-3.6-packages/keras/2.2.4/keras/backend/tensorflow_backend.py:3445: calling dropout (from tensorflow.python.ops.nn_ops) with keep_prob is deprecated and will be removed in a future version.
Instructions for updating:
Please use `rate` instead of `keep_prob`. Rate should be set to `rate = 1 - keep_prob`.
WARNING : 2020-04-01 03:48:29: From /opt/python-3.6-packages/keras/2.2.4/keras/optimizers.py:790: The name tf.train.Optimizer is deprecated. Please use tf.compat.v1.train.Optimizer instead.

WARNING : 2020-04-01 03:48:29: From /opt/python-3.6-packages/keras/2.2.4/keras/backend/tensorflow_backend.py:3376: The name tf.log is deprecated. Please use tf.math.log instead.

WARNING : 2020-04-01 03:48:29: From /opt/python-3.6-packages/tensorflow-gpu/1.14.0/tensorflow/python/ops/nn_impl.py:180: add_dispatch_support.<locals>.wrapper (from tensorflow.python.ops.array_ops) is deprecated and will be removed in a future version.
Instructions for updating:
Use tf.where in 2.0, which has the same broadcast rule as np.where
INFO    : 2020-04-01 03:48:29: Setting class weights [0.57826256 3.69437559]
INFO    : 2020-04-01 03:48:29: Start training
INFO    : 2020-04-01 05:07:58: Finish training
INFO    : 2020-04-01 05:07:58: Finish savining model
INFO    : 2020-04-01 05:08:01: Patch threshold: 0.1813431978225708
INFO    : 2020-04-01 05:08:29: Patient threshold: 0.23076923076923078
