INFO    : 2020-03-29 00:46:00: Finish data partition
INFO    : 2020-03-29 00:46:35: Finish loading 125685 patches from 648 studies
INFO    : 2020-03-29 00:46:35: With 16968 lesion patches and 108717 normal pancreas patches
INFO    : 2020-03-29 00:46:40: Finish loading 14117 patches from 72 studies
INFO    : 2020-03-29 00:46:40: With 1830 lesion patches and 12287 normal pancreas patches
WARNING : 2020-03-29 00:46:40: From /opt/python-3.6-packages/keras/2.2.4/keras/backend/tensorflow_backend.py:74: The name tf.get_default_graph is deprecated. Please use tf.compat.v1.get_default_graph instead.

WARNING : 2020-03-29 00:46:40: From /opt/python-3.6-packages/keras/2.2.4/keras/backend/tensorflow_backend.py:517: The name tf.placeholder is deprecated. Please use tf.compat.v1.placeholder instead.

WARNING : 2020-03-29 00:46:40: From /opt/python-3.6-packages/keras/2.2.4/keras/backend/tensorflow_backend.py:4138: The name tf.random_uniform is deprecated. Please use tf.random.uniform instead.

WARNING : 2020-03-29 00:46:40: From /opt/python-3.6-packages/keras/2.2.4/keras/backend/tensorflow_backend.py:3976: The name tf.nn.max_pool is deprecated. Please use tf.nn.max_pool2d instead.

WARNING : 2020-03-29 00:46:40: From /opt/python-3.6-packages/keras/2.2.4/keras/backend/tensorflow_backend.py:133: The name tf.placeholder_with_default is deprecated. Please use tf.compat.v1.placeholder_with_default instead.

WARNING : 2020-03-29 00:46:40: From /opt/python-3.6-packages/keras/2.2.4/keras/backend/tensorflow_backend.py:3445: calling dropout (from tensorflow.python.ops.nn_ops) with keep_prob is deprecated and will be removed in a future version.
Instructions for updating:
Please use `rate` instead of `keep_prob`. Rate should be set to `rate = 1 - keep_prob`.
WARNING : 2020-03-29 00:46:41: From /opt/python-3.6-packages/keras/2.2.4/keras/optimizers.py:790: The name tf.train.Optimizer is deprecated. Please use tf.compat.v1.train.Optimizer instead.

WARNING : 2020-03-29 00:46:41: From /opt/python-3.6-packages/keras/2.2.4/keras/backend/tensorflow_backend.py:3376: The name tf.log is deprecated. Please use tf.math.log instead.

WARNING : 2020-03-29 00:46:41: From /opt/python-3.6-packages/tensorflow-gpu/1.14.0/tensorflow/python/ops/nn_impl.py:180: add_dispatch_support.<locals>.wrapper (from tensorflow.python.ops.array_ops) is deprecated and will be removed in a future version.
Instructions for updating:
Use tf.where in 2.0, which has the same broadcast rule as np.where
INFO    : 2020-03-29 00:46:41: Setting class weights [0.57803747 3.70358911]
INFO    : 2020-03-29 00:46:41: Start training
INFO    : 2020-03-29 02:46:34: Finish training
INFO    : 2020-03-29 02:46:34: Finish savining model
INFO    : 2020-03-29 02:46:37: Patch threshold: 0.17035183310508728
INFO    : 2020-03-29 02:47:05: Patient threshold: 0.1875
INFO    : 2020-04-01 07:00:59: Finish data partition
INFO    : 2020-04-01 07:01:39: Finish loading 125685 patches from 648 studies
INFO    : 2020-04-01 07:01:39: With 16968 lesion patches and 108717 normal pancreas patches
INFO    : 2020-04-01 07:01:43: Finish loading 14117 patches from 72 studies
INFO    : 2020-04-01 07:01:43: With 1830 lesion patches and 12287 normal pancreas patches
WARNING : 2020-04-01 07:01:44: From /opt/python-3.6-packages/keras/2.2.4/keras/backend/tensorflow_backend.py:74: The name tf.get_default_graph is deprecated. Please use tf.compat.v1.get_default_graph instead.

WARNING : 2020-04-01 07:01:44: From /opt/python-3.6-packages/keras/2.2.4/keras/backend/tensorflow_backend.py:517: The name tf.placeholder is deprecated. Please use tf.compat.v1.placeholder instead.

WARNING : 2020-04-01 07:01:44: From /opt/python-3.6-packages/keras/2.2.4/keras/backend/tensorflow_backend.py:4138: The name tf.random_uniform is deprecated. Please use tf.random.uniform instead.

WARNING : 2020-04-01 07:01:44: From /opt/python-3.6-packages/keras/2.2.4/keras/backend/tensorflow_backend.py:3976: The name tf.nn.max_pool is deprecated. Please use tf.nn.max_pool2d instead.

WARNING : 2020-04-01 07:01:44: From /opt/python-3.6-packages/keras/2.2.4/keras/backend/tensorflow_backend.py:133: The name tf.placeholder_with_default is deprecated. Please use tf.compat.v1.placeholder_with_default instead.

WARNING : 2020-04-01 07:01:44: From /opt/python-3.6-packages/keras/2.2.4/keras/backend/tensorflow_backend.py:3445: calling dropout (from tensorflow.python.ops.nn_ops) with keep_prob is deprecated and will be removed in a future version.
Instructions for updating:
Please use `rate` instead of `keep_prob`. Rate should be set to `rate = 1 - keep_prob`.
WARNING : 2020-04-01 07:01:44: From /opt/python-3.6-packages/keras/2.2.4/keras/optimizers.py:790: The name tf.train.Optimizer is deprecated. Please use tf.compat.v1.train.Optimizer instead.

WARNING : 2020-04-01 07:01:44: From /opt/python-3.6-packages/keras/2.2.4/keras/backend/tensorflow_backend.py:3376: The name tf.log is deprecated. Please use tf.math.log instead.

WARNING : 2020-04-01 07:01:44: From /opt/python-3.6-packages/tensorflow-gpu/1.14.0/tensorflow/python/ops/nn_impl.py:180: add_dispatch_support.<locals>.wrapper (from tensorflow.python.ops.array_ops) is deprecated and will be removed in a future version.
Instructions for updating:
Use tf.where in 2.0, which has the same broadcast rule as np.where
INFO    : 2020-04-01 07:01:44: Setting class weights [0.57803747 3.70358911]
INFO    : 2020-04-01 07:01:44: Start training
INFO    : 2020-04-01 08:25:11: Finish training
INFO    : 2020-04-01 08:25:11: Finish savining model
INFO    : 2020-04-01 08:25:15: Patch threshold: 0.14992335438728333
INFO    : 2020-04-01 08:25:42: Patient threshold: 0.23076923076923078
