INFO    : 2020-03-29 23:43:59: Finish data partition
INFO    : 2020-03-29 23:44:45: Finish loading 122827 patches from 648 studies
INFO    : 2020-03-29 23:44:45: With 14929 lesion patches and 107898 normal pancreas patches
INFO    : 2020-03-29 23:44:49: Finish loading 14037 patches from 72 studies
INFO    : 2020-03-29 23:44:49: With 2009 lesion patches and 12028 normal pancreas patches
WARNING : 2020-03-29 23:44:50: From /opt/python-3.6-packages/keras/2.2.4/keras/backend/tensorflow_backend.py:74: The name tf.get_default_graph is deprecated. Please use tf.compat.v1.get_default_graph instead.

WARNING : 2020-03-29 23:44:50: From /opt/python-3.6-packages/keras/2.2.4/keras/backend/tensorflow_backend.py:517: The name tf.placeholder is deprecated. Please use tf.compat.v1.placeholder instead.

WARNING : 2020-03-29 23:44:50: From /opt/python-3.6-packages/keras/2.2.4/keras/backend/tensorflow_backend.py:4138: The name tf.random_uniform is deprecated. Please use tf.random.uniform instead.

WARNING : 2020-03-29 23:44:50: From /opt/python-3.6-packages/keras/2.2.4/keras/backend/tensorflow_backend.py:3976: The name tf.nn.max_pool is deprecated. Please use tf.nn.max_pool2d instead.

WARNING : 2020-03-29 23:44:50: From /opt/python-3.6-packages/keras/2.2.4/keras/backend/tensorflow_backend.py:133: The name tf.placeholder_with_default is deprecated. Please use tf.compat.v1.placeholder_with_default instead.

WARNING : 2020-03-29 23:44:50: From /opt/python-3.6-packages/keras/2.2.4/keras/backend/tensorflow_backend.py:3445: calling dropout (from tensorflow.python.ops.nn_ops) with keep_prob is deprecated and will be removed in a future version.
Instructions for updating:
Please use `rate` instead of `keep_prob`. Rate should be set to `rate = 1 - keep_prob`.
WARNING : 2020-03-29 23:44:50: From /opt/python-3.6-packages/keras/2.2.4/keras/optimizers.py:790: The name tf.train.Optimizer is deprecated. Please use tf.compat.v1.train.Optimizer instead.

WARNING : 2020-03-29 23:44:50: From /opt/python-3.6-packages/keras/2.2.4/keras/backend/tensorflow_backend.py:3376: The name tf.log is deprecated. Please use tf.math.log instead.

WARNING : 2020-03-29 23:44:50: From /opt/python-3.6-packages/tensorflow-gpu/1.14.0/tensorflow/python/ops/nn_impl.py:180: add_dispatch_support.<locals>.wrapper (from tensorflow.python.ops.array_ops) is deprecated and will be removed in a future version.
Instructions for updating:
Use tf.where in 2.0, which has the same broadcast rule as np.where
INFO    : 2020-03-29 23:44:50: Setting class weights [0.56918108 4.11370487]
INFO    : 2020-03-29 23:44:50: Start training
INFO    : 2020-03-30 01:06:12: Finish training
INFO    : 2020-03-30 01:06:12: Finish savining model
INFO    : 2020-03-30 01:06:16: Patch threshold: 0.20116010308265686
INFO    : 2020-03-30 01:06:43: Patient threshold: 0.25
