INFO    : 2020-03-28 11:48:29: Finish data partition
INFO    : 2020-03-28 11:51:05: Finish loading 125861 patches from 648 studies
INFO    : 2020-03-28 11:51:05: With 17634 lesion patches and 108227 normal pancreas patches
INFO    : 2020-03-28 11:51:29: Finish loading 14143 patches from 72 studies
INFO    : 2020-03-28 11:51:29: With 1949 lesion patches and 12194 normal pancreas patches
WARNING : 2020-03-28 11:51:30: From /opt/python-3.6-packages/keras/2.2.4/keras/backend/tensorflow_backend.py:74: The name tf.get_default_graph is deprecated. Please use tf.compat.v1.get_default_graph instead.

WARNING : 2020-03-28 11:51:30: From /opt/python-3.6-packages/keras/2.2.4/keras/backend/tensorflow_backend.py:517: The name tf.placeholder is deprecated. Please use tf.compat.v1.placeholder instead.

WARNING : 2020-03-28 11:51:30: From /opt/python-3.6-packages/keras/2.2.4/keras/backend/tensorflow_backend.py:4138: The name tf.random_uniform is deprecated. Please use tf.random.uniform instead.

WARNING : 2020-03-28 11:51:30: From /opt/python-3.6-packages/keras/2.2.4/keras/backend/tensorflow_backend.py:3976: The name tf.nn.max_pool is deprecated. Please use tf.nn.max_pool2d instead.

WARNING : 2020-03-28 11:51:30: From /opt/python-3.6-packages/keras/2.2.4/keras/backend/tensorflow_backend.py:133: The name tf.placeholder_with_default is deprecated. Please use tf.compat.v1.placeholder_with_default instead.

WARNING : 2020-03-28 11:51:30: From /opt/python-3.6-packages/keras/2.2.4/keras/backend/tensorflow_backend.py:3445: calling dropout (from tensorflow.python.ops.nn_ops) with keep_prob is deprecated and will be removed in a future version.
Instructions for updating:
Please use `rate` instead of `keep_prob`. Rate should be set to `rate = 1 - keep_prob`.
WARNING : 2020-03-28 11:51:30: From /opt/python-3.6-packages/keras/2.2.4/keras/optimizers.py:790: The name tf.train.Optimizer is deprecated. Please use tf.compat.v1.train.Optimizer instead.

WARNING : 2020-03-28 11:51:30: From /opt/python-3.6-packages/keras/2.2.4/keras/backend/tensorflow_backend.py:3376: The name tf.log is deprecated. Please use tf.math.log instead.

WARNING : 2020-03-28 11:51:30: From /opt/python-3.6-packages/tensorflow-gpu/1.14.0/tensorflow/python/ops/nn_impl.py:180: add_dispatch_support.<locals>.wrapper (from tensorflow.python.ops.array_ops) is deprecated and will be removed in a future version.
Instructions for updating:
Use tf.where in 2.0, which has the same broadcast rule as np.where
INFO    : 2020-03-28 11:51:30: Setting class weights [0.58146766 3.56870251]
INFO    : 2020-03-28 11:51:30: Start training
INFO    : 2020-03-28 13:00:58: Finish training
INFO    : 2020-03-28 13:00:58: Finish savining model
INFO    : 2020-03-28 13:01:01: Patch threshold: 0.24524253606796265
INFO    : 2020-03-28 13:01:29: Patient threshold: 0.16666666666666666
INFO    : 2020-03-31 11:59:53: Finish data partition
INFO    : 2020-03-31 12:01:24: Finish loading 125861 patches from 648 studies
INFO    : 2020-03-31 12:01:24: With 17634 lesion patches and 108227 normal pancreas patches
INFO    : 2020-03-31 12:01:41: Finish loading 14143 patches from 72 studies
INFO    : 2020-03-31 12:01:41: With 1949 lesion patches and 12194 normal pancreas patches
WARNING : 2020-03-31 12:01:41: From /opt/python-3.6-packages/keras/2.2.4/keras/backend/tensorflow_backend.py:74: The name tf.get_default_graph is deprecated. Please use tf.compat.v1.get_default_graph instead.

WARNING : 2020-03-31 12:01:41: From /opt/python-3.6-packages/keras/2.2.4/keras/backend/tensorflow_backend.py:517: The name tf.placeholder is deprecated. Please use tf.compat.v1.placeholder instead.

WARNING : 2020-03-31 12:01:41: From /opt/python-3.6-packages/keras/2.2.4/keras/backend/tensorflow_backend.py:4138: The name tf.random_uniform is deprecated. Please use tf.random.uniform instead.

WARNING : 2020-03-31 12:01:41: From /opt/python-3.6-packages/keras/2.2.4/keras/backend/tensorflow_backend.py:3976: The name tf.nn.max_pool is deprecated. Please use tf.nn.max_pool2d instead.

WARNING : 2020-03-31 12:01:41: From /opt/python-3.6-packages/keras/2.2.4/keras/backend/tensorflow_backend.py:133: The name tf.placeholder_with_default is deprecated. Please use tf.compat.v1.placeholder_with_default instead.

WARNING : 2020-03-31 12:01:41: From /opt/python-3.6-packages/keras/2.2.4/keras/backend/tensorflow_backend.py:3445: calling dropout (from tensorflow.python.ops.nn_ops) with keep_prob is deprecated and will be removed in a future version.
Instructions for updating:
Please use `rate` instead of `keep_prob`. Rate should be set to `rate = 1 - keep_prob`.
WARNING : 2020-03-31 12:01:41: From /opt/python-3.6-packages/keras/2.2.4/keras/optimizers.py:790: The name tf.train.Optimizer is deprecated. Please use tf.compat.v1.train.Optimizer instead.

WARNING : 2020-03-31 12:01:41: From /opt/python-3.6-packages/keras/2.2.4/keras/backend/tensorflow_backend.py:3376: The name tf.log is deprecated. Please use tf.math.log instead.

WARNING : 2020-03-31 12:01:41: From /opt/python-3.6-packages/tensorflow-gpu/1.14.0/tensorflow/python/ops/nn_impl.py:180: add_dispatch_support.<locals>.wrapper (from tensorflow.python.ops.array_ops) is deprecated and will be removed in a future version.
Instructions for updating:
Use tf.where in 2.0, which has the same broadcast rule as np.where
INFO    : 2020-03-31 12:01:42: Setting class weights [0.58146766 3.56870251]
INFO    : 2020-03-31 12:01:42: Start training
INFO    : 2020-03-31 13:24:04: Finish training
INFO    : 2020-03-31 13:24:04: Finish savining model
INFO    : 2020-03-31 13:24:07: Patch threshold: 0.2724374234676361
INFO    : 2020-03-31 13:24:34: Patient threshold: 0.23076923076923078
INFO    : 2020-03-31 17:26:13: Finish data partition
INFO    : 2020-03-31 17:26:52: Finish loading 125861 patches from 648 studies
INFO    : 2020-03-31 17:26:52: With 17634 lesion patches and 108227 normal pancreas patches
INFO    : 2020-03-31 17:26:57: Finish loading 14143 patches from 72 studies
INFO    : 2020-03-31 17:26:57: With 1949 lesion patches and 12194 normal pancreas patches
WARNING : 2020-03-31 17:26:58: From /opt/python-3.6-packages/keras/2.2.4/keras/backend/tensorflow_backend.py:74: The name tf.get_default_graph is deprecated. Please use tf.compat.v1.get_default_graph instead.

WARNING : 2020-03-31 17:26:58: From /opt/python-3.6-packages/keras/2.2.4/keras/backend/tensorflow_backend.py:517: The name tf.placeholder is deprecated. Please use tf.compat.v1.placeholder instead.

WARNING : 2020-03-31 17:26:58: From /opt/python-3.6-packages/keras/2.2.4/keras/backend/tensorflow_backend.py:4138: The name tf.random_uniform is deprecated. Please use tf.random.uniform instead.

WARNING : 2020-03-31 17:26:58: From /opt/python-3.6-packages/keras/2.2.4/keras/backend/tensorflow_backend.py:3976: The name tf.nn.max_pool is deprecated. Please use tf.nn.max_pool2d instead.

WARNING : 2020-03-31 17:26:58: From /opt/python-3.6-packages/keras/2.2.4/keras/backend/tensorflow_backend.py:133: The name tf.placeholder_with_default is deprecated. Please use tf.compat.v1.placeholder_with_default instead.

WARNING : 2020-03-31 17:26:58: From /opt/python-3.6-packages/keras/2.2.4/keras/backend/tensorflow_backend.py:3445: calling dropout (from tensorflow.python.ops.nn_ops) with keep_prob is deprecated and will be removed in a future version.
Instructions for updating:
Please use `rate` instead of `keep_prob`. Rate should be set to `rate = 1 - keep_prob`.
WARNING : 2020-03-31 17:26:58: From /opt/python-3.6-packages/keras/2.2.4/keras/optimizers.py:790: The name tf.train.Optimizer is deprecated. Please use tf.compat.v1.train.Optimizer instead.

WARNING : 2020-03-31 17:26:58: From /opt/python-3.6-packages/keras/2.2.4/keras/backend/tensorflow_backend.py:3376: The name tf.log is deprecated. Please use tf.math.log instead.

WARNING : 2020-03-31 17:26:58: From /opt/python-3.6-packages/tensorflow-gpu/1.14.0/tensorflow/python/ops/nn_impl.py:180: add_dispatch_support.<locals>.wrapper (from tensorflow.python.ops.array_ops) is deprecated and will be removed in a future version.
Instructions for updating:
Use tf.where in 2.0, which has the same broadcast rule as np.where
INFO    : 2020-03-31 17:26:58: Setting class weights [0.58146766 3.56870251]
INFO    : 2020-03-31 17:26:58: Start training
INFO    : 2020-03-31 18:49:34: Finish training
INFO    : 2020-03-31 18:49:34: Finish savining model
INFO    : 2020-03-31 18:49:38: Patch threshold: 0.1700320839881897
INFO    : 2020-03-31 18:50:05: Patient threshold: 0.25
