INFO    : 2020-03-28 20:00:46: Finish data partition
INFO    : 2020-03-28 20:01:23: Finish loading 122827 patches from 648 studies
INFO    : 2020-03-28 20:01:23: With 14929 lesion patches and 107898 normal pancreas patches
INFO    : 2020-03-28 20:01:27: Finish loading 14037 patches from 72 studies
INFO    : 2020-03-28 20:01:27: With 2009 lesion patches and 12028 normal pancreas patches
WARNING : 2020-03-28 20:01:28: From /opt/python-3.6-packages/keras/2.2.4/keras/backend/tensorflow_backend.py:74: The name tf.get_default_graph is deprecated. Please use tf.compat.v1.get_default_graph instead.

WARNING : 2020-03-28 20:01:28: From /opt/python-3.6-packages/keras/2.2.4/keras/backend/tensorflow_backend.py:517: The name tf.placeholder is deprecated. Please use tf.compat.v1.placeholder instead.

WARNING : 2020-03-28 20:01:28: From /opt/python-3.6-packages/keras/2.2.4/keras/backend/tensorflow_backend.py:4138: The name tf.random_uniform is deprecated. Please use tf.random.uniform instead.

WARNING : 2020-03-28 20:01:28: From /opt/python-3.6-packages/keras/2.2.4/keras/backend/tensorflow_backend.py:3976: The name tf.nn.max_pool is deprecated. Please use tf.nn.max_pool2d instead.

WARNING : 2020-03-28 20:01:28: From /opt/python-3.6-packages/keras/2.2.4/keras/backend/tensorflow_backend.py:133: The name tf.placeholder_with_default is deprecated. Please use tf.compat.v1.placeholder_with_default instead.

WARNING : 2020-03-28 20:01:28: From /opt/python-3.6-packages/keras/2.2.4/keras/backend/tensorflow_backend.py:3445: calling dropout (from tensorflow.python.ops.nn_ops) with keep_prob is deprecated and will be removed in a future version.
Instructions for updating:
Please use `rate` instead of `keep_prob`. Rate should be set to `rate = 1 - keep_prob`.
WARNING : 2020-03-28 20:01:28: From /opt/python-3.6-packages/keras/2.2.4/keras/optimizers.py:790: The name tf.train.Optimizer is deprecated. Please use tf.compat.v1.train.Optimizer instead.

WARNING : 2020-03-28 20:01:28: From /opt/python-3.6-packages/keras/2.2.4/keras/backend/tensorflow_backend.py:3376: The name tf.log is deprecated. Please use tf.math.log instead.

WARNING : 2020-03-28 20:01:28: From /opt/python-3.6-packages/tensorflow-gpu/1.14.0/tensorflow/python/ops/nn_impl.py:180: add_dispatch_support.<locals>.wrapper (from tensorflow.python.ops.array_ops) is deprecated and will be removed in a future version.
Instructions for updating:
Use tf.where in 2.0, which has the same broadcast rule as np.where
INFO    : 2020-03-28 20:01:28: Setting class weights [0.56918108 4.11370487]
INFO    : 2020-03-28 20:01:28: Start training
INFO    : 2020-03-28 21:31:03: Finish training
INFO    : 2020-03-28 21:31:03: Finish savining model
INFO    : 2020-03-28 21:31:07: Patch threshold: 0.14419609308242798
INFO    : 2020-03-28 21:31:34: Patient threshold: 0.2765957446808511
INFO    : 2020-04-01 02:02:13: Finish data partition
INFO    : 2020-04-01 02:02:53: Finish loading 122827 patches from 648 studies
INFO    : 2020-04-01 02:02:53: With 14929 lesion patches and 107898 normal pancreas patches
INFO    : 2020-04-01 02:02:57: Finish loading 14037 patches from 72 studies
INFO    : 2020-04-01 02:02:57: With 2009 lesion patches and 12028 normal pancreas patches
WARNING : 2020-04-01 02:02:57: From /opt/python-3.6-packages/keras/2.2.4/keras/backend/tensorflow_backend.py:74: The name tf.get_default_graph is deprecated. Please use tf.compat.v1.get_default_graph instead.

WARNING : 2020-04-01 02:02:57: From /opt/python-3.6-packages/keras/2.2.4/keras/backend/tensorflow_backend.py:517: The name tf.placeholder is deprecated. Please use tf.compat.v1.placeholder instead.

WARNING : 2020-04-01 02:02:57: From /opt/python-3.6-packages/keras/2.2.4/keras/backend/tensorflow_backend.py:4138: The name tf.random_uniform is deprecated. Please use tf.random.uniform instead.

WARNING : 2020-04-01 02:02:57: From /opt/python-3.6-packages/keras/2.2.4/keras/backend/tensorflow_backend.py:3976: The name tf.nn.max_pool is deprecated. Please use tf.nn.max_pool2d instead.

WARNING : 2020-04-01 02:02:57: From /opt/python-3.6-packages/keras/2.2.4/keras/backend/tensorflow_backend.py:133: The name tf.placeholder_with_default is deprecated. Please use tf.compat.v1.placeholder_with_default instead.

WARNING : 2020-04-01 02:02:57: From /opt/python-3.6-packages/keras/2.2.4/keras/backend/tensorflow_backend.py:3445: calling dropout (from tensorflow.python.ops.nn_ops) with keep_prob is deprecated and will be removed in a future version.
Instructions for updating:
Please use `rate` instead of `keep_prob`. Rate should be set to `rate = 1 - keep_prob`.
WARNING : 2020-04-01 02:02:58: From /opt/python-3.6-packages/keras/2.2.4/keras/optimizers.py:790: The name tf.train.Optimizer is deprecated. Please use tf.compat.v1.train.Optimizer instead.

WARNING : 2020-04-01 02:02:58: From /opt/python-3.6-packages/keras/2.2.4/keras/backend/tensorflow_backend.py:3376: The name tf.log is deprecated. Please use tf.math.log instead.

WARNING : 2020-04-01 02:02:58: From /opt/python-3.6-packages/tensorflow-gpu/1.14.0/tensorflow/python/ops/nn_impl.py:180: add_dispatch_support.<locals>.wrapper (from tensorflow.python.ops.array_ops) is deprecated and will be removed in a future version.
Instructions for updating:
Use tf.where in 2.0, which has the same broadcast rule as np.where
INFO    : 2020-04-01 02:02:58: Setting class weights [0.56918108 4.11370487]
INFO    : 2020-04-01 02:02:58: Start training
INFO    : 2020-04-01 03:19:26: Finish training
INFO    : 2020-04-01 03:19:26: Finish savining model
INFO    : 2020-04-01 03:19:29: Patch threshold: 0.18763601779937744
INFO    : 2020-04-01 03:19:56: Patient threshold: 0.16666666666666666
