INFO    : 2020-03-30 02:42:24: Finish data partition
INFO    : 2020-03-30 02:42:33: Finish loading 37223 patches from 221 studies
INFO    : 2020-03-30 02:42:33: With 6145 lesion patches and 31078 normal pancreas patches
INFO    : 2020-03-30 02:42:34: Finish loading 4561 patches from 25 studies
INFO    : 2020-03-30 02:42:34: With 889 lesion patches and 3672 normal pancreas patches
WARNING : 2020-03-30 02:42:34: From /opt/python-3.6-packages/keras/2.2.4/keras/backend/tensorflow_backend.py:74: The name tf.get_default_graph is deprecated. Please use tf.compat.v1.get_default_graph instead.

WARNING : 2020-03-30 02:42:34: From /opt/python-3.6-packages/keras/2.2.4/keras/backend/tensorflow_backend.py:517: The name tf.placeholder is deprecated. Please use tf.compat.v1.placeholder instead.

WARNING : 2020-03-30 02:42:34: From /opt/python-3.6-packages/keras/2.2.4/keras/backend/tensorflow_backend.py:4138: The name tf.random_uniform is deprecated. Please use tf.random.uniform instead.

WARNING : 2020-03-30 02:42:34: From /opt/python-3.6-packages/keras/2.2.4/keras/backend/tensorflow_backend.py:3976: The name tf.nn.max_pool is deprecated. Please use tf.nn.max_pool2d instead.

WARNING : 2020-03-30 02:42:35: From /opt/python-3.6-packages/keras/2.2.4/keras/backend/tensorflow_backend.py:133: The name tf.placeholder_with_default is deprecated. Please use tf.compat.v1.placeholder_with_default instead.

WARNING : 2020-03-30 02:42:35: From /opt/python-3.6-packages/keras/2.2.4/keras/backend/tensorflow_backend.py:3445: calling dropout (from tensorflow.python.ops.nn_ops) with keep_prob is deprecated and will be removed in a future version.
Instructions for updating:
Please use `rate` instead of `keep_prob`. Rate should be set to `rate = 1 - keep_prob`.
WARNING : 2020-03-30 02:42:35: From /opt/python-3.6-packages/keras/2.2.4/keras/backend/tensorflow_backend.py:174: The name tf.get_default_session is deprecated. Please use tf.compat.v1.get_default_session instead.

WARNING : 2020-03-30 02:42:35: From /opt/python-3.6-packages/keras/2.2.4/keras/optimizers.py:790: The name tf.train.Optimizer is deprecated. Please use tf.compat.v1.train.Optimizer instead.

WARNING : 2020-03-30 02:42:35: From /opt/python-3.6-packages/tensorflow-gpu/1.14.0/tensorflow/python/ops/nn_impl.py:180: add_dispatch_support.<locals>.wrapper (from tensorflow.python.ops.array_ops) is deprecated and will be removed in a future version.
Instructions for updating:
Use tf.where in 2.0, which has the same broadcast rule as np.where
INFO    : 2020-03-30 02:42:35: Setting class weights [0.59886415 3.02872254]
INFO    : 2020-03-30 02:42:35: Start training
INFO    : 2020-03-30 02:52:40: Finish training
INFO    : 2020-03-30 02:52:40: Finish savining model
INFO    : 2020-03-30 02:52:41: Patch threshold: 0.19788140058517456
INFO    : 2020-03-30 02:52:50: Patient threshold: 0.3333333333333333
INFO    : 2020-04-01 08:48:23: Finish data partition
INFO    : 2020-04-01 08:48:30: Finish loading 37223 patches from 221 studies
INFO    : 2020-04-01 08:48:30: With 6145 lesion patches and 31078 normal pancreas patches
INFO    : 2020-04-01 08:48:31: Finish loading 4561 patches from 25 studies
INFO    : 2020-04-01 08:48:31: With 889 lesion patches and 3672 normal pancreas patches
WARNING : 2020-04-01 08:48:31: From /opt/python-3.6-packages/keras/2.2.4/keras/backend/tensorflow_backend.py:74: The name tf.get_default_graph is deprecated. Please use tf.compat.v1.get_default_graph instead.

WARNING : 2020-04-01 08:48:31: From /opt/python-3.6-packages/keras/2.2.4/keras/backend/tensorflow_backend.py:517: The name tf.placeholder is deprecated. Please use tf.compat.v1.placeholder instead.

WARNING : 2020-04-01 08:48:31: From /opt/python-3.6-packages/keras/2.2.4/keras/backend/tensorflow_backend.py:4138: The name tf.random_uniform is deprecated. Please use tf.random.uniform instead.

WARNING : 2020-04-01 08:48:31: From /opt/python-3.6-packages/keras/2.2.4/keras/backend/tensorflow_backend.py:3976: The name tf.nn.max_pool is deprecated. Please use tf.nn.max_pool2d instead.

WARNING : 2020-04-01 08:48:31: From /opt/python-3.6-packages/keras/2.2.4/keras/backend/tensorflow_backend.py:133: The name tf.placeholder_with_default is deprecated. Please use tf.compat.v1.placeholder_with_default instead.

WARNING : 2020-04-01 08:48:31: From /opt/python-3.6-packages/keras/2.2.4/keras/backend/tensorflow_backend.py:3445: calling dropout (from tensorflow.python.ops.nn_ops) with keep_prob is deprecated and will be removed in a future version.
Instructions for updating:
Please use `rate` instead of `keep_prob`. Rate should be set to `rate = 1 - keep_prob`.
WARNING : 2020-04-01 08:48:31: From /opt/python-3.6-packages/keras/2.2.4/keras/backend/tensorflow_backend.py:174: The name tf.get_default_session is deprecated. Please use tf.compat.v1.get_default_session instead.

WARNING : 2020-04-01 08:48:31: From /opt/python-3.6-packages/keras/2.2.4/keras/optimizers.py:790: The name tf.train.Optimizer is deprecated. Please use tf.compat.v1.train.Optimizer instead.

WARNING : 2020-04-01 08:48:31: From /opt/python-3.6-packages/tensorflow-gpu/1.14.0/tensorflow/python/ops/nn_impl.py:180: add_dispatch_support.<locals>.wrapper (from tensorflow.python.ops.array_ops) is deprecated and will be removed in a future version.
Instructions for updating:
Use tf.where in 2.0, which has the same broadcast rule as np.where
INFO    : 2020-04-01 08:48:31: Setting class weights [0.59886415 3.02872254]
INFO    : 2020-04-01 08:48:31: Start training
INFO    : 2020-04-01 09:02:55: Finish training
INFO    : 2020-04-01 09:02:55: Finish savining model
INFO    : 2020-04-01 09:02:56: Patch threshold: 0.22788682579994202
INFO    : 2020-04-01 09:03:04: Patient threshold: 0.1875
