INFO    : 2020-03-29 16:17:56: Finish data partition
INFO    : 2020-03-29 16:18:35: Finish loading 125861 patches from 648 studies
INFO    : 2020-03-29 16:18:35: With 17634 lesion patches and 108227 normal pancreas patches
INFO    : 2020-03-29 16:18:40: Finish loading 14143 patches from 72 studies
INFO    : 2020-03-29 16:18:40: With 1949 lesion patches and 12194 normal pancreas patches
WARNING : 2020-03-29 16:18:41: From /opt/python-3.6-packages/keras/2.2.4/keras/backend/tensorflow_backend.py:74: The name tf.get_default_graph is deprecated. Please use tf.compat.v1.get_default_graph instead.

WARNING : 2020-03-29 16:18:41: From /opt/python-3.6-packages/keras/2.2.4/keras/backend/tensorflow_backend.py:517: The name tf.placeholder is deprecated. Please use tf.compat.v1.placeholder instead.

WARNING : 2020-03-29 16:18:41: From /opt/python-3.6-packages/keras/2.2.4/keras/backend/tensorflow_backend.py:4138: The name tf.random_uniform is deprecated. Please use tf.random.uniform instead.

WARNING : 2020-03-29 16:18:41: From /opt/python-3.6-packages/keras/2.2.4/keras/backend/tensorflow_backend.py:3976: The name tf.nn.max_pool is deprecated. Please use tf.nn.max_pool2d instead.

WARNING : 2020-03-29 16:18:41: From /opt/python-3.6-packages/keras/2.2.4/keras/backend/tensorflow_backend.py:133: The name tf.placeholder_with_default is deprecated. Please use tf.compat.v1.placeholder_with_default instead.

WARNING : 2020-03-29 16:18:41: From /opt/python-3.6-packages/keras/2.2.4/keras/backend/tensorflow_backend.py:3445: calling dropout (from tensorflow.python.ops.nn_ops) with keep_prob is deprecated and will be removed in a future version.
Instructions for updating:
Please use `rate` instead of `keep_prob`. Rate should be set to `rate = 1 - keep_prob`.
WARNING : 2020-03-29 16:18:41: From /opt/python-3.6-packages/keras/2.2.4/keras/optimizers.py:790: The name tf.train.Optimizer is deprecated. Please use tf.compat.v1.train.Optimizer instead.

WARNING : 2020-03-29 16:18:41: From /opt/python-3.6-packages/keras/2.2.4/keras/backend/tensorflow_backend.py:3376: The name tf.log is deprecated. Please use tf.math.log instead.

WARNING : 2020-03-29 16:18:41: From /opt/python-3.6-packages/tensorflow-gpu/1.14.0/tensorflow/python/ops/nn_impl.py:180: add_dispatch_support.<locals>.wrapper (from tensorflow.python.ops.array_ops) is deprecated and will be removed in a future version.
Instructions for updating:
Use tf.where in 2.0, which has the same broadcast rule as np.where
INFO    : 2020-03-29 16:18:41: Setting class weights [0.58146766 3.56870251]
INFO    : 2020-03-29 16:18:41: Start training
INFO    : 2020-03-29 17:28:44: Finish training
INFO    : 2020-03-29 17:28:44: Finish savining model
INFO    : 2020-03-29 17:28:48: Patch threshold: 0.24363380670547485
INFO    : 2020-03-29 17:29:15: Patient threshold: 0.125
INFO    : 2020-03-31 21:24:17: Finish data partition
INFO    : 2020-03-31 21:24:54: Finish loading 125861 patches from 648 studies
INFO    : 2020-03-31 21:24:54: With 17634 lesion patches and 108227 normal pancreas patches
INFO    : 2020-03-31 21:24:59: Finish loading 14143 patches from 72 studies
INFO    : 2020-03-31 21:24:59: With 1949 lesion patches and 12194 normal pancreas patches
WARNING : 2020-03-31 21:25:00: From /opt/python-3.6-packages/keras/2.2.4/keras/backend/tensorflow_backend.py:74: The name tf.get_default_graph is deprecated. Please use tf.compat.v1.get_default_graph instead.

WARNING : 2020-03-31 21:25:00: From /opt/python-3.6-packages/keras/2.2.4/keras/backend/tensorflow_backend.py:517: The name tf.placeholder is deprecated. Please use tf.compat.v1.placeholder instead.

WARNING : 2020-03-31 21:25:00: From /opt/python-3.6-packages/keras/2.2.4/keras/backend/tensorflow_backend.py:4138: The name tf.random_uniform is deprecated. Please use tf.random.uniform instead.

WARNING : 2020-03-31 21:25:00: From /opt/python-3.6-packages/keras/2.2.4/keras/backend/tensorflow_backend.py:3976: The name tf.nn.max_pool is deprecated. Please use tf.nn.max_pool2d instead.

WARNING : 2020-03-31 21:25:00: From /opt/python-3.6-packages/keras/2.2.4/keras/backend/tensorflow_backend.py:133: The name tf.placeholder_with_default is deprecated. Please use tf.compat.v1.placeholder_with_default instead.

WARNING : 2020-03-31 21:25:00: From /opt/python-3.6-packages/keras/2.2.4/keras/backend/tensorflow_backend.py:3445: calling dropout (from tensorflow.python.ops.nn_ops) with keep_prob is deprecated and will be removed in a future version.
Instructions for updating:
Please use `rate` instead of `keep_prob`. Rate should be set to `rate = 1 - keep_prob`.
WARNING : 2020-03-31 21:25:00: From /opt/python-3.6-packages/keras/2.2.4/keras/optimizers.py:790: The name tf.train.Optimizer is deprecated. Please use tf.compat.v1.train.Optimizer instead.

WARNING : 2020-03-31 21:25:00: From /opt/python-3.6-packages/keras/2.2.4/keras/backend/tensorflow_backend.py:3376: The name tf.log is deprecated. Please use tf.math.log instead.

WARNING : 2020-03-31 21:25:00: From /opt/python-3.6-packages/tensorflow-gpu/1.14.0/tensorflow/python/ops/nn_impl.py:180: add_dispatch_support.<locals>.wrapper (from tensorflow.python.ops.array_ops) is deprecated and will be removed in a future version.
Instructions for updating:
Use tf.where in 2.0, which has the same broadcast rule as np.where
INFO    : 2020-03-31 21:25:00: Setting class weights [0.58146766 3.56870251]
INFO    : 2020-03-31 21:25:00: Start training
INFO    : 2020-03-31 22:30:09: Finish training
INFO    : 2020-03-31 22:30:10: Finish savining model
INFO    : 2020-03-31 22:30:13: Patch threshold: 0.2411944568157196
INFO    : 2020-03-31 22:30:40: Patient threshold: 0.16666666666666666
