INFO    : 2020-03-28 16:51:01: Finish data partition
INFO    : 2020-03-28 16:51:41: Finish loading 126126 patches from 648 studies
INFO    : 2020-03-28 16:51:41: With 17147 lesion patches and 108979 normal pancreas patches
INFO    : 2020-03-28 16:51:47: Finish loading 14137 patches from 72 studies
INFO    : 2020-03-28 16:51:47: With 1826 lesion patches and 12311 normal pancreas patches
WARNING : 2020-03-28 16:51:47: From /opt/python-3.6-packages/keras/2.2.4/keras/backend/tensorflow_backend.py:74: The name tf.get_default_graph is deprecated. Please use tf.compat.v1.get_default_graph instead.

WARNING : 2020-03-28 16:51:47: From /opt/python-3.6-packages/keras/2.2.4/keras/backend/tensorflow_backend.py:517: The name tf.placeholder is deprecated. Please use tf.compat.v1.placeholder instead.

WARNING : 2020-03-28 16:51:47: From /opt/python-3.6-packages/keras/2.2.4/keras/backend/tensorflow_backend.py:4138: The name tf.random_uniform is deprecated. Please use tf.random.uniform instead.

WARNING : 2020-03-28 16:51:47: From /opt/python-3.6-packages/keras/2.2.4/keras/backend/tensorflow_backend.py:3976: The name tf.nn.max_pool is deprecated. Please use tf.nn.max_pool2d instead.

WARNING : 2020-03-28 16:51:47: From /opt/python-3.6-packages/keras/2.2.4/keras/backend/tensorflow_backend.py:133: The name tf.placeholder_with_default is deprecated. Please use tf.compat.v1.placeholder_with_default instead.

WARNING : 2020-03-28 16:51:47: From /opt/python-3.6-packages/keras/2.2.4/keras/backend/tensorflow_backend.py:3445: calling dropout (from tensorflow.python.ops.nn_ops) with keep_prob is deprecated and will be removed in a future version.
Instructions for updating:
Please use `rate` instead of `keep_prob`. Rate should be set to `rate = 1 - keep_prob`.
WARNING : 2020-03-28 16:51:47: From /opt/python-3.6-packages/keras/2.2.4/keras/optimizers.py:790: The name tf.train.Optimizer is deprecated. Please use tf.compat.v1.train.Optimizer instead.

WARNING : 2020-03-28 16:51:47: From /opt/python-3.6-packages/keras/2.2.4/keras/backend/tensorflow_backend.py:3376: The name tf.log is deprecated. Please use tf.math.log instead.

WARNING : 2020-03-28 16:51:47: From /opt/python-3.6-packages/tensorflow-gpu/1.14.0/tensorflow/python/ops/nn_impl.py:180: add_dispatch_support.<locals>.wrapper (from tensorflow.python.ops.array_ops) is deprecated and will be removed in a future version.
Instructions for updating:
Use tf.where in 2.0, which has the same broadcast rule as np.where
INFO    : 2020-03-28 16:51:47: Setting class weights [0.57867112 3.6777862 ]
INFO    : 2020-03-28 16:51:47: Start training
INFO    : 2020-03-28 18:05:39: Finish training
INFO    : 2020-03-28 18:05:39: Finish savining model
INFO    : 2020-03-28 18:05:43: Patch threshold: 0.09461513161659241
INFO    : 2020-03-28 18:06:10: Patient threshold: 0.3617021276595745
INFO    : 2020-03-31 22:24:20: Finish data partition
INFO    : 2020-03-31 22:25:02: Finish loading 126126 patches from 648 studies
INFO    : 2020-03-31 22:25:02: With 17147 lesion patches and 108979 normal pancreas patches
INFO    : 2020-03-31 22:25:07: Finish loading 14137 patches from 72 studies
INFO    : 2020-03-31 22:25:07: With 1826 lesion patches and 12311 normal pancreas patches
WARNING : 2020-03-31 22:25:07: From /opt/python-3.6-packages/keras/2.2.4/keras/backend/tensorflow_backend.py:74: The name tf.get_default_graph is deprecated. Please use tf.compat.v1.get_default_graph instead.

WARNING : 2020-03-31 22:25:07: From /opt/python-3.6-packages/keras/2.2.4/keras/backend/tensorflow_backend.py:517: The name tf.placeholder is deprecated. Please use tf.compat.v1.placeholder instead.

WARNING : 2020-03-31 22:25:07: From /opt/python-3.6-packages/keras/2.2.4/keras/backend/tensorflow_backend.py:4138: The name tf.random_uniform is deprecated. Please use tf.random.uniform instead.

WARNING : 2020-03-31 22:25:07: From /opt/python-3.6-packages/keras/2.2.4/keras/backend/tensorflow_backend.py:3976: The name tf.nn.max_pool is deprecated. Please use tf.nn.max_pool2d instead.

WARNING : 2020-03-31 22:25:07: From /opt/python-3.6-packages/keras/2.2.4/keras/backend/tensorflow_backend.py:133: The name tf.placeholder_with_default is deprecated. Please use tf.compat.v1.placeholder_with_default instead.

WARNING : 2020-03-31 22:25:07: From /opt/python-3.6-packages/keras/2.2.4/keras/backend/tensorflow_backend.py:3445: calling dropout (from tensorflow.python.ops.nn_ops) with keep_prob is deprecated and will be removed in a future version.
Instructions for updating:
Please use `rate` instead of `keep_prob`. Rate should be set to `rate = 1 - keep_prob`.
WARNING : 2020-03-31 22:25:08: From /opt/python-3.6-packages/keras/2.2.4/keras/optimizers.py:790: The name tf.train.Optimizer is deprecated. Please use tf.compat.v1.train.Optimizer instead.

WARNING : 2020-03-31 22:25:08: From /opt/python-3.6-packages/keras/2.2.4/keras/backend/tensorflow_backend.py:3376: The name tf.log is deprecated. Please use tf.math.log instead.

WARNING : 2020-03-31 22:25:08: From /opt/python-3.6-packages/tensorflow-gpu/1.14.0/tensorflow/python/ops/nn_impl.py:180: add_dispatch_support.<locals>.wrapper (from tensorflow.python.ops.array_ops) is deprecated and will be removed in a future version.
Instructions for updating:
Use tf.where in 2.0, which has the same broadcast rule as np.where
INFO    : 2020-03-31 22:25:08: Setting class weights [0.57867112 3.6777862 ]
INFO    : 2020-03-31 22:25:08: Start training
INFO    : 2020-03-31 23:46:55: Finish training
INFO    : 2020-03-31 23:46:55: Finish savining model
INFO    : 2020-03-31 23:46:58: Patch threshold: 0.20676317811012268
INFO    : 2020-03-31 23:47:26: Patient threshold: 0.25
