INFO    : 2020-03-29 19:24:06: Finish data partition
INFO    : 2020-03-29 19:24:45: Finish loading 125996 patches from 648 studies
INFO    : 2020-03-29 19:24:45: With 17145 lesion patches and 108851 normal pancreas patches
INFO    : 2020-03-29 19:24:50: Finish loading 14182 patches from 72 studies
INFO    : 2020-03-29 19:24:50: With 1860 lesion patches and 12322 normal pancreas patches
WARNING : 2020-03-29 19:24:50: From /opt/python-3.6-packages/keras/2.2.4/keras/backend/tensorflow_backend.py:74: The name tf.get_default_graph is deprecated. Please use tf.compat.v1.get_default_graph instead.

WARNING : 2020-03-29 19:24:50: From /opt/python-3.6-packages/keras/2.2.4/keras/backend/tensorflow_backend.py:517: The name tf.placeholder is deprecated. Please use tf.compat.v1.placeholder instead.

WARNING : 2020-03-29 19:24:50: From /opt/python-3.6-packages/keras/2.2.4/keras/backend/tensorflow_backend.py:4138: The name tf.random_uniform is deprecated. Please use tf.random.uniform instead.

WARNING : 2020-03-29 19:24:50: From /opt/python-3.6-packages/keras/2.2.4/keras/backend/tensorflow_backend.py:3976: The name tf.nn.max_pool is deprecated. Please use tf.nn.max_pool2d instead.

WARNING : 2020-03-29 19:24:50: From /opt/python-3.6-packages/keras/2.2.4/keras/backend/tensorflow_backend.py:133: The name tf.placeholder_with_default is deprecated. Please use tf.compat.v1.placeholder_with_default instead.

WARNING : 2020-03-29 19:24:50: From /opt/python-3.6-packages/keras/2.2.4/keras/backend/tensorflow_backend.py:3445: calling dropout (from tensorflow.python.ops.nn_ops) with keep_prob is deprecated and will be removed in a future version.
Instructions for updating:
Please use `rate` instead of `keep_prob`. Rate should be set to `rate = 1 - keep_prob`.
WARNING : 2020-03-29 19:24:50: From /opt/python-3.6-packages/keras/2.2.4/keras/optimizers.py:790: The name tf.train.Optimizer is deprecated. Please use tf.compat.v1.train.Optimizer instead.

WARNING : 2020-03-29 19:24:50: From /opt/python-3.6-packages/keras/2.2.4/keras/backend/tensorflow_backend.py:3376: The name tf.log is deprecated. Please use tf.math.log instead.

WARNING : 2020-03-29 19:24:50: From /opt/python-3.6-packages/tensorflow-gpu/1.14.0/tensorflow/python/ops/nn_impl.py:180: add_dispatch_support.<locals>.wrapper (from tensorflow.python.ops.array_ops) is deprecated and will be removed in a future version.
Instructions for updating:
Use tf.where in 2.0, which has the same broadcast rule as np.where
INFO    : 2020-03-29 19:24:51: Setting class weights [0.57875444 3.67442403]
INFO    : 2020-03-29 19:24:51: Start training
INFO    : 2020-03-29 20:30:39: Finish training
INFO    : 2020-03-29 20:30:39: Finish savining model
INFO    : 2020-03-29 20:30:43: Patch threshold: 0.22211125493049622
INFO    : 2020-03-29 20:31:10: Patient threshold: 0.2
INFO    : 2020-04-01 00:33:23: Finish data partition
INFO    : 2020-04-01 00:34:00: Finish loading 125996 patches from 648 studies
INFO    : 2020-04-01 00:34:00: With 17145 lesion patches and 108851 normal pancreas patches
INFO    : 2020-04-01 00:34:04: Finish loading 14182 patches from 72 studies
INFO    : 2020-04-01 00:34:04: With 1860 lesion patches and 12322 normal pancreas patches
WARNING : 2020-04-01 00:34:05: From /opt/python-3.6-packages/keras/2.2.4/keras/backend/tensorflow_backend.py:74: The name tf.get_default_graph is deprecated. Please use tf.compat.v1.get_default_graph instead.

WARNING : 2020-04-01 00:34:05: From /opt/python-3.6-packages/keras/2.2.4/keras/backend/tensorflow_backend.py:517: The name tf.placeholder is deprecated. Please use tf.compat.v1.placeholder instead.

WARNING : 2020-04-01 00:34:05: From /opt/python-3.6-packages/keras/2.2.4/keras/backend/tensorflow_backend.py:4138: The name tf.random_uniform is deprecated. Please use tf.random.uniform instead.

WARNING : 2020-04-01 00:34:05: From /opt/python-3.6-packages/keras/2.2.4/keras/backend/tensorflow_backend.py:3976: The name tf.nn.max_pool is deprecated. Please use tf.nn.max_pool2d instead.

WARNING : 2020-04-01 00:34:05: From /opt/python-3.6-packages/keras/2.2.4/keras/backend/tensorflow_backend.py:133: The name tf.placeholder_with_default is deprecated. Please use tf.compat.v1.placeholder_with_default instead.

WARNING : 2020-04-01 00:34:05: From /opt/python-3.6-packages/keras/2.2.4/keras/backend/tensorflow_backend.py:3445: calling dropout (from tensorflow.python.ops.nn_ops) with keep_prob is deprecated and will be removed in a future version.
Instructions for updating:
Please use `rate` instead of `keep_prob`. Rate should be set to `rate = 1 - keep_prob`.
WARNING : 2020-04-01 00:34:05: From /opt/python-3.6-packages/keras/2.2.4/keras/optimizers.py:790: The name tf.train.Optimizer is deprecated. Please use tf.compat.v1.train.Optimizer instead.

WARNING : 2020-04-01 00:34:05: From /opt/python-3.6-packages/keras/2.2.4/keras/backend/tensorflow_backend.py:3376: The name tf.log is deprecated. Please use tf.math.log instead.

WARNING : 2020-04-01 00:34:05: From /opt/python-3.6-packages/tensorflow-gpu/1.14.0/tensorflow/python/ops/nn_impl.py:180: add_dispatch_support.<locals>.wrapper (from tensorflow.python.ops.array_ops) is deprecated and will be removed in a future version.
Instructions for updating:
Use tf.where in 2.0, which has the same broadcast rule as np.where
INFO    : 2020-04-01 00:34:05: Setting class weights [0.57875444 3.67442403]
INFO    : 2020-04-01 00:34:05: Start training
INFO    : 2020-04-01 01:59:39: Finish training
INFO    : 2020-04-01 01:59:39: Finish savining model
INFO    : 2020-04-01 01:59:42: Patch threshold: 0.22151392698287964
INFO    : 2020-04-01 02:00:10: Patient threshold: 0.23404255319148937
