INFO    : 2020-03-29 20:40:13: Finish data partition
INFO    : 2020-03-29 20:40:53: Finish loading 126126 patches from 648 studies
INFO    : 2020-03-29 20:40:53: With 17147 lesion patches and 108979 normal pancreas patches
INFO    : 2020-03-29 20:40:57: Finish loading 14137 patches from 72 studies
INFO    : 2020-03-29 20:40:57: With 1826 lesion patches and 12311 normal pancreas patches
WARNING : 2020-03-29 20:40:58: From /opt/python-3.6-packages/keras/2.2.4/keras/backend/tensorflow_backend.py:74: The name tf.get_default_graph is deprecated. Please use tf.compat.v1.get_default_graph instead.

WARNING : 2020-03-29 20:40:58: From /opt/python-3.6-packages/keras/2.2.4/keras/backend/tensorflow_backend.py:517: The name tf.placeholder is deprecated. Please use tf.compat.v1.placeholder instead.

WARNING : 2020-03-29 20:40:58: From /opt/python-3.6-packages/keras/2.2.4/keras/backend/tensorflow_backend.py:4138: The name tf.random_uniform is deprecated. Please use tf.random.uniform instead.

WARNING : 2020-03-29 20:40:58: From /opt/python-3.6-packages/keras/2.2.4/keras/backend/tensorflow_backend.py:3976: The name tf.nn.max_pool is deprecated. Please use tf.nn.max_pool2d instead.

WARNING : 2020-03-29 20:40:58: From /opt/python-3.6-packages/keras/2.2.4/keras/backend/tensorflow_backend.py:133: The name tf.placeholder_with_default is deprecated. Please use tf.compat.v1.placeholder_with_default instead.

WARNING : 2020-03-29 20:40:58: From /opt/python-3.6-packages/keras/2.2.4/keras/backend/tensorflow_backend.py:3445: calling dropout (from tensorflow.python.ops.nn_ops) with keep_prob is deprecated and will be removed in a future version.
Instructions for updating:
Please use `rate` instead of `keep_prob`. Rate should be set to `rate = 1 - keep_prob`.
WARNING : 2020-03-29 20:40:58: From /opt/python-3.6-packages/keras/2.2.4/keras/optimizers.py:790: The name tf.train.Optimizer is deprecated. Please use tf.compat.v1.train.Optimizer instead.

WARNING : 2020-03-29 20:40:58: From /opt/python-3.6-packages/keras/2.2.4/keras/backend/tensorflow_backend.py:3376: The name tf.log is deprecated. Please use tf.math.log instead.

WARNING : 2020-03-29 20:40:58: From /opt/python-3.6-packages/tensorflow-gpu/1.14.0/tensorflow/python/ops/nn_impl.py:180: add_dispatch_support.<locals>.wrapper (from tensorflow.python.ops.array_ops) is deprecated and will be removed in a future version.
Instructions for updating:
Use tf.where in 2.0, which has the same broadcast rule as np.where
INFO    : 2020-03-29 20:40:58: Setting class weights [0.57867112 3.6777862 ]
INFO    : 2020-03-29 20:40:58: Start training
INFO    : 2020-03-29 21:56:17: Finish training
INFO    : 2020-03-29 21:56:17: Finish savining model
INFO    : 2020-03-29 21:56:20: Patch threshold: 0.15567055344581604
INFO    : 2020-03-29 21:56:48: Patient threshold: 0.25
INFO    : 2020-04-01 02:15:14: Finish data partition
INFO    : 2020-04-01 02:15:50: Finish loading 126126 patches from 648 studies
INFO    : 2020-04-01 02:15:50: With 17147 lesion patches and 108979 normal pancreas patches
INFO    : 2020-04-01 02:15:55: Finish loading 14137 patches from 72 studies
INFO    : 2020-04-01 02:15:55: With 1826 lesion patches and 12311 normal pancreas patches
WARNING : 2020-04-01 02:15:56: From /opt/python-3.6-packages/keras/2.2.4/keras/backend/tensorflow_backend.py:74: The name tf.get_default_graph is deprecated. Please use tf.compat.v1.get_default_graph instead.

WARNING : 2020-04-01 02:15:56: From /opt/python-3.6-packages/keras/2.2.4/keras/backend/tensorflow_backend.py:517: The name tf.placeholder is deprecated. Please use tf.compat.v1.placeholder instead.

WARNING : 2020-04-01 02:15:56: From /opt/python-3.6-packages/keras/2.2.4/keras/backend/tensorflow_backend.py:4138: The name tf.random_uniform is deprecated. Please use tf.random.uniform instead.

WARNING : 2020-04-01 02:15:56: From /opt/python-3.6-packages/keras/2.2.4/keras/backend/tensorflow_backend.py:3976: The name tf.nn.max_pool is deprecated. Please use tf.nn.max_pool2d instead.

WARNING : 2020-04-01 02:15:56: From /opt/python-3.6-packages/keras/2.2.4/keras/backend/tensorflow_backend.py:133: The name tf.placeholder_with_default is deprecated. Please use tf.compat.v1.placeholder_with_default instead.

WARNING : 2020-04-01 02:15:56: From /opt/python-3.6-packages/keras/2.2.4/keras/backend/tensorflow_backend.py:3445: calling dropout (from tensorflow.python.ops.nn_ops) with keep_prob is deprecated and will be removed in a future version.
Instructions for updating:
Please use `rate` instead of `keep_prob`. Rate should be set to `rate = 1 - keep_prob`.
WARNING : 2020-04-01 02:15:56: From /opt/python-3.6-packages/keras/2.2.4/keras/optimizers.py:790: The name tf.train.Optimizer is deprecated. Please use tf.compat.v1.train.Optimizer instead.

WARNING : 2020-04-01 02:15:56: From /opt/python-3.6-packages/keras/2.2.4/keras/backend/tensorflow_backend.py:3376: The name tf.log is deprecated. Please use tf.math.log instead.

WARNING : 2020-04-01 02:15:56: From /opt/python-3.6-packages/tensorflow-gpu/1.14.0/tensorflow/python/ops/nn_impl.py:180: add_dispatch_support.<locals>.wrapper (from tensorflow.python.ops.array_ops) is deprecated and will be removed in a future version.
Instructions for updating:
Use tf.where in 2.0, which has the same broadcast rule as np.where
INFO    : 2020-04-01 02:15:56: Setting class weights [0.57867112 3.6777862 ]
INFO    : 2020-04-01 02:15:56: Start training
INFO    : 2020-04-01 03:44:09: Finish training
INFO    : 2020-04-01 03:44:09: Finish savining model
INFO    : 2020-04-01 03:44:12: Patch threshold: 0.18803024291992188
INFO    : 2020-04-01 03:44:40: Patient threshold: 0.16666666666666666
