INFO    : 2020-03-30 01:09:58: Finish data partition
INFO    : 2020-03-30 01:10:08: Finish loading 37653 patches from 221 studies
INFO    : 2020-03-30 01:10:08: With 6329 lesion patches and 31324 normal pancreas patches
INFO    : 2020-03-30 01:10:09: Finish loading 4568 patches from 25 studies
INFO    : 2020-03-30 01:10:09: With 691 lesion patches and 3877 normal pancreas patches
WARNING : 2020-03-30 01:10:09: From /opt/python-3.6-packages/keras/2.2.4/keras/backend/tensorflow_backend.py:74: The name tf.get_default_graph is deprecated. Please use tf.compat.v1.get_default_graph instead.

WARNING : 2020-03-30 01:10:09: From /opt/python-3.6-packages/keras/2.2.4/keras/backend/tensorflow_backend.py:517: The name tf.placeholder is deprecated. Please use tf.compat.v1.placeholder instead.

WARNING : 2020-03-30 01:10:09: From /opt/python-3.6-packages/keras/2.2.4/keras/backend/tensorflow_backend.py:4138: The name tf.random_uniform is deprecated. Please use tf.random.uniform instead.

WARNING : 2020-03-30 01:10:09: From /opt/python-3.6-packages/keras/2.2.4/keras/backend/tensorflow_backend.py:3976: The name tf.nn.max_pool is deprecated. Please use tf.nn.max_pool2d instead.

WARNING : 2020-03-30 01:10:09: From /opt/python-3.6-packages/keras/2.2.4/keras/backend/tensorflow_backend.py:133: The name tf.placeholder_with_default is deprecated. Please use tf.compat.v1.placeholder_with_default instead.

WARNING : 2020-03-30 01:10:09: From /opt/python-3.6-packages/keras/2.2.4/keras/backend/tensorflow_backend.py:3445: calling dropout (from tensorflow.python.ops.nn_ops) with keep_prob is deprecated and will be removed in a future version.
Instructions for updating:
Please use `rate` instead of `keep_prob`. Rate should be set to `rate = 1 - keep_prob`.
WARNING : 2020-03-30 01:10:09: From /opt/python-3.6-packages/keras/2.2.4/keras/backend/tensorflow_backend.py:174: The name tf.get_default_session is deprecated. Please use tf.compat.v1.get_default_session instead.

WARNING : 2020-03-30 01:10:10: From /opt/python-3.6-packages/keras/2.2.4/keras/optimizers.py:790: The name tf.train.Optimizer is deprecated. Please use tf.compat.v1.train.Optimizer instead.

WARNING : 2020-03-30 01:10:10: From /opt/python-3.6-packages/tensorflow-gpu/1.14.0/tensorflow/python/ops/nn_impl.py:180: add_dispatch_support.<locals>.wrapper (from tensorflow.python.ops.array_ops) is deprecated and will be removed in a future version.
Instructions for updating:
Use tf.where in 2.0, which has the same broadcast rule as np.where
INFO    : 2020-03-30 01:10:10: Setting class weights [0.60102477 2.97464054]
INFO    : 2020-03-30 01:10:10: Start training
INFO    : 2020-03-30 01:24:06: Finish training
INFO    : 2020-03-30 01:24:07: Finish savining model
INFO    : 2020-03-30 01:24:08: Patch threshold: 0.16602900624275208
INFO    : 2020-03-30 01:24:19: Patient threshold: 0.3333333333333333
INFO    : 2020-04-01 07:15:38: Finish data partition
INFO    : 2020-04-01 07:15:45: Finish loading 37653 patches from 221 studies
INFO    : 2020-04-01 07:15:45: With 6329 lesion patches and 31324 normal pancreas patches
INFO    : 2020-04-01 07:15:46: Finish loading 4568 patches from 25 studies
INFO    : 2020-04-01 07:15:46: With 691 lesion patches and 3877 normal pancreas patches
WARNING : 2020-04-01 07:15:46: From /opt/python-3.6-packages/keras/2.2.4/keras/backend/tensorflow_backend.py:74: The name tf.get_default_graph is deprecated. Please use tf.compat.v1.get_default_graph instead.

WARNING : 2020-04-01 07:15:46: From /opt/python-3.6-packages/keras/2.2.4/keras/backend/tensorflow_backend.py:517: The name tf.placeholder is deprecated. Please use tf.compat.v1.placeholder instead.

WARNING : 2020-04-01 07:15:46: From /opt/python-3.6-packages/keras/2.2.4/keras/backend/tensorflow_backend.py:4138: The name tf.random_uniform is deprecated. Please use tf.random.uniform instead.

WARNING : 2020-04-01 07:15:46: From /opt/python-3.6-packages/keras/2.2.4/keras/backend/tensorflow_backend.py:3976: The name tf.nn.max_pool is deprecated. Please use tf.nn.max_pool2d instead.

WARNING : 2020-04-01 07:15:46: From /opt/python-3.6-packages/keras/2.2.4/keras/backend/tensorflow_backend.py:133: The name tf.placeholder_with_default is deprecated. Please use tf.compat.v1.placeholder_with_default instead.

WARNING : 2020-04-01 07:15:46: From /opt/python-3.6-packages/keras/2.2.4/keras/backend/tensorflow_backend.py:3445: calling dropout (from tensorflow.python.ops.nn_ops) with keep_prob is deprecated and will be removed in a future version.
Instructions for updating:
Please use `rate` instead of `keep_prob`. Rate should be set to `rate = 1 - keep_prob`.
WARNING : 2020-04-01 07:15:46: From /opt/python-3.6-packages/keras/2.2.4/keras/backend/tensorflow_backend.py:174: The name tf.get_default_session is deprecated. Please use tf.compat.v1.get_default_session instead.

WARNING : 2020-04-01 07:15:46: From /opt/python-3.6-packages/keras/2.2.4/keras/optimizers.py:790: The name tf.train.Optimizer is deprecated. Please use tf.compat.v1.train.Optimizer instead.

WARNING : 2020-04-01 07:15:46: From /opt/python-3.6-packages/tensorflow-gpu/1.14.0/tensorflow/python/ops/nn_impl.py:180: add_dispatch_support.<locals>.wrapper (from tensorflow.python.ops.array_ops) is deprecated and will be removed in a future version.
Instructions for updating:
Use tf.where in 2.0, which has the same broadcast rule as np.where
INFO    : 2020-04-01 07:15:46: Setting class weights [0.60102477 2.97464054]
INFO    : 2020-04-01 07:15:46: Start training
INFO    : 2020-04-01 07:28:18: Finish training
INFO    : 2020-04-01 07:28:18: Finish savining model
INFO    : 2020-04-01 07:28:19: Patch threshold: 0.2161964476108551
INFO    : 2020-04-01 07:28:28: Patient threshold: 0.25
