INFO    : 2020-03-29 16:04:30: Finish data partition
INFO    : 2020-03-29 16:04:38: Finish loading 37124 patches from 221 studies
INFO    : 2020-03-29 16:04:38: With 5761 lesion patches and 31363 normal pancreas patches
INFO    : 2020-03-29 16:04:39: Finish loading 4492 patches from 25 studies
INFO    : 2020-03-29 16:04:39: With 738 lesion patches and 3754 normal pancreas patches
WARNING : 2020-03-29 16:04:39: From /opt/python-3.6-packages/keras/2.2.4/keras/backend/tensorflow_backend.py:74: The name tf.get_default_graph is deprecated. Please use tf.compat.v1.get_default_graph instead.

WARNING : 2020-03-29 16:04:39: From /opt/python-3.6-packages/keras/2.2.4/keras/backend/tensorflow_backend.py:517: The name tf.placeholder is deprecated. Please use tf.compat.v1.placeholder instead.

WARNING : 2020-03-29 16:04:39: From /opt/python-3.6-packages/keras/2.2.4/keras/backend/tensorflow_backend.py:4138: The name tf.random_uniform is deprecated. Please use tf.random.uniform instead.

WARNING : 2020-03-29 16:04:40: From /opt/python-3.6-packages/keras/2.2.4/keras/backend/tensorflow_backend.py:3976: The name tf.nn.max_pool is deprecated. Please use tf.nn.max_pool2d instead.

WARNING : 2020-03-29 16:04:40: From /opt/python-3.6-packages/keras/2.2.4/keras/backend/tensorflow_backend.py:133: The name tf.placeholder_with_default is deprecated. Please use tf.compat.v1.placeholder_with_default instead.

WARNING : 2020-03-29 16:04:40: From /opt/python-3.6-packages/keras/2.2.4/keras/backend/tensorflow_backend.py:3445: calling dropout (from tensorflow.python.ops.nn_ops) with keep_prob is deprecated and will be removed in a future version.
Instructions for updating:
Please use `rate` instead of `keep_prob`. Rate should be set to `rate = 1 - keep_prob`.
WARNING : 2020-03-29 16:04:40: From /opt/python-3.6-packages/keras/2.2.4/keras/backend/tensorflow_backend.py:174: The name tf.get_default_session is deprecated. Please use tf.compat.v1.get_default_session instead.

WARNING : 2020-03-29 16:04:40: From /opt/python-3.6-packages/keras/2.2.4/keras/optimizers.py:790: The name tf.train.Optimizer is deprecated. Please use tf.compat.v1.train.Optimizer instead.

WARNING : 2020-03-29 16:04:40: From /opt/python-3.6-packages/tensorflow-gpu/1.14.0/tensorflow/python/ops/nn_impl.py:180: add_dispatch_support.<locals>.wrapper (from tensorflow.python.ops.array_ops) is deprecated and will be removed in a future version.
Instructions for updating:
Use tf.where in 2.0, which has the same broadcast rule as np.where
INFO    : 2020-03-29 16:04:40: Setting class weights [0.59184389 3.22201007]
INFO    : 2020-03-29 16:04:40: Start training
INFO    : 2020-03-29 16:17:36: Finish training
INFO    : 2020-03-29 16:17:36: Finish savining model
INFO    : 2020-03-29 16:17:37: Patch threshold: 0.24120542407035828
INFO    : 2020-03-29 16:17:45: Patient threshold: 0.2777777777777778
INFO    : 2020-03-31 21:06:11: Finish data partition
INFO    : 2020-03-31 21:06:18: Finish loading 37124 patches from 221 studies
INFO    : 2020-03-31 21:06:18: With 5761 lesion patches and 31363 normal pancreas patches
INFO    : 2020-03-31 21:06:19: Finish loading 4492 patches from 25 studies
INFO    : 2020-03-31 21:06:19: With 738 lesion patches and 3754 normal pancreas patches
WARNING : 2020-03-31 21:06:19: From /opt/python-3.6-packages/keras/2.2.4/keras/backend/tensorflow_backend.py:74: The name tf.get_default_graph is deprecated. Please use tf.compat.v1.get_default_graph instead.

WARNING : 2020-03-31 21:06:19: From /opt/python-3.6-packages/keras/2.2.4/keras/backend/tensorflow_backend.py:517: The name tf.placeholder is deprecated. Please use tf.compat.v1.placeholder instead.

WARNING : 2020-03-31 21:06:19: From /opt/python-3.6-packages/keras/2.2.4/keras/backend/tensorflow_backend.py:4138: The name tf.random_uniform is deprecated. Please use tf.random.uniform instead.

WARNING : 2020-03-31 21:06:19: From /opt/python-3.6-packages/keras/2.2.4/keras/backend/tensorflow_backend.py:3976: The name tf.nn.max_pool is deprecated. Please use tf.nn.max_pool2d instead.

WARNING : 2020-03-31 21:06:20: From /opt/python-3.6-packages/keras/2.2.4/keras/backend/tensorflow_backend.py:133: The name tf.placeholder_with_default is deprecated. Please use tf.compat.v1.placeholder_with_default instead.

WARNING : 2020-03-31 21:06:20: From /opt/python-3.6-packages/keras/2.2.4/keras/backend/tensorflow_backend.py:3445: calling dropout (from tensorflow.python.ops.nn_ops) with keep_prob is deprecated and will be removed in a future version.
Instructions for updating:
Please use `rate` instead of `keep_prob`. Rate should be set to `rate = 1 - keep_prob`.
WARNING : 2020-03-31 21:06:20: From /opt/python-3.6-packages/keras/2.2.4/keras/backend/tensorflow_backend.py:174: The name tf.get_default_session is deprecated. Please use tf.compat.v1.get_default_session instead.

WARNING : 2020-03-31 21:06:20: From /opt/python-3.6-packages/keras/2.2.4/keras/optimizers.py:790: The name tf.train.Optimizer is deprecated. Please use tf.compat.v1.train.Optimizer instead.

WARNING : 2020-03-31 21:06:20: From /opt/python-3.6-packages/tensorflow-gpu/1.14.0/tensorflow/python/ops/nn_impl.py:180: add_dispatch_support.<locals>.wrapper (from tensorflow.python.ops.array_ops) is deprecated and will be removed in a future version.
Instructions for updating:
Use tf.where in 2.0, which has the same broadcast rule as np.where
INFO    : 2020-03-31 21:06:20: Setting class weights [0.59184389 3.22201007]
INFO    : 2020-03-31 21:06:20: Start training
INFO    : 2020-03-31 21:23:58: Finish training
INFO    : 2020-03-31 21:23:58: Finish savining model
INFO    : 2020-03-31 21:23:59: Patch threshold: 0.14577502012252808
INFO    : 2020-03-31 21:24:07: Patient threshold: 0.3333333333333333
