INFO    : 2020-03-28 18:06:20: Finish data partition
INFO    : 2020-03-28 18:06:30: Finish loading 50784 patches from 295 studies
INFO    : 2020-03-28 18:06:30: With 8365 lesion patches and 42419 normal pancreas patches
INFO    : 2020-03-28 18:06:31: Finish loading 5929 patches from 32 studies
INFO    : 2020-03-28 18:06:31: With 857 lesion patches and 5072 normal pancreas patches
WARNING : 2020-03-28 18:06:31: From /opt/python-3.6-packages/keras/2.2.4/keras/backend/tensorflow_backend.py:74: The name tf.get_default_graph is deprecated. Please use tf.compat.v1.get_default_graph instead.

WARNING : 2020-03-28 18:06:31: From /opt/python-3.6-packages/keras/2.2.4/keras/backend/tensorflow_backend.py:517: The name tf.placeholder is deprecated. Please use tf.compat.v1.placeholder instead.

WARNING : 2020-03-28 18:06:31: From /opt/python-3.6-packages/keras/2.2.4/keras/backend/tensorflow_backend.py:4138: The name tf.random_uniform is deprecated. Please use tf.random.uniform instead.

WARNING : 2020-03-28 18:06:31: From /opt/python-3.6-packages/keras/2.2.4/keras/backend/tensorflow_backend.py:3976: The name tf.nn.max_pool is deprecated. Please use tf.nn.max_pool2d instead.

WARNING : 2020-03-28 18:06:31: From /opt/python-3.6-packages/keras/2.2.4/keras/backend/tensorflow_backend.py:133: The name tf.placeholder_with_default is deprecated. Please use tf.compat.v1.placeholder_with_default instead.

WARNING : 2020-03-28 18:06:31: From /opt/python-3.6-packages/keras/2.2.4/keras/backend/tensorflow_backend.py:3445: calling dropout (from tensorflow.python.ops.nn_ops) with keep_prob is deprecated and will be removed in a future version.
Instructions for updating:
Please use `rate` instead of `keep_prob`. Rate should be set to `rate = 1 - keep_prob`.
WARNING : 2020-03-28 18:06:31: From /opt/python-3.6-packages/keras/2.2.4/keras/backend/tensorflow_backend.py:174: The name tf.get_default_session is deprecated. Please use tf.compat.v1.get_default_session instead.

WARNING : 2020-03-28 18:06:32: From /opt/python-3.6-packages/keras/2.2.4/keras/optimizers.py:790: The name tf.train.Optimizer is deprecated. Please use tf.compat.v1.train.Optimizer instead.

WARNING : 2020-03-28 18:06:32: From /opt/python-3.6-packages/tensorflow-gpu/1.14.0/tensorflow/python/ops/nn_impl.py:180: add_dispatch_support.<locals>.wrapper (from tensorflow.python.ops.array_ops) is deprecated and will be removed in a future version.
Instructions for updating:
Use tf.where in 2.0, which has the same broadcast rule as np.where
INFO    : 2020-03-28 18:06:32: Setting class weights [0.59859968 3.03550508]
INFO    : 2020-03-28 18:06:32: Start training
INFO    : 2020-03-28 18:19:20: Finish training
INFO    : 2020-03-28 18:19:20: Finish savining model
INFO    : 2020-03-28 18:19:22: Patch threshold: 0.1628056764602661
INFO    : 2020-03-28 18:19:33: Patient threshold: 0.3333333333333333
INFO    : 2020-03-31 23:47:36: Finish data partition
INFO    : 2020-03-31 23:47:47: Finish loading 50784 patches from 295 studies
INFO    : 2020-03-31 23:47:47: With 8365 lesion patches and 42419 normal pancreas patches
INFO    : 2020-03-31 23:47:48: Finish loading 5929 patches from 32 studies
INFO    : 2020-03-31 23:47:48: With 857 lesion patches and 5072 normal pancreas patches
WARNING : 2020-03-31 23:47:48: From /opt/python-3.6-packages/keras/2.2.4/keras/backend/tensorflow_backend.py:74: The name tf.get_default_graph is deprecated. Please use tf.compat.v1.get_default_graph instead.

WARNING : 2020-03-31 23:47:48: From /opt/python-3.6-packages/keras/2.2.4/keras/backend/tensorflow_backend.py:517: The name tf.placeholder is deprecated. Please use tf.compat.v1.placeholder instead.

WARNING : 2020-03-31 23:47:48: From /opt/python-3.6-packages/keras/2.2.4/keras/backend/tensorflow_backend.py:4138: The name tf.random_uniform is deprecated. Please use tf.random.uniform instead.

WARNING : 2020-03-31 23:47:48: From /opt/python-3.6-packages/keras/2.2.4/keras/backend/tensorflow_backend.py:3976: The name tf.nn.max_pool is deprecated. Please use tf.nn.max_pool2d instead.

WARNING : 2020-03-31 23:47:48: From /opt/python-3.6-packages/keras/2.2.4/keras/backend/tensorflow_backend.py:133: The name tf.placeholder_with_default is deprecated. Please use tf.compat.v1.placeholder_with_default instead.

WARNING : 2020-03-31 23:47:48: From /opt/python-3.6-packages/keras/2.2.4/keras/backend/tensorflow_backend.py:3445: calling dropout (from tensorflow.python.ops.nn_ops) with keep_prob is deprecated and will be removed in a future version.
Instructions for updating:
Please use `rate` instead of `keep_prob`. Rate should be set to `rate = 1 - keep_prob`.
WARNING : 2020-03-31 23:47:48: From /opt/python-3.6-packages/keras/2.2.4/keras/backend/tensorflow_backend.py:174: The name tf.get_default_session is deprecated. Please use tf.compat.v1.get_default_session instead.

WARNING : 2020-03-31 23:47:49: From /opt/python-3.6-packages/keras/2.2.4/keras/optimizers.py:790: The name tf.train.Optimizer is deprecated. Please use tf.compat.v1.train.Optimizer instead.

WARNING : 2020-03-31 23:47:49: From /opt/python-3.6-packages/tensorflow-gpu/1.14.0/tensorflow/python/ops/nn_impl.py:180: add_dispatch_support.<locals>.wrapper (from tensorflow.python.ops.array_ops) is deprecated and will be removed in a future version.
Instructions for updating:
Use tf.where in 2.0, which has the same broadcast rule as np.where
INFO    : 2020-03-31 23:47:49: Setting class weights [0.59859968 3.03550508]
INFO    : 2020-03-31 23:47:49: Start training
INFO    : 2020-04-01 00:14:24: Finish training
INFO    : 2020-04-01 00:14:24: Finish savining model
INFO    : 2020-04-01 00:14:25: Patch threshold: 0.12380418181419373
INFO    : 2020-04-01 00:14:37: Patient threshold: 0.39285714285714285
