INFO    : 2020-03-29 23:46:20: Finish data partition
INFO    : 2020-03-29 23:46:30: Finish loading 36854 patches from 221 studies
INFO    : 2020-03-29 23:46:30: With 5914 lesion patches and 30940 normal pancreas patches
INFO    : 2020-03-29 23:46:31: Finish loading 4960 patches from 25 studies
INFO    : 2020-03-29 23:46:31: With 723 lesion patches and 4237 normal pancreas patches
WARNING : 2020-03-29 23:46:31: From /opt/python-3.6-packages/keras/2.2.4/keras/backend/tensorflow_backend.py:74: The name tf.get_default_graph is deprecated. Please use tf.compat.v1.get_default_graph instead.

WARNING : 2020-03-29 23:46:31: From /opt/python-3.6-packages/keras/2.2.4/keras/backend/tensorflow_backend.py:517: The name tf.placeholder is deprecated. Please use tf.compat.v1.placeholder instead.

WARNING : 2020-03-29 23:46:31: From /opt/python-3.6-packages/keras/2.2.4/keras/backend/tensorflow_backend.py:4138: The name tf.random_uniform is deprecated. Please use tf.random.uniform instead.

WARNING : 2020-03-29 23:46:31: From /opt/python-3.6-packages/keras/2.2.4/keras/backend/tensorflow_backend.py:3976: The name tf.nn.max_pool is deprecated. Please use tf.nn.max_pool2d instead.

WARNING : 2020-03-29 23:46:31: From /opt/python-3.6-packages/keras/2.2.4/keras/backend/tensorflow_backend.py:133: The name tf.placeholder_with_default is deprecated. Please use tf.compat.v1.placeholder_with_default instead.

WARNING : 2020-03-29 23:46:31: From /opt/python-3.6-packages/keras/2.2.4/keras/backend/tensorflow_backend.py:3445: calling dropout (from tensorflow.python.ops.nn_ops) with keep_prob is deprecated and will be removed in a future version.
Instructions for updating:
Please use `rate` instead of `keep_prob`. Rate should be set to `rate = 1 - keep_prob`.
WARNING : 2020-03-29 23:46:31: From /opt/python-3.6-packages/keras/2.2.4/keras/backend/tensorflow_backend.py:174: The name tf.get_default_session is deprecated. Please use tf.compat.v1.get_default_session instead.

WARNING : 2020-03-29 23:46:32: From /opt/python-3.6-packages/keras/2.2.4/keras/optimizers.py:790: The name tf.train.Optimizer is deprecated. Please use tf.compat.v1.train.Optimizer instead.

WARNING : 2020-03-29 23:46:32: From /opt/python-3.6-packages/tensorflow-gpu/1.14.0/tensorflow/python/ops/nn_impl.py:180: add_dispatch_support.<locals>.wrapper (from tensorflow.python.ops.array_ops) is deprecated and will be removed in a future version.
Instructions for updating:
Use tf.where in 2.0, which has the same broadcast rule as np.where
INFO    : 2020-03-29 23:46:32: Setting class weights [0.59557207 3.11582685]
INFO    : 2020-03-29 23:46:32: Start training
INFO    : 2020-03-29 23:57:12: Finish training
INFO    : 2020-03-29 23:57:13: Finish savining model
INFO    : 2020-03-29 23:57:14: Patch threshold: 0.15491631627082825
INFO    : 2020-03-29 23:57:22: Patient threshold: 0.2222222222222222
INFO    : 2020-04-01 05:43:46: Finish data partition
INFO    : 2020-04-01 05:43:53: Finish loading 36854 patches from 221 studies
INFO    : 2020-04-01 05:43:53: With 5914 lesion patches and 30940 normal pancreas patches
INFO    : 2020-04-01 05:43:54: Finish loading 4960 patches from 25 studies
INFO    : 2020-04-01 05:43:54: With 723 lesion patches and 4237 normal pancreas patches
WARNING : 2020-04-01 05:43:54: From /opt/python-3.6-packages/keras/2.2.4/keras/backend/tensorflow_backend.py:74: The name tf.get_default_graph is deprecated. Please use tf.compat.v1.get_default_graph instead.

WARNING : 2020-04-01 05:43:54: From /opt/python-3.6-packages/keras/2.2.4/keras/backend/tensorflow_backend.py:517: The name tf.placeholder is deprecated. Please use tf.compat.v1.placeholder instead.

WARNING : 2020-04-01 05:43:54: From /opt/python-3.6-packages/keras/2.2.4/keras/backend/tensorflow_backend.py:4138: The name tf.random_uniform is deprecated. Please use tf.random.uniform instead.

WARNING : 2020-04-01 05:43:54: From /opt/python-3.6-packages/keras/2.2.4/keras/backend/tensorflow_backend.py:3976: The name tf.nn.max_pool is deprecated. Please use tf.nn.max_pool2d instead.

WARNING : 2020-04-01 05:43:54: From /opt/python-3.6-packages/keras/2.2.4/keras/backend/tensorflow_backend.py:133: The name tf.placeholder_with_default is deprecated. Please use tf.compat.v1.placeholder_with_default instead.

WARNING : 2020-04-01 05:43:54: From /opt/python-3.6-packages/keras/2.2.4/keras/backend/tensorflow_backend.py:3445: calling dropout (from tensorflow.python.ops.nn_ops) with keep_prob is deprecated and will be removed in a future version.
Instructions for updating:
Please use `rate` instead of `keep_prob`. Rate should be set to `rate = 1 - keep_prob`.
WARNING : 2020-04-01 05:43:54: From /opt/python-3.6-packages/keras/2.2.4/keras/backend/tensorflow_backend.py:174: The name tf.get_default_session is deprecated. Please use tf.compat.v1.get_default_session instead.

WARNING : 2020-04-01 05:43:55: From /opt/python-3.6-packages/keras/2.2.4/keras/optimizers.py:790: The name tf.train.Optimizer is deprecated. Please use tf.compat.v1.train.Optimizer instead.

WARNING : 2020-04-01 05:43:55: From /opt/python-3.6-packages/tensorflow-gpu/1.14.0/tensorflow/python/ops/nn_impl.py:180: add_dispatch_support.<locals>.wrapper (from tensorflow.python.ops.array_ops) is deprecated and will be removed in a future version.
Instructions for updating:
Use tf.where in 2.0, which has the same broadcast rule as np.where
INFO    : 2020-04-01 05:43:55: Setting class weights [0.59557207 3.11582685]
INFO    : 2020-04-01 05:43:55: Start training
INFO    : 2020-04-01 06:01:45: Finish training
INFO    : 2020-04-01 06:01:45: Finish savining model
INFO    : 2020-04-01 06:01:46: Patch threshold: 0.21031934022903442
INFO    : 2020-04-01 06:01:54: Patient threshold: 0.3333333333333333
