INFO    : 2020-03-28 13:01:39: Finish data partition
INFO    : 2020-03-28 13:02:14: Finish loading 50449 patches from 295 studies
INFO    : 2020-03-28 13:02:14: With 8305 lesion patches and 42144 normal pancreas patches
INFO    : 2020-03-28 13:02:20: Finish loading 5722 patches from 32 studies
INFO    : 2020-03-28 13:02:20: With 965 lesion patches and 4757 normal pancreas patches
WARNING : 2020-03-28 13:02:20: From /opt/python-3.6-packages/keras/2.2.4/keras/backend/tensorflow_backend.py:74: The name tf.get_default_graph is deprecated. Please use tf.compat.v1.get_default_graph instead.

WARNING : 2020-03-28 13:02:20: From /opt/python-3.6-packages/keras/2.2.4/keras/backend/tensorflow_backend.py:517: The name tf.placeholder is deprecated. Please use tf.compat.v1.placeholder instead.

WARNING : 2020-03-28 13:02:20: From /opt/python-3.6-packages/keras/2.2.4/keras/backend/tensorflow_backend.py:4138: The name tf.random_uniform is deprecated. Please use tf.random.uniform instead.

WARNING : 2020-03-28 13:02:20: From /opt/python-3.6-packages/keras/2.2.4/keras/backend/tensorflow_backend.py:3976: The name tf.nn.max_pool is deprecated. Please use tf.nn.max_pool2d instead.

WARNING : 2020-03-28 13:02:20: From /opt/python-3.6-packages/keras/2.2.4/keras/backend/tensorflow_backend.py:133: The name tf.placeholder_with_default is deprecated. Please use tf.compat.v1.placeholder_with_default instead.

WARNING : 2020-03-28 13:02:20: From /opt/python-3.6-packages/keras/2.2.4/keras/backend/tensorflow_backend.py:3445: calling dropout (from tensorflow.python.ops.nn_ops) with keep_prob is deprecated and will be removed in a future version.
Instructions for updating:
Please use `rate` instead of `keep_prob`. Rate should be set to `rate = 1 - keep_prob`.
WARNING : 2020-03-28 13:02:20: From /opt/python-3.6-packages/keras/2.2.4/keras/backend/tensorflow_backend.py:174: The name tf.get_default_session is deprecated. Please use tf.compat.v1.get_default_session instead.

WARNING : 2020-03-28 13:02:21: From /opt/python-3.6-packages/keras/2.2.4/keras/optimizers.py:790: The name tf.train.Optimizer is deprecated. Please use tf.compat.v1.train.Optimizer instead.

WARNING : 2020-03-28 13:02:21: From /opt/python-3.6-packages/tensorflow-gpu/1.14.0/tensorflow/python/ops/nn_impl.py:180: add_dispatch_support.<locals>.wrapper (from tensorflow.python.ops.array_ops) is deprecated and will be removed in a future version.
Instructions for updating:
Use tf.where in 2.0, which has the same broadcast rule as np.where
INFO    : 2020-03-28 13:02:21: Setting class weights [0.59853123 3.03726671]
INFO    : 2020-03-28 13:02:21: Start training
INFO    : 2020-03-28 13:13:41: Finish training
INFO    : 2020-03-28 13:13:41: Finish savining model
INFO    : 2020-03-28 13:13:42: Patch threshold: 0.20108115673065186
INFO    : 2020-03-28 13:13:54: Patient threshold: 0.3333333333333333
INFO    : 2020-03-31 13:24:45: Finish data partition
INFO    : 2020-03-31 13:25:00: Finish loading 50449 patches from 295 studies
INFO    : 2020-03-31 13:25:00: With 8305 lesion patches and 42144 normal pancreas patches
INFO    : 2020-03-31 13:25:01: Finish loading 5722 patches from 32 studies
INFO    : 2020-03-31 13:25:01: With 965 lesion patches and 4757 normal pancreas patches
WARNING : 2020-03-31 13:25:01: From /opt/python-3.6-packages/keras/2.2.4/keras/backend/tensorflow_backend.py:74: The name tf.get_default_graph is deprecated. Please use tf.compat.v1.get_default_graph instead.

WARNING : 2020-03-31 13:25:01: From /opt/python-3.6-packages/keras/2.2.4/keras/backend/tensorflow_backend.py:517: The name tf.placeholder is deprecated. Please use tf.compat.v1.placeholder instead.

WARNING : 2020-03-31 13:25:01: From /opt/python-3.6-packages/keras/2.2.4/keras/backend/tensorflow_backend.py:4138: The name tf.random_uniform is deprecated. Please use tf.random.uniform instead.

WARNING : 2020-03-31 13:25:01: From /opt/python-3.6-packages/keras/2.2.4/keras/backend/tensorflow_backend.py:3976: The name tf.nn.max_pool is deprecated. Please use tf.nn.max_pool2d instead.

WARNING : 2020-03-31 13:25:01: From /opt/python-3.6-packages/keras/2.2.4/keras/backend/tensorflow_backend.py:133: The name tf.placeholder_with_default is deprecated. Please use tf.compat.v1.placeholder_with_default instead.

WARNING : 2020-03-31 13:25:01: From /opt/python-3.6-packages/keras/2.2.4/keras/backend/tensorflow_backend.py:3445: calling dropout (from tensorflow.python.ops.nn_ops) with keep_prob is deprecated and will be removed in a future version.
Instructions for updating:
Please use `rate` instead of `keep_prob`. Rate should be set to `rate = 1 - keep_prob`.
WARNING : 2020-03-31 13:25:01: From /opt/python-3.6-packages/keras/2.2.4/keras/backend/tensorflow_backend.py:174: The name tf.get_default_session is deprecated. Please use tf.compat.v1.get_default_session instead.

WARNING : 2020-03-31 13:25:02: From /opt/python-3.6-packages/keras/2.2.4/keras/optimizers.py:790: The name tf.train.Optimizer is deprecated. Please use tf.compat.v1.train.Optimizer instead.

WARNING : 2020-03-31 13:25:02: From /opt/python-3.6-packages/tensorflow-gpu/1.14.0/tensorflow/python/ops/nn_impl.py:180: add_dispatch_support.<locals>.wrapper (from tensorflow.python.ops.array_ops) is deprecated and will be removed in a future version.
Instructions for updating:
Use tf.where in 2.0, which has the same broadcast rule as np.where
INFO    : 2020-03-31 13:25:02: Setting class weights [0.59853123 3.03726671]
INFO    : 2020-03-31 13:25:02: Start training
INFO    : 2020-03-31 13:46:13: Finish training
INFO    : 2020-03-31 13:46:13: Finish savining model
INFO    : 2020-03-31 13:46:15: Patch threshold: 0.32010388374328613
INFO    : 2020-03-31 13:46:26: Patient threshold: 0.25
INFO    : 2020-03-31 18:50:15: Finish data partition
INFO    : 2020-03-31 18:50:26: Finish loading 50449 patches from 295 studies
INFO    : 2020-03-31 18:50:26: With 8305 lesion patches and 42144 normal pancreas patches
INFO    : 2020-03-31 18:50:27: Finish loading 5722 patches from 32 studies
INFO    : 2020-03-31 18:50:27: With 965 lesion patches and 4757 normal pancreas patches
WARNING : 2020-03-31 18:50:27: From /opt/python-3.6-packages/keras/2.2.4/keras/backend/tensorflow_backend.py:74: The name tf.get_default_graph is deprecated. Please use tf.compat.v1.get_default_graph instead.

WARNING : 2020-03-31 18:50:27: From /opt/python-3.6-packages/keras/2.2.4/keras/backend/tensorflow_backend.py:517: The name tf.placeholder is deprecated. Please use tf.compat.v1.placeholder instead.

WARNING : 2020-03-31 18:50:27: From /opt/python-3.6-packages/keras/2.2.4/keras/backend/tensorflow_backend.py:4138: The name tf.random_uniform is deprecated. Please use tf.random.uniform instead.

WARNING : 2020-03-31 18:50:27: From /opt/python-3.6-packages/keras/2.2.4/keras/backend/tensorflow_backend.py:3976: The name tf.nn.max_pool is deprecated. Please use tf.nn.max_pool2d instead.

WARNING : 2020-03-31 18:50:27: From /opt/python-3.6-packages/keras/2.2.4/keras/backend/tensorflow_backend.py:133: The name tf.placeholder_with_default is deprecated. Please use tf.compat.v1.placeholder_with_default instead.

WARNING : 2020-03-31 18:50:27: From /opt/python-3.6-packages/keras/2.2.4/keras/backend/tensorflow_backend.py:3445: calling dropout (from tensorflow.python.ops.nn_ops) with keep_prob is deprecated and will be removed in a future version.
Instructions for updating:
Please use `rate` instead of `keep_prob`. Rate should be set to `rate = 1 - keep_prob`.
WARNING : 2020-03-31 18:50:27: From /opt/python-3.6-packages/keras/2.2.4/keras/backend/tensorflow_backend.py:174: The name tf.get_default_session is deprecated. Please use tf.compat.v1.get_default_session instead.

WARNING : 2020-03-31 18:50:28: From /opt/python-3.6-packages/keras/2.2.4/keras/optimizers.py:790: The name tf.train.Optimizer is deprecated. Please use tf.compat.v1.train.Optimizer instead.

WARNING : 2020-03-31 18:50:28: From /opt/python-3.6-packages/tensorflow-gpu/1.14.0/tensorflow/python/ops/nn_impl.py:180: add_dispatch_support.<locals>.wrapper (from tensorflow.python.ops.array_ops) is deprecated and will be removed in a future version.
Instructions for updating:
Use tf.where in 2.0, which has the same broadcast rule as np.where
INFO    : 2020-03-31 18:50:28: Setting class weights [0.59853123 3.03726671]
INFO    : 2020-03-31 18:50:28: Start training
INFO    : 2020-03-31 19:09:57: Finish training
INFO    : 2020-03-31 19:09:57: Finish savining model
INFO    : 2020-03-31 19:09:59: Patch threshold: 0.12301504611968994
INFO    : 2020-03-31 19:10:10: Patient threshold: 0.3333333333333333
