INFO    : 2020-03-12 02:51:25: Finish data partition
INFO    : 2020-03-12 02:51:27: Finish loading 10695 patches from 64 studies
INFO    : 2020-03-12 02:51:27: With 1550 lesion patches and 9145 normal pancreas patches
INFO    : 2020-03-12 02:51:28: Finish loading 1256 patches from 8 studies
INFO    : 2020-03-12 02:51:28: With 180 lesion patches and 1076 normal pancreas patches
WARNING : 2020-03-12 02:51:28: From /opt/python-3.6-packages/keras/2.2.4/keras/backend/tensorflow_backend.py:74: The name tf.get_default_graph is deprecated. Please use tf.compat.v1.get_default_graph instead.

WARNING : 2020-03-12 02:51:28: From /opt/python-3.6-packages/keras/2.2.4/keras/backend/tensorflow_backend.py:517: The name tf.placeholder is deprecated. Please use tf.compat.v1.placeholder instead.

WARNING : 2020-03-12 02:51:28: From /opt/python-3.6-packages/keras/2.2.4/keras/backend/tensorflow_backend.py:4138: The name tf.random_uniform is deprecated. Please use tf.random.uniform instead.

WARNING : 2020-03-12 02:51:28: From /opt/python-3.6-packages/keras/2.2.4/keras/backend/tensorflow_backend.py:3976: The name tf.nn.max_pool is deprecated. Please use tf.nn.max_pool2d instead.

WARNING : 2020-03-12 02:51:28: From /opt/python-3.6-packages/keras/2.2.4/keras/backend/tensorflow_backend.py:133: The name tf.placeholder_with_default is deprecated. Please use tf.compat.v1.placeholder_with_default instead.

WARNING : 2020-03-12 02:51:28: From /opt/python-3.6-packages/keras/2.2.4/keras/backend/tensorflow_backend.py:3445: calling dropout (from tensorflow.python.ops.nn_ops) with keep_prob is deprecated and will be removed in a future version.
Instructions for updating:
Please use `rate` instead of `keep_prob`. Rate should be set to `rate = 1 - keep_prob`.
WARNING : 2020-03-12 02:51:28: From /opt/python-3.6-packages/keras/2.2.4/keras/backend/tensorflow_backend.py:174: The name tf.get_default_session is deprecated. Please use tf.compat.v1.get_default_session instead.

WARNING : 2020-03-12 02:51:29: From /opt/python-3.6-packages/keras/2.2.4/keras/optimizers.py:790: The name tf.train.Optimizer is deprecated. Please use tf.compat.v1.train.Optimizer instead.

WARNING : 2020-03-12 02:51:29: From /opt/python-3.6-packages/tensorflow-gpu/1.14.0/tensorflow/python/ops/nn_impl.py:180: add_dispatch_support.<locals>.wrapper (from tensorflow.python.ops.array_ops) is deprecated and will be removed in a future version.
Instructions for updating:
Use tf.where in 2.0, which has the same broadcast rule as np.where
INFO    : 2020-03-12 02:51:29: Setting class weights [0.58474576 3.45      ]
INFO    : 2020-03-12 02:51:29: Start training
INFO    : 2020-03-12 02:53:54: Finish training
INFO    : 2020-03-12 02:53:54: Finish savining model
INFO    : 2020-03-12 02:53:54: Patch threshold: 0.11497944593429565
INFO    : 2020-03-12 02:53:57: Patient threshold: 0.5
